Warning: Could not load cuda module.
========================================
ACE Baselines Experiment
========================================
Job ID: 22841446
Node: c3gpu-a9-u29-1.rc.int.colorado.edu
Started: Fri Jan 16 08:35:34 MST 2026
Output: results/paper_20260116_083515/baselines
Episodes: 100
Fri Jan 16 08:35:34 2026       
+-----------------------------------------------------------------------------------------+
| NVIDIA-SMI 570.124.06             Driver Version: 570.124.06     CUDA Version: 12.8     |
|-----------------------------------------+------------------------+----------------------+
| GPU  Name                 Persistence-M | Bus-Id          Disp.A | Volatile Uncorr. ECC |
| Fan  Temp   Perf          Pwr:Usage/Cap |           Memory-Usage | GPU-Util  Compute M. |
|                                         |                        |               MIG M. |
|=========================================+========================+======================|
|   0  NVIDIA A100 80GB PCIe          On  |   00000000:81:00.0 Off |                    0 |
| N/A   28C    P0             42W /  300W |       1MiB /  81920MiB |      0%      Default |
|                                         |                        |             Disabled |
+-----------------------------------------+------------------------+----------------------+
                                                                                         
+-----------------------------------------------------------------------------------------+
| Processes:                                                                              |
|  GPU   GI   CI              PID   Type   Process name                        GPU Memory |
|        ID   ID                                                               Usage      |
|=========================================================================================|
|  No running processes found                                                             |
+-----------------------------------------------------------------------------------------+
========================================


======================================================================
BASELINE COMPARISON SUMMARY
======================================================================

--- Random ---
  Final Total Loss: 2.0538 ± 0.0639
  X1: 0.8641 ✗
  X2: 0.0123 ✓
  X3: 0.0902 ✓
  X4: 1.0717 ✗
  X5: 0.0155 ✓
  Intervention Distribution:
    X2: 21.1%
    X5: 20.5%
    X4: 20.0%
    X1: 19.6%
    X3: 18.9%

--- Round-Robin ---
  Final Total Loss: 2.3641 ± 0.0577
  X1: 1.2164 ✗
  X2: 0.0124 ✓
  X3: 0.1190 ✓
  X4: 1.0031 ✗
  X5: 0.0131 ✓
  Intervention Distribution:
    X1: 20.0%
    X4: 20.0%
    X2: 20.0%
    X5: 20.0%
    X3: 20.0%

--- Max-Variance ---
  Final Total Loss: 2.2650 ± 0.0588
  X1: 1.0775 ✗
  X2: 0.0117 ✓
  X3: 0.0883 ✓
  X4: 1.0713 ✗
  X5: 0.0161 ✓
  Intervention Distribution:
    X4: 21.1%
    X3: 20.2%
    X5: 20.0%
    X2: 19.6%
    X1: 19.1%

--- PPO ---
  Final Total Loss: 2.1394 ± 0.1193
  X1: 0.9492 ✗
  X2: 0.0133 ✓
  X3: 0.1445 ✓
  X4: 1.0185 ✗
  X5: 0.0140 ✓
  Intervention Distribution:
    X1: 37.7%
    X2: 35.0%
    X5: 13.5%
    X4: 9.7%
    X3: 4.2%

======================================================================

========================================
Baselines Complete
========================================
Finished: Fri Jan 16 09:00:38 MST 2026
Results: results/paper_20260116_083515/baselines
