Warning: Could not load cuda module.
========================================
Phillips Curve Experiment
========================================
Job ID: 22841448
Node: c3gpu-c2-u11.rc.int.colorado.edu
Started: Fri Jan 16 08:35:34 MST 2026
Output: results/paper_20260116_083515/phillips
Episodes: 100
Fri Jan 16 08:35:34 2026       
+-----------------------------------------------------------------------------------------+
| NVIDIA-SMI 570.124.06             Driver Version: 570.124.06     CUDA Version: 12.8     |
|-----------------------------------------+------------------------+----------------------+
| GPU  Name                 Persistence-M | Bus-Id          Disp.A | Volatile Uncorr. ECC |
| Fan  Temp   Perf          Pwr:Usage/Cap |           Memory-Usage | GPU-Util  Compute M. |
|                                         |                        |               MIG M. |
|=========================================+========================+======================|
|   0  NVIDIA A100-PCIE-40GB          On  |   00000000:E2:00.0 Off |                    0 |
| N/A   26C    P0             32W /  250W |       1MiB /  40960MiB |      0%      Default |
|                                         |                        |             Disabled |
+-----------------------------------------+------------------------+----------------------+
                                                                                         
+-----------------------------------------------------------------------------------------+
| Processes:                                                                              |
|  GPU   GI   CI              PID   Type   Process name                        GPU Memory |
|        ID   ID                                                               Usage      |
|=========================================================================================|
|  No running processes found                                                             |
+-----------------------------------------------------------------------------------------+
========================================


========================================
Phillips Curve Complete
========================================
Finished: Fri Jan 16 08:36:10 MST 2026
Results: results/paper_20260116_083515/phillips
