Lmod has detected the following error: The following module(s) are unknown:
"cuda"

Please check the spelling or version number. Also try "module spider ..."
It is also possible your cache file is out-of-date; it may help to try:
  $ module --ignore_cache load "cuda"

Also make sure that all modulefiles written in TCL start with the string
#%Module



WARNING:root:ABLATION: Diversity reward disabled (weight=0)
WARNING:root:ABLATION: Early stopping disabled (will run full episodes)
WARNING:root:  [WARNING] Large KL divergence from reference - consider updating reference policy
  [WARNING] Large KL divergence from reference - consider updating reference policy
WARNING:root:  [WARNING] Large KL divergence from reference - consider updating reference policy
  [WARNING] Large KL divergence from reference - consider updating reference policy
WARNING:root:  [WARNING] Large KL divergence from reference - consider updating reference policy
  [WARNING] Large KL divergence from reference - consider updating reference policy
WARNING:root:  [WARNING] Large KL divergence from reference - consider updating reference policy
  [WARNING] Large KL divergence from reference - consider updating reference policy
WARNING:root:  [WARNING] Large KL divergence from reference - consider updating reference policy
  [WARNING] Large KL divergence from reference - consider updating reference policy
WARNING:root:  [WARNING] Large KL divergence from reference - consider updating reference policy
  [WARNING] Large KL divergence from reference - consider updating reference policy
WARNING:root:  [WARNING] Large KL divergence from reference - consider updating reference policy
  [WARNING] Large KL divergence from reference - consider updating reference policy
WARNING:root:  [WARNING] Large KL divergence from reference - consider updating reference policy
  [WARNING] Large KL divergence from reference - consider updating reference policy
WARNING:root:  [WARNING] Large KL divergence from reference - consider updating reference policy
  [WARNING] Large KL divergence from reference - consider updating reference policy
