==============================================
Verified Ablation: no_convergence
Job ID: 23566469
Started: Sat Feb  7 01:49:41 MST 2026
==============================================
Warning: Could not load cuda module.
Python: /projects/paco0228/miniconda3/envs/ace/bin/python
Conda env: ace

Ablation type: no_convergence
Flags: --no_per_node_convergence

Scratch dir: /scratch/local/23566469/ablations_no_convergence_20260207_014943
Final output: results/ablations_verified_20260207_014943

========================================
Running no_convergence seed 42
========================================
[STARTUP] ACE Experiment starting
[STARTUP] Device: cuda
[STARTUP] Run directory: /scratch/local/23566469/ablations_no_convergence_20260207_014943/no_convergence/seed_42/run_20260207_015224_seed42
[STARTUP] Custom policy: False
[STARTUP] Pretrain steps: 200
[STARTUP] Creating ground truth SCM...
[STARTUP] Environment setup complete
[STARTUP] Loading HuggingFace model (this may take 2-5 minutes)...
[STARTUP] HuggingFace model loaded successfully
[PROGRESS] Episode 0/100 starting
[PROGRESS] Episode 5/100 starting
[PROGRESS] Episode 10/100 starting
[PROGRESS] Episode 15/100 starting
[PROGRESS] Episode 20/100 starting
[PROGRESS] Episode 25/100 starting
[PROGRESS] Episode 30/100 starting
[PROGRESS] Episode 35/100 starting
[PROGRESS] Episode 40/100 starting
[PROGRESS] Episode 45/100 starting
[PROGRESS] Episode 50/100 starting
[PROGRESS] Episode 55/100 starting
[PROGRESS] Episode 60/100 starting
[PROGRESS] Episode 65/100 starting
[PROGRESS] Episode 70/100 starting
[PROGRESS] Episode 75/100 starting
[PROGRESS] Episode 80/100 starting
[PROGRESS] Episode 85/100 starting
[PROGRESS] Episode 90/100 starting
[PROGRESS] Episode 95/100 starting
  ✓ Completed no_convergence seed 42
    Final loss: 0.4975805008783937
    Saved to: results/ablations_verified_20260207_014943/no_convergence/seed_42

========================================
Running no_convergence seed 123
========================================
[STARTUP] ACE Experiment starting
[STARTUP] Device: cuda
[STARTUP] Run directory: /scratch/local/23566469/ablations_no_convergence_20260207_014943/no_convergence/seed_123/run_20260207_070452_seed123
[STARTUP] Custom policy: False
[STARTUP] Pretrain steps: 200
[STARTUP] Creating ground truth SCM...
[STARTUP] Environment setup complete
[STARTUP] Loading HuggingFace model (this may take 2-5 minutes)...
[STARTUP] HuggingFace model loaded successfully
[PROGRESS] Episode 0/100 starting
[PROGRESS] Episode 5/100 starting
[PROGRESS] Episode 10/100 starting
[PROGRESS] Episode 15/100 starting
[PROGRESS] Episode 20/100 starting
[PROGRESS] Episode 25/100 starting
[PROGRESS] Episode 30/100 starting
[PROGRESS] Episode 35/100 starting
[PROGRESS] Episode 40/100 starting
[PROGRESS] Episode 45/100 starting
[PROGRESS] Episode 50/100 starting
[PROGRESS] Episode 55/100 starting
[PROGRESS] Episode 60/100 starting
[PROGRESS] Episode 65/100 starting
[PROGRESS] Episode 70/100 starting
[PROGRESS] Episode 75/100 starting
[PROGRESS] Episode 80/100 starting
[PROGRESS] Episode 85/100 starting
[PROGRESS] Episode 90/100 starting
[PROGRESS] Episode 95/100 starting
  ✓ Completed no_convergence seed 123
    Final loss: 0.7051437959074974
    Saved to: results/ablations_verified_20260207_014943/no_convergence/seed_123

========================================
Running no_convergence seed 456
========================================
[STARTUP] ACE Experiment starting
[STARTUP] Device: cuda
[STARTUP] Run directory: /scratch/local/23566469/ablations_no_convergence_20260207_014943/no_convergence/seed_456/run_20260207_120149_seed456
[STARTUP] Custom policy: False
[STARTUP] Pretrain steps: 200
[STARTUP] Creating ground truth SCM...
[STARTUP] Environment setup complete
[STARTUP] Loading HuggingFace model (this may take 2-5 minutes)...
[STARTUP] HuggingFace model loaded successfully
[PROGRESS] Episode 0/100 starting
[PROGRESS] Episode 5/100 starting
[PROGRESS] Episode 10/100 starting
[PROGRESS] Episode 15/100 starting
[PROGRESS] Episode 20/100 starting
[PROGRESS] Episode 25/100 starting
[PROGRESS] Episode 30/100 starting
[PROGRESS] Episode 35/100 starting
[PROGRESS] Episode 40/100 starting
[PROGRESS] Episode 45/100 starting
[PROGRESS] Episode 50/100 starting
[PROGRESS] Episode 55/100 starting
[PROGRESS] Episode 60/100 starting
[PROGRESS] Episode 65/100 starting
[PROGRESS] Episode 70/100 starting
[PROGRESS] Episode 75/100 starting
[PROGRESS] Episode 80/100 starting
[PROGRESS] Episode 85/100 starting
[PROGRESS] Episode 90/100 starting
[PROGRESS] Episode 95/100 starting
  ✓ Completed no_convergence seed 456
    Final loss: 0.5129205906763673
    Saved to: results/ablations_verified_20260207_014943/no_convergence/seed_456

==============================================
Copying all results from scratch to projects...
Cleaning scratch directory...
==============================================
All seeds complete for no_convergence
Completed: Sat Feb  7 17:19:12 MST 2026
Results: results/ablations_verified_20260207_014943
==============================================
