==============================================
Verified Ablation: no_root_learner
Job ID: 23566470
Started: Sat Feb  7 13:14:40 MST 2026
==============================================
Warning: Could not load cuda module.
Python: /projects/paco0228/miniconda3/envs/ace/bin/python
Conda env: ace

Ablation type: no_root_learner
Flags: --no_dedicated_root_learner

Scratch dir: /scratch/local/23566470/ablations_no_root_learner_20260207_131441
Final output: results/ablations_verified_20260207_131441

========================================
Running no_root_learner seed 42
========================================
[STARTUP] ACE Experiment starting
[STARTUP] Device: cuda
[STARTUP] Run directory: /scratch/local/23566470/ablations_no_root_learner_20260207_131441/no_root_learner/seed_42/run_20260207_131502_seed42
[STARTUP] Custom policy: False
[STARTUP] Pretrain steps: 200
[STARTUP] Creating ground truth SCM...
[STARTUP] Environment setup complete
[STARTUP] Loading HuggingFace model (this may take 2-5 minutes)...
[STARTUP] HuggingFace model loaded successfully
[PROGRESS] Episode 0/100 starting
[PROGRESS] Episode 5/100 starting
[PROGRESS] Episode 10/100 starting
[PROGRESS] Episode 15/100 starting
[PROGRESS] Episode 20/100 starting
[PROGRESS] Episode 25/100 starting
[PROGRESS] Episode 30/100 starting
[PROGRESS] Episode 35/100 starting
[PROGRESS] Episode 40/100 starting
[PROGRESS] Episode 45/100 starting
[PROGRESS] Episode 50/100 starting
[PROGRESS] Episode 55/100 starting
[PROGRESS] Episode 60/100 starting
[PROGRESS] Episode 65/100 starting
[PROGRESS] Episode 70/100 starting
[PROGRESS] Episode 75/100 starting
[PROGRESS] Episode 80/100 starting
[PROGRESS] Episode 85/100 starting
[PROGRESS] Episode 90/100 starting
[PROGRESS] Episode 95/100 starting
  ✓ Completed no_root_learner seed 42
    Final loss: 0.4975805008783937
    Saved to: results/ablations_verified_20260207_131441/no_root_learner/seed_42

========================================
Running no_root_learner seed 123
========================================
[STARTUP] ACE Experiment starting
[STARTUP] Device: cuda
[STARTUP] Run directory: /scratch/local/23566470/ablations_no_root_learner_20260207_131441/no_root_learner/seed_123/run_20260207_172941_seed123
[STARTUP] Custom policy: False
[STARTUP] Pretrain steps: 200
[STARTUP] Creating ground truth SCM...
[STARTUP] Environment setup complete
[STARTUP] Loading HuggingFace model (this may take 2-5 minutes)...
[STARTUP] HuggingFace model loaded successfully
[PROGRESS] Episode 0/100 starting
[PROGRESS] Episode 5/100 starting
[PROGRESS] Episode 10/100 starting
[PROGRESS] Episode 15/100 starting
[PROGRESS] Episode 20/100 starting
[PROGRESS] Episode 25/100 starting
[PROGRESS] Episode 30/100 starting
[PROGRESS] Episode 35/100 starting
[PROGRESS] Episode 40/100 starting
[PROGRESS] Episode 45/100 starting
[PROGRESS] Episode 50/100 starting
[PROGRESS] Episode 55/100 starting
[PROGRESS] Episode 60/100 starting
[PROGRESS] Episode 65/100 starting
[PROGRESS] Episode 70/100 starting
[PROGRESS] Episode 75/100 starting
[PROGRESS] Episode 80/100 starting
[PROGRESS] Episode 85/100 starting
[PROGRESS] Episode 90/100 starting
[PROGRESS] Episode 95/100 starting
  ✓ Completed no_root_learner seed 123
    Final loss: 0.7051437959074974
    Saved to: results/ablations_verified_20260207_131441/no_root_learner/seed_123

========================================
Running no_root_learner seed 456
========================================
[STARTUP] ACE Experiment starting
[STARTUP] Device: cuda
[STARTUP] Run directory: /scratch/local/23566470/ablations_no_root_learner_20260207_131441/no_root_learner/seed_456/run_20260207_214121_seed456
[STARTUP] Custom policy: False
[STARTUP] Pretrain steps: 200
[STARTUP] Creating ground truth SCM...
[STARTUP] Environment setup complete
[STARTUP] Loading HuggingFace model (this may take 2-5 minutes)...
[STARTUP] HuggingFace model loaded successfully
[PROGRESS] Episode 0/100 starting
[PROGRESS] Episode 5/100 starting
[PROGRESS] Episode 10/100 starting
[PROGRESS] Episode 15/100 starting
[PROGRESS] Episode 20/100 starting
[PROGRESS] Episode 25/100 starting
[PROGRESS] Episode 30/100 starting
[PROGRESS] Episode 35/100 starting
[PROGRESS] Episode 40/100 starting
[PROGRESS] Episode 45/100 starting
[PROGRESS] Episode 50/100 starting
[PROGRESS] Episode 55/100 starting
[PROGRESS] Episode 60/100 starting
[PROGRESS] Episode 65/100 starting
[PROGRESS] Episode 70/100 starting
[PROGRESS] Episode 75/100 starting
[PROGRESS] Episode 80/100 starting
[PROGRESS] Episode 85/100 starting
[PROGRESS] Episode 90/100 starting
[PROGRESS] Episode 95/100 starting
  ✓ Completed no_root_learner seed 456
    Final loss: 0.5129205906763673
    Saved to: results/ablations_verified_20260207_131441/no_root_learner/seed_456

==============================================
Copying all results from scratch to projects...
Cleaning scratch directory...
==============================================
All seeds complete for no_root_learner
Completed: Sun Feb  8 01:58:37 MST 2026
Results: results/ablations_verified_20260207_131441
==============================================
