==============================================
Verified Ablation: no_convergence
Job ID: 23495005
Started: Mon Feb  2 18:19:02 MST 2026
==============================================
Warning: Could not load cuda module.
Python: /projects/paco0228/miniconda3/envs/ace/bin/python
Conda env: ace

Ablation type: no_convergence
Flags: --custom --no_per_node_convergence

========================================
Running no_convergence seed 42
========================================
[STARTUP] ACE Experiment starting
[STARTUP] Device: cuda
[STARTUP] Run directory: results/ablations_verified_20260202_181904/no_convergence/seed_42/run_20260202_182319_seed42
[STARTUP] Custom policy: True
[STARTUP] Pretrain steps: 200
[STARTUP] Creating ground truth SCM...
[STARTUP] Environment setup complete
[STARTUP] Creating custom transformer policy...
[STARTUP] Custom transformer created
[PROGRESS] Episode 0/100 starting
[PROGRESS] Episode 5/100 starting
[PROGRESS] Episode 10/100 starting
[PROGRESS] Episode 15/100 starting
[PROGRESS] Episode 20/100 starting
[PROGRESS] Episode 25/100 starting
[PROGRESS] Episode 30/100 starting
[PROGRESS] Episode 35/100 starting
[PROGRESS] Episode 40/100 starting
[PROGRESS] Episode 45/100 starting
[PROGRESS] Episode 50/100 starting
[PROGRESS] Episode 55/100 starting
[PROGRESS] Episode 60/100 starting
[PROGRESS] Episode 65/100 starting
[PROGRESS] Episode 70/100 starting
[PROGRESS] Episode 75/100 starting
[PROGRESS] Episode 80/100 starting
[PROGRESS] Episode 85/100 starting
[PROGRESS] Episode 90/100 starting
[PROGRESS] Episode 95/100 starting
  ✓ Completed no_convergence seed 42

========================================
Running no_convergence seed 123
========================================
[STARTUP] ACE Experiment starting
[STARTUP] Device: cuda
[STARTUP] Run directory: results/ablations_verified_20260202_181904/no_convergence/seed_123/run_20260202_184540_seed123
[STARTUP] Custom policy: True
[STARTUP] Pretrain steps: 200
[STARTUP] Creating ground truth SCM...
[STARTUP] Environment setup complete
[STARTUP] Creating custom transformer policy...
[STARTUP] Custom transformer created
[PROGRESS] Episode 0/100 starting
[PROGRESS] Episode 5/100 starting
[PROGRESS] Episode 10/100 starting
[PROGRESS] Episode 15/100 starting
[PROGRESS] Episode 20/100 starting
[PROGRESS] Episode 25/100 starting
[PROGRESS] Episode 30/100 starting
[PROGRESS] Episode 35/100 starting
[PROGRESS] Episode 40/100 starting
[PROGRESS] Episode 45/100 starting
[PROGRESS] Episode 50/100 starting
[PROGRESS] Episode 55/100 starting
[PROGRESS] Episode 60/100 starting
[PROGRESS] Episode 65/100 starting
[PROGRESS] Episode 70/100 starting
[PROGRESS] Episode 75/100 starting
[PROGRESS] Episode 80/100 starting
[PROGRESS] Episode 85/100 starting
[PROGRESS] Episode 90/100 starting
[PROGRESS] Episode 95/100 starting
  ✓ Completed no_convergence seed 123

========================================
Running no_convergence seed 456
========================================
[STARTUP] ACE Experiment starting
[STARTUP] Device: cuda
[STARTUP] Run directory: results/ablations_verified_20260202_181904/no_convergence/seed_456/run_20260202_190809_seed456
[STARTUP] Custom policy: True
[STARTUP] Pretrain steps: 200
[STARTUP] Creating ground truth SCM...
[STARTUP] Environment setup complete
[STARTUP] Creating custom transformer policy...
[STARTUP] Custom transformer created
[PROGRESS] Episode 0/100 starting
[PROGRESS] Episode 5/100 starting
[PROGRESS] Episode 10/100 starting
[PROGRESS] Episode 15/100 starting
[PROGRESS] Episode 20/100 starting
[PROGRESS] Episode 25/100 starting
[PROGRESS] Episode 30/100 starting
[PROGRESS] Episode 35/100 starting
[PROGRESS] Episode 40/100 starting
[PROGRESS] Episode 45/100 starting
[PROGRESS] Episode 50/100 starting
[PROGRESS] Episode 55/100 starting
[PROGRESS] Episode 60/100 starting
[PROGRESS] Episode 65/100 starting
[PROGRESS] Episode 70/100 starting
[PROGRESS] Episode 75/100 starting
[PROGRESS] Episode 80/100 starting
[PROGRESS] Episode 85/100 starting
[PROGRESS] Episode 90/100 starting
[PROGRESS] Episode 95/100 starting
  ✓ Completed no_convergence seed 456

==============================================
All seeds complete for no_convergence
Completed: Mon Feb  2 19:33:35 MST 2026
Results: results/ablations_verified_20260202_181904
==============================================
