==============================================
Verified Ablation: no_diversity
Job ID: 23566471
Started: Sun Feb  8 01:49:13 MST 2026
==============================================
Warning: Could not load cuda module.
Python: /projects/paco0228/miniconda3/envs/ace/bin/python
Conda env: ace

Ablation type: no_diversity
Flags: --no_diversity_reward

Scratch dir: /scratch/local/23566471/ablations_no_diversity_20260208_014915
Final output: results/ablations_verified_20260208_014915

========================================
Running no_diversity seed 42
========================================
[STARTUP] ACE Experiment starting
[STARTUP] Device: cuda
[STARTUP] Run directory: /scratch/local/23566471/ablations_no_diversity_20260208_014915/no_diversity/seed_42/run_20260208_015014_seed42
[STARTUP] Custom policy: False
[STARTUP] Pretrain steps: 200
[STARTUP] Creating ground truth SCM...
[STARTUP] Environment setup complete
[STARTUP] Loading HuggingFace model (this may take 2-5 minutes)...
[STARTUP] HuggingFace model loaded successfully
[PROGRESS] Episode 0/100 starting
[PROGRESS] Episode 5/100 starting
[PROGRESS] Episode 10/100 starting
[PROGRESS] Episode 15/100 starting
[PROGRESS] Episode 20/100 starting
[PROGRESS] Episode 25/100 starting
[PROGRESS] Episode 30/100 starting
[PROGRESS] Episode 35/100 starting
[PROGRESS] Episode 40/100 starting
[PROGRESS] Episode 45/100 starting
[PROGRESS] Episode 50/100 starting
