==============================================
Verified Ablation: no_diversity
Job ID: 23495007
Started: Mon Feb  2 20:56:18 MST 2026
==============================================
Warning: Could not load cuda module.
Python: /projects/paco0228/miniconda3/envs/ace/bin/python
Conda env: ace

Ablation type: no_diversity
Flags: --custom --no_diversity_reward

========================================
Running no_diversity seed 42
========================================
[STARTUP] ACE Experiment starting
[STARTUP] Device: cuda
[STARTUP] Run directory: results/ablations_verified_20260202_205620/no_diversity/seed_42/run_20260202_205732_seed42
[STARTUP] Custom policy: True
[STARTUP] Pretrain steps: 200
[STARTUP] Creating ground truth SCM...
[STARTUP] Environment setup complete
[STARTUP] Creating custom transformer policy...
[STARTUP] Custom transformer created
[PROGRESS] Episode 0/100 starting
[PROGRESS] Episode 5/100 starting
[PROGRESS] Episode 10/100 starting
[PROGRESS] Episode 15/100 starting
[PROGRESS] Episode 20/100 starting
[PROGRESS] Episode 25/100 starting
[PROGRESS] Episode 30/100 starting
[PROGRESS] Episode 35/100 starting
[PROGRESS] Episode 40/100 starting
[PROGRESS] Episode 45/100 starting
[PROGRESS] Episode 50/100 starting
[PROGRESS] Episode 55/100 starting
[PROGRESS] Episode 60/100 starting
[PROGRESS] Episode 65/100 starting
[PROGRESS] Episode 70/100 starting
[PROGRESS] Episode 75/100 starting
[PROGRESS] Episode 80/100 starting
[PROGRESS] Episode 85/100 starting
[PROGRESS] Episode 90/100 starting
[PROGRESS] Episode 95/100 starting
  ✓ Completed no_diversity seed 42

========================================
Running no_diversity seed 123
========================================
[STARTUP] ACE Experiment starting
[STARTUP] Device: cuda
[STARTUP] Run directory: results/ablations_verified_20260202_205620/no_diversity/seed_123/run_20260202_211931_seed123
[STARTUP] Custom policy: True
[STARTUP] Pretrain steps: 200
[STARTUP] Creating ground truth SCM...
[STARTUP] Environment setup complete
[STARTUP] Creating custom transformer policy...
[STARTUP] Custom transformer created
[PROGRESS] Episode 0/100 starting
[PROGRESS] Episode 5/100 starting
[PROGRESS] Episode 10/100 starting
[PROGRESS] Episode 15/100 starting
[PROGRESS] Episode 20/100 starting
[PROGRESS] Episode 25/100 starting
[PROGRESS] Episode 30/100 starting
[PROGRESS] Episode 35/100 starting
[PROGRESS] Episode 40/100 starting
[PROGRESS] Episode 45/100 starting
[PROGRESS] Episode 50/100 starting
[PROGRESS] Episode 55/100 starting
[PROGRESS] Episode 60/100 starting
[PROGRESS] Episode 65/100 starting
[PROGRESS] Episode 70/100 starting
[PROGRESS] Episode 75/100 starting
[PROGRESS] Episode 80/100 starting
[PROGRESS] Episode 85/100 starting
[PROGRESS] Episode 90/100 starting
[PROGRESS] Episode 95/100 starting
  ✓ Completed no_diversity seed 123

========================================
Running no_diversity seed 456
========================================
[STARTUP] ACE Experiment starting
[STARTUP] Device: cuda
[STARTUP] Run directory: results/ablations_verified_20260202_205620/no_diversity/seed_456/run_20260202_214229_seed456
[STARTUP] Custom policy: True
[STARTUP] Pretrain steps: 200
[STARTUP] Creating ground truth SCM...
[STARTUP] Environment setup complete
[STARTUP] Creating custom transformer policy...
[STARTUP] Custom transformer created
[PROGRESS] Episode 0/100 starting
[PROGRESS] Episode 5/100 starting
[PROGRESS] Episode 10/100 starting
[PROGRESS] Episode 15/100 starting
[PROGRESS] Episode 20/100 starting
[PROGRESS] Episode 25/100 starting
[PROGRESS] Episode 30/100 starting
[PROGRESS] Episode 35/100 starting
[PROGRESS] Episode 40/100 starting
[PROGRESS] Episode 45/100 starting
[PROGRESS] Episode 50/100 starting
[PROGRESS] Episode 55/100 starting
[PROGRESS] Episode 60/100 starting
[PROGRESS] Episode 65/100 starting
[PROGRESS] Episode 70/100 starting
[PROGRESS] Episode 75/100 starting
[PROGRESS] Episode 80/100 starting
[PROGRESS] Episode 85/100 starting
[PROGRESS] Episode 90/100 starting
[PROGRESS] Episode 95/100 starting
  ✓ Completed no_diversity seed 456

==============================================
All seeds complete for no_diversity
Completed: Mon Feb  2 22:06:25 MST 2026
Results: results/ablations_verified_20260202_205620
==============================================
