==============================================
ACE without Oracle Pretraining (N=5 seeds)
Job ID: 23495008
Started: Mon Feb  2 20:56:06 MST 2026
==============================================
Warning: Could not load cuda module.

==========================================
ACE No Oracle - Seed 42
==========================================
[STARTUP] ACE Experiment starting
[STARTUP] Device: cuda
[STARTUP] Run directory: results/ace_no_oracle/seed_42/run_20260202_205732_seed42
[STARTUP] Custom policy: True
[STARTUP] Pretrain steps: 0
[STARTUP] Creating ground truth SCM...
[STARTUP] Environment setup complete
[STARTUP] Creating custom transformer policy...
[STARTUP] Custom transformer created
[PROGRESS] Episode 0/200 starting
[PROGRESS] Episode 5/200 starting
[PROGRESS] Episode 10/200 starting
[PROGRESS] Episode 15/200 starting
[PROGRESS] Episode 20/200 starting
[PROGRESS] Episode 25/200 starting
[PROGRESS] Episode 30/200 starting
[PROGRESS] Episode 35/200 starting
[PROGRESS] Episode 40/200 starting
[PROGRESS] Episode 45/200 starting
[PROGRESS] Episode 50/200 starting
[PROGRESS] Episode 55/200 starting
[PROGRESS] Episode 60/200 starting
[PROGRESS] Episode 65/200 starting
[PROGRESS] Episode 70/200 starting
[PROGRESS] Episode 75/200 starting
[PROGRESS] Episode 80/200 starting
[PROGRESS] Episode 85/200 starting
[PROGRESS] Episode 90/200 starting
[PROGRESS] Episode 95/200 starting
[PROGRESS] Episode 100/200 starting
[PROGRESS] Episode 105/200 starting
[PROGRESS] Episode 110/200 starting
[PROGRESS] Episode 115/200 starting
[PROGRESS] Episode 120/200 starting
[PROGRESS] Episode 125/200 starting
[PROGRESS] Episode 130/200 starting
[PROGRESS] Episode 135/200 starting
[PROGRESS] Episode 140/200 starting
[PROGRESS] Episode 145/200 starting
[PROGRESS] Episode 150/200 starting
[PROGRESS] Episode 155/200 starting
[PROGRESS] Episode 160/200 starting
[PROGRESS] Episode 165/200 starting
[PROGRESS] Episode 170/200 starting
[PROGRESS] Episode 175/200 starting
[PROGRESS] Episode 180/200 starting
[PROGRESS] Episode 185/200 starting
[PROGRESS] Episode 190/200 starting
[PROGRESS] Episode 195/200 starting
  ✓ Seed 42 complete


==========================================
ACE No Oracle - Seed 123
==========================================
[STARTUP] ACE Experiment starting
[STARTUP] Device: cuda
[STARTUP] Run directory: results/ace_no_oracle/seed_123/run_20260202_214514_seed123
[STARTUP] Custom policy: True
[STARTUP] Pretrain steps: 0
[STARTUP] Creating ground truth SCM...
[STARTUP] Environment setup complete
[STARTUP] Creating custom transformer policy...
[STARTUP] Custom transformer created
[PROGRESS] Episode 0/200 starting
[PROGRESS] Episode 5/200 starting
[PROGRESS] Episode 10/200 starting
[PROGRESS] Episode 15/200 starting
[PROGRESS] Episode 20/200 starting
[PROGRESS] Episode 25/200 starting
[PROGRESS] Episode 30/200 starting
[PROGRESS] Episode 35/200 starting
[PROGRESS] Episode 40/200 starting
[PROGRESS] Episode 45/200 starting
[PROGRESS] Episode 50/200 starting
[PROGRESS] Episode 55/200 starting
[PROGRESS] Episode 60/200 starting
[PROGRESS] Episode 65/200 starting
[PROGRESS] Episode 70/200 starting
[PROGRESS] Episode 75/200 starting
[PROGRESS] Episode 80/200 starting
[PROGRESS] Episode 85/200 starting
[PROGRESS] Episode 90/200 starting
[PROGRESS] Episode 95/200 starting
[PROGRESS] Episode 100/200 starting
[PROGRESS] Episode 105/200 starting
[PROGRESS] Episode 110/200 starting
[PROGRESS] Episode 115/200 starting
[PROGRESS] Episode 120/200 starting
[PROGRESS] Episode 125/200 starting
[PROGRESS] Episode 130/200 starting
[PROGRESS] Episode 135/200 starting
[PROGRESS] Episode 140/200 starting
[PROGRESS] Episode 145/200 starting
[PROGRESS] Episode 150/200 starting
[PROGRESS] Episode 155/200 starting
[PROGRESS] Episode 160/200 starting
[PROGRESS] Episode 165/200 starting
[PROGRESS] Episode 170/200 starting
[PROGRESS] Episode 175/200 starting
[PROGRESS] Episode 180/200 starting
[PROGRESS] Episode 185/200 starting
[PROGRESS] Episode 190/200 starting
[PROGRESS] Episode 195/200 starting
  ✓ Seed 123 complete


==========================================
ACE No Oracle - Seed 456
==========================================
[STARTUP] ACE Experiment starting
[STARTUP] Device: cuda
[STARTUP] Run directory: results/ace_no_oracle/seed_456/run_20260202_223251_seed456
[STARTUP] Custom policy: True
[STARTUP] Pretrain steps: 0
[STARTUP] Creating ground truth SCM...
[STARTUP] Environment setup complete
[STARTUP] Creating custom transformer policy...
[STARTUP] Custom transformer created
[PROGRESS] Episode 0/200 starting
[PROGRESS] Episode 5/200 starting
[PROGRESS] Episode 10/200 starting
[PROGRESS] Episode 15/200 starting
[PROGRESS] Episode 20/200 starting
[PROGRESS] Episode 25/200 starting
[PROGRESS] Episode 30/200 starting
[PROGRESS] Episode 35/200 starting
[PROGRESS] Episode 40/200 starting
[PROGRESS] Episode 45/200 starting
[PROGRESS] Episode 50/200 starting
[PROGRESS] Episode 55/200 starting
[PROGRESS] Episode 60/200 starting
[PROGRESS] Episode 65/200 starting
[PROGRESS] Episode 70/200 starting
[PROGRESS] Episode 75/200 starting
[PROGRESS] Episode 80/200 starting
[PROGRESS] Episode 85/200 starting
[PROGRESS] Episode 90/200 starting
[PROGRESS] Episode 95/200 starting
[PROGRESS] Episode 100/200 starting
[PROGRESS] Episode 105/200 starting
[PROGRESS] Episode 110/200 starting
[PROGRESS] Episode 115/200 starting
[PROGRESS] Episode 120/200 starting
[PROGRESS] Episode 125/200 starting
[PROGRESS] Episode 130/200 starting
[PROGRESS] Episode 135/200 starting
[PROGRESS] Episode 140/200 starting
[PROGRESS] Episode 145/200 starting
[PROGRESS] Episode 150/200 starting
[PROGRESS] Episode 155/200 starting
[PROGRESS] Episode 160/200 starting
[PROGRESS] Episode 165/200 starting
[PROGRESS] Episode 170/200 starting
[PROGRESS] Episode 175/200 starting
[PROGRESS] Episode 180/200 starting
[PROGRESS] Episode 185/200 starting
[PROGRESS] Episode 190/200 starting
[PROGRESS] Episode 195/200 starting
  ✓ Seed 456 complete


==========================================
ACE No Oracle - Seed 789
==========================================
[STARTUP] ACE Experiment starting
[STARTUP] Device: cuda
[STARTUP] Run directory: results/ace_no_oracle/seed_789/run_20260202_232318_seed789
[STARTUP] Custom policy: True
[STARTUP] Pretrain steps: 0
[STARTUP] Creating ground truth SCM...
[STARTUP] Environment setup complete
[STARTUP] Creating custom transformer policy...
[STARTUP] Custom transformer created
[PROGRESS] Episode 0/200 starting
[PROGRESS] Episode 5/200 starting
[PROGRESS] Episode 10/200 starting
[PROGRESS] Episode 15/200 starting
[PROGRESS] Episode 20/200 starting
[PROGRESS] Episode 25/200 starting
[PROGRESS] Episode 30/200 starting
[PROGRESS] Episode 35/200 starting
[PROGRESS] Episode 40/200 starting
[PROGRESS] Episode 45/200 starting
[PROGRESS] Episode 50/200 starting
[PROGRESS] Episode 55/200 starting
[PROGRESS] Episode 60/200 starting
[PROGRESS] Episode 65/200 starting
[PROGRESS] Episode 70/200 starting
[PROGRESS] Episode 75/200 starting
[PROGRESS] Episode 80/200 starting
[PROGRESS] Episode 85/200 starting
[PROGRESS] Episode 90/200 starting
[PROGRESS] Episode 95/200 starting
[PROGRESS] Episode 100/200 starting
[PROGRESS] Episode 105/200 starting
[PROGRESS] Episode 110/200 starting
[PROGRESS] Episode 115/200 starting
[PROGRESS] Episode 120/200 starting
[PROGRESS] Episode 125/200 starting
[PROGRESS] Episode 130/200 starting
[PROGRESS] Episode 135/200 starting
[PROGRESS] Episode 140/200 starting
[PROGRESS] Episode 145/200 starting
[PROGRESS] Episode 150/200 starting
[PROGRESS] Episode 155/200 starting
[PROGRESS] Episode 160/200 starting
[PROGRESS] Episode 165/200 starting
[PROGRESS] Episode 170/200 starting
[PROGRESS] Episode 175/200 starting
[PROGRESS] Episode 180/200 starting
[PROGRESS] Episode 185/200 starting
[PROGRESS] Episode 190/200 starting
[PROGRESS] Episode 195/200 starting
  ✓ Seed 789 complete


==========================================
ACE No Oracle - Seed 1011
==========================================
[STARTUP] ACE Experiment starting
[STARTUP] Device: cuda
[STARTUP] Run directory: results/ace_no_oracle/seed_1011/run_20260203_001341_seed1011
[STARTUP] Custom policy: True
[STARTUP] Pretrain steps: 0
[STARTUP] Creating ground truth SCM...
[STARTUP] Environment setup complete
[STARTUP] Creating custom transformer policy...
[STARTUP] Custom transformer created
[PROGRESS] Episode 0/200 starting
[PROGRESS] Episode 5/200 starting
[PROGRESS] Episode 10/200 starting
[PROGRESS] Episode 15/200 starting
[PROGRESS] Episode 20/200 starting
[PROGRESS] Episode 25/200 starting
[PROGRESS] Episode 30/200 starting
[PROGRESS] Episode 35/200 starting
[PROGRESS] Episode 40/200 starting
[PROGRESS] Episode 45/200 starting
[PROGRESS] Episode 50/200 starting
[PROGRESS] Episode 55/200 starting
[PROGRESS] Episode 60/200 starting
[PROGRESS] Episode 65/200 starting
[PROGRESS] Episode 70/200 starting
[PROGRESS] Episode 75/200 starting
[PROGRESS] Episode 80/200 starting
[PROGRESS] Episode 85/200 starting
[PROGRESS] Episode 90/200 starting
[PROGRESS] Episode 95/200 starting
[PROGRESS] Episode 100/200 starting
[PROGRESS] Episode 105/200 starting
[PROGRESS] Episode 110/200 starting
[PROGRESS] Episode 115/200 starting
[PROGRESS] Episode 120/200 starting
[PROGRESS] Episode 125/200 starting
[PROGRESS] Episode 130/200 starting
[PROGRESS] Episode 135/200 starting
[PROGRESS] Episode 140/200 starting
[PROGRESS] Episode 145/200 starting
[PROGRESS] Episode 150/200 starting
[PROGRESS] Episode 155/200 starting
[PROGRESS] Episode 160/200 starting
[PROGRESS] Episode 165/200 starting
[PROGRESS] Episode 170/200 starting
[PROGRESS] Episode 175/200 starting
[PROGRESS] Episode 180/200 starting
[PROGRESS] Episode 185/200 starting
[PROGRESS] Episode 190/200 starting
[PROGRESS] Episode 195/200 starting
  ✓ Seed 1011 complete

==============================================
ACE No Oracle complete (all 5 seeds)
Completed: Tue Feb  3 01:02:11 MST 2026
Results: results/ace_no_oracle

Extract results:
  python scripts/compute_statistics.py results/ace_no_oracle
==============================================
