/projects/paco0228/miniconda3/envs/ace/lib/python3.10/site-packages/transformers/utils/hub.py:110: FutureWarning: Using `TRANSFORMERS_CACHE` is deprecated and will be removed in v5 of Transformers. Use `HF_HOME` instead.
  warnings.warn(
ERROR:root:Failed to save checkpoint: [Errno 2] No such file or directory: '/scratch/alpine/paco0228/ace_checkpoints/run_20260608_025255_seed1011/checkpoint.pt.tmp' -> '/scratch/alpine/paco0228/ace_checkpoints/run_20260608_025255_seed1011/checkpoint.pt'
Failed to save checkpoint: [Errno 2] No such file or directory: '/scratch/alpine/paco0228/ace_checkpoints/run_20260608_025255_seed1011/checkpoint.pt.tmp' -> '/scratch/alpine/paco0228/ace_checkpoints/run_20260608_025255_seed1011/checkpoint.pt'
ERROR:root:Failed to save checkpoint: [Errno 2] No such file or directory: '/scratch/alpine/paco0228/ace_checkpoints/run_20260608_025255_seed1011/checkpoint.pt.tmp' -> '/scratch/alpine/paco0228/ace_checkpoints/run_20260608_025255_seed1011/checkpoint.pt'
Failed to save checkpoint: [Errno 2] No such file or directory: '/scratch/alpine/paco0228/ace_checkpoints/run_20260608_025255_seed1011/checkpoint.pt.tmp' -> '/scratch/alpine/paco0228/ace_checkpoints/run_20260608_025255_seed1011/checkpoint.pt'
ERROR:root:Failed to save checkpoint: [Errno 2] No such file or directory: '/scratch/alpine/paco0228/ace_checkpoints/run_20260608_025255_seed1011/checkpoint.pt.tmp' -> '/scratch/alpine/paco0228/ace_checkpoints/run_20260608_025255_seed1011/checkpoint.pt'
Failed to save checkpoint: [Errno 2] No such file or directory: '/scratch/alpine/paco0228/ace_checkpoints/run_20260608_025255_seed1011/checkpoint.pt.tmp' -> '/scratch/alpine/paco0228/ace_checkpoints/run_20260608_025255_seed1011/checkpoint.pt'
ERROR:root:Failed to save checkpoint: [Errno 2] No such file or directory: '/scratch/alpine/paco0228/ace_checkpoints/run_20260608_025255_seed1011/checkpoint.pt.tmp' -> '/scratch/alpine/paco0228/ace_checkpoints/run_20260608_025255_seed1011/checkpoint.pt'
Failed to save checkpoint: [Errno 2] No such file or directory: '/scratch/alpine/paco0228/ace_checkpoints/run_20260608_025255_seed1011/checkpoint.pt.tmp' -> '/scratch/alpine/paco0228/ace_checkpoints/run_20260608_025255_seed1011/checkpoint.pt'
ERROR:root:Failed to save checkpoint: [Errno 2] No such file or directory: '/scratch/alpine/paco0228/ace_checkpoints/run_20260608_025255_seed1011/checkpoint.pt.tmp' -> '/scratch/alpine/paco0228/ace_checkpoints/run_20260608_025255_seed1011/checkpoint.pt'
Failed to save checkpoint: [Errno 2] No such file or directory: '/scratch/alpine/paco0228/ace_checkpoints/run_20260608_025255_seed1011/checkpoint.pt.tmp' -> '/scratch/alpine/paco0228/ace_checkpoints/run_20260608_025255_seed1011/checkpoint.pt'
ERROR:root:Failed to save checkpoint: [Errno 2] No such file or directory: '/scratch/alpine/paco0228/ace_checkpoints/run_20260608_025255_seed1011/checkpoint.pt.tmp' -> '/scratch/alpine/paco0228/ace_checkpoints/run_20260608_025255_seed1011/checkpoint.pt'
Failed to save checkpoint: [Errno 2] No such file or directory: '/scratch/alpine/paco0228/ace_checkpoints/run_20260608_025255_seed1011/checkpoint.pt.tmp' -> '/scratch/alpine/paco0228/ace_checkpoints/run_20260608_025255_seed1011/checkpoint.pt'
ERROR:root:Failed to save checkpoint: [Errno 2] No such file or directory: '/scratch/alpine/paco0228/ace_checkpoints/run_20260608_025255_seed1011/checkpoint.pt.tmp' -> '/scratch/alpine/paco0228/ace_checkpoints/run_20260608_025255_seed1011/checkpoint.pt'
Failed to save checkpoint: [Errno 2] No such file or directory: '/scratch/alpine/paco0228/ace_checkpoints/run_20260608_025255_seed1011/checkpoint.pt.tmp' -> '/scratch/alpine/paco0228/ace_checkpoints/run_20260608_025255_seed1011/checkpoint.pt'
ERROR:root:Failed to save checkpoint: [Errno 2] No such file or directory: '/scratch/alpine/paco0228/ace_checkpoints/run_20260608_025255_seed1011/checkpoint.pt.tmp' -> '/scratch/alpine/paco0228/ace_checkpoints/run_20260608_025255_seed1011/checkpoint.pt'
Failed to save checkpoint: [Errno 2] No such file or directory: '/scratch/alpine/paco0228/ace_checkpoints/run_20260608_025255_seed1011/checkpoint.pt.tmp' -> '/scratch/alpine/paco0228/ace_checkpoints/run_20260608_025255_seed1011/checkpoint.pt'
ERROR:root:Failed to save checkpoint: [Errno 2] No such file or directory: '/scratch/alpine/paco0228/ace_checkpoints/run_20260608_025255_seed1011/checkpoint.pt.tmp' -> '/scratch/alpine/paco0228/ace_checkpoints/run_20260608_025255_seed1011/checkpoint.pt'
Failed to save checkpoint: [Errno 2] No such file or directory: '/scratch/alpine/paco0228/ace_checkpoints/run_20260608_025255_seed1011/checkpoint.pt.tmp' -> '/scratch/alpine/paco0228/ace_checkpoints/run_20260608_025255_seed1011/checkpoint.pt'
ERROR:root:Failed to save checkpoint: [Errno 2] No such file or directory: '/scratch/alpine/paco0228/ace_checkpoints/run_20260608_025255_seed1011/checkpoint.pt.tmp' -> '/scratch/alpine/paco0228/ace_checkpoints/run_20260608_025255_seed1011/checkpoint.pt'
Failed to save checkpoint: [Errno 2] No such file or directory: '/scratch/alpine/paco0228/ace_checkpoints/run_20260608_025255_seed1011/checkpoint.pt.tmp' -> '/scratch/alpine/paco0228/ace_checkpoints/run_20260608_025255_seed1011/checkpoint.pt'
ERROR:root:Failed to save checkpoint: [Errno 2] No such file or directory: '/scratch/alpine/paco0228/ace_checkpoints/run_20260608_025255_seed1011/checkpoint.pt.tmp' -> '/scratch/alpine/paco0228/ace_checkpoints/run_20260608_025255_seed1011/checkpoint.pt'
Failed to save checkpoint: [Errno 2] No such file or directory: '/scratch/alpine/paco0228/ace_checkpoints/run_20260608_025255_seed1011/checkpoint.pt.tmp' -> '/scratch/alpine/paco0228/ace_checkpoints/run_20260608_025255_seed1011/checkpoint.pt'
ERROR:root:Failed to save checkpoint: [Errno 2] No such file or directory: '/scratch/alpine/paco0228/ace_checkpoints/run_20260608_025255_seed1011/checkpoint.pt.tmp' -> '/scratch/alpine/paco0228/ace_checkpoints/run_20260608_025255_seed1011/checkpoint.pt'
Failed to save checkpoint: [Errno 2] No such file or directory: '/scratch/alpine/paco0228/ace_checkpoints/run_20260608_025255_seed1011/checkpoint.pt.tmp' -> '/scratch/alpine/paco0228/ace_checkpoints/run_20260608_025255_seed1011/checkpoint.pt'
ERROR:root:Failed to save checkpoint: [Errno 2] No such file or directory: '/scratch/alpine/paco0228/ace_checkpoints/run_20260608_025255_seed1011/checkpoint.pt.tmp' -> '/scratch/alpine/paco0228/ace_checkpoints/run_20260608_025255_seed1011/checkpoint.pt'
Failed to save checkpoint: [Errno 2] No such file or directory: '/scratch/alpine/paco0228/ace_checkpoints/run_20260608_025255_seed1011/checkpoint.pt.tmp' -> '/scratch/alpine/paco0228/ace_checkpoints/run_20260608_025255_seed1011/checkpoint.pt'
ERROR:root:Failed to save checkpoint: [Errno 2] No such file or directory: '/scratch/alpine/paco0228/ace_checkpoints/run_20260608_025255_seed1011/checkpoint.pt.tmp' -> '/scratch/alpine/paco0228/ace_checkpoints/run_20260608_025255_seed1011/checkpoint.pt'
Failed to save checkpoint: [Errno 2] No such file or directory: '/scratch/alpine/paco0228/ace_checkpoints/run_20260608_025255_seed1011/checkpoint.pt.tmp' -> '/scratch/alpine/paco0228/ace_checkpoints/run_20260608_025255_seed1011/checkpoint.pt'
ERROR:root:Failed to save checkpoint: [Errno 2] No such file or directory: '/scratch/alpine/paco0228/ace_checkpoints/run_20260608_025255_seed1011/checkpoint.pt.tmp' -> '/scratch/alpine/paco0228/ace_checkpoints/run_20260608_025255_seed1011/checkpoint.pt'
Failed to save checkpoint: [Errno 2] No such file or directory: '/scratch/alpine/paco0228/ace_checkpoints/run_20260608_025255_seed1011/checkpoint.pt.tmp' -> '/scratch/alpine/paco0228/ace_checkpoints/run_20260608_025255_seed1011/checkpoint.pt'
ERROR:root:Failed to save checkpoint: [Errno 2] No such file or directory: '/scratch/alpine/paco0228/ace_checkpoints/run_20260608_025255_seed1011/checkpoint.pt.tmp' -> '/scratch/alpine/paco0228/ace_checkpoints/run_20260608_025255_seed1011/checkpoint.pt'
Failed to save checkpoint: [Errno 2] No such file or directory: '/scratch/alpine/paco0228/ace_checkpoints/run_20260608_025255_seed1011/checkpoint.pt.tmp' -> '/scratch/alpine/paco0228/ace_checkpoints/run_20260608_025255_seed1011/checkpoint.pt'
ERROR:root:Failed to save checkpoint: [Errno 2] No such file or directory: '/scratch/alpine/paco0228/ace_checkpoints/run_20260608_025255_seed1011/checkpoint.pt.tmp' -> '/scratch/alpine/paco0228/ace_checkpoints/run_20260608_025255_seed1011/checkpoint.pt'
Failed to save checkpoint: [Errno 2] No such file or directory: '/scratch/alpine/paco0228/ace_checkpoints/run_20260608_025255_seed1011/checkpoint.pt.tmp' -> '/scratch/alpine/paco0228/ace_checkpoints/run_20260608_025255_seed1011/checkpoint.pt'
ERROR:root:Failed to save checkpoint: [Errno 2] No such file or directory: '/scratch/alpine/paco0228/ace_checkpoints/run_20260608_025255_seed1011/checkpoint.pt.tmp' -> '/scratch/alpine/paco0228/ace_checkpoints/run_20260608_025255_seed1011/checkpoint.pt'
Failed to save checkpoint: [Errno 2] No such file or directory: '/scratch/alpine/paco0228/ace_checkpoints/run_20260608_025255_seed1011/checkpoint.pt.tmp' -> '/scratch/alpine/paco0228/ace_checkpoints/run_20260608_025255_seed1011/checkpoint.pt'
ERROR:root:Failed to save checkpoint: [Errno 2] No such file or directory: '/scratch/alpine/paco0228/ace_checkpoints/run_20260608_025255_seed1011/checkpoint.pt.tmp' -> '/scratch/alpine/paco0228/ace_checkpoints/run_20260608_025255_seed1011/checkpoint.pt'
Failed to save checkpoint: [Errno 2] No such file or directory: '/scratch/alpine/paco0228/ace_checkpoints/run_20260608_025255_seed1011/checkpoint.pt.tmp' -> '/scratch/alpine/paco0228/ace_checkpoints/run_20260608_025255_seed1011/checkpoint.pt'
ERROR:root:Failed to save checkpoint: [Errno 2] No such file or directory: '/scratch/alpine/paco0228/ace_checkpoints/run_20260608_025255_seed1011/checkpoint.pt.tmp' -> '/scratch/alpine/paco0228/ace_checkpoints/run_20260608_025255_seed1011/checkpoint.pt'
Failed to save checkpoint: [Errno 2] No such file or directory: '/scratch/alpine/paco0228/ace_checkpoints/run_20260608_025255_seed1011/checkpoint.pt.tmp' -> '/scratch/alpine/paco0228/ace_checkpoints/run_20260608_025255_seed1011/checkpoint.pt'
ERROR:root:Failed to save checkpoint: [Errno 2] No such file or directory: '/scratch/alpine/paco0228/ace_checkpoints/run_20260608_025255_seed1011/checkpoint.pt.tmp' -> '/scratch/alpine/paco0228/ace_checkpoints/run_20260608_025255_seed1011/checkpoint.pt'
Failed to save checkpoint: [Errno 2] No such file or directory: '/scratch/alpine/paco0228/ace_checkpoints/run_20260608_025255_seed1011/checkpoint.pt.tmp' -> '/scratch/alpine/paco0228/ace_checkpoints/run_20260608_025255_seed1011/checkpoint.pt'
ERROR:root:Failed to save checkpoint: [Errno 2] No such file or directory: '/scratch/alpine/paco0228/ace_checkpoints/run_20260608_025255_seed1011/checkpoint.pt.tmp' -> '/scratch/alpine/paco0228/ace_checkpoints/run_20260608_025255_seed1011/checkpoint.pt'
Failed to save checkpoint: [Errno 2] No such file or directory: '/scratch/alpine/paco0228/ace_checkpoints/run_20260608_025255_seed1011/checkpoint.pt.tmp' -> '/scratch/alpine/paco0228/ace_checkpoints/run_20260608_025255_seed1011/checkpoint.pt'
ERROR:root:Failed to save checkpoint: [Errno 2] No such file or directory: '/scratch/alpine/paco0228/ace_checkpoints/run_20260608_025255_seed1011/checkpoint.pt.tmp' -> '/scratch/alpine/paco0228/ace_checkpoints/run_20260608_025255_seed1011/checkpoint.pt'
Failed to save checkpoint: [Errno 2] No such file or directory: '/scratch/alpine/paco0228/ace_checkpoints/run_20260608_025255_seed1011/checkpoint.pt.tmp' -> '/scratch/alpine/paco0228/ace_checkpoints/run_20260608_025255_seed1011/checkpoint.pt'
ERROR:root:Failed to save checkpoint: [Errno 2] No such file or directory: '/scratch/alpine/paco0228/ace_checkpoints/run_20260608_025255_seed1011/checkpoint.pt.tmp' -> '/scratch/alpine/paco0228/ace_checkpoints/run_20260608_025255_seed1011/checkpoint.pt'
Failed to save checkpoint: [Errno 2] No such file or directory: '/scratch/alpine/paco0228/ace_checkpoints/run_20260608_025255_seed1011/checkpoint.pt.tmp' -> '/scratch/alpine/paco0228/ace_checkpoints/run_20260608_025255_seed1011/checkpoint.pt'
ERROR:root:Failed to save checkpoint: [Errno 2] No such file or directory: '/scratch/alpine/paco0228/ace_checkpoints/run_20260608_025255_seed1011/checkpoint.pt.tmp' -> '/scratch/alpine/paco0228/ace_checkpoints/run_20260608_025255_seed1011/checkpoint.pt'
Failed to save checkpoint: [Errno 2] No such file or directory: '/scratch/alpine/paco0228/ace_checkpoints/run_20260608_025255_seed1011/checkpoint.pt.tmp' -> '/scratch/alpine/paco0228/ace_checkpoints/run_20260608_025255_seed1011/checkpoint.pt'
ERROR:root:Failed to save checkpoint: [Errno 2] No such file or directory: '/scratch/alpine/paco0228/ace_checkpoints/run_20260608_025255_seed1011/checkpoint.pt.tmp' -> '/scratch/alpine/paco0228/ace_checkpoints/run_20260608_025255_seed1011/checkpoint.pt'
Failed to save checkpoint: [Errno 2] No such file or directory: '/scratch/alpine/paco0228/ace_checkpoints/run_20260608_025255_seed1011/checkpoint.pt.tmp' -> '/scratch/alpine/paco0228/ace_checkpoints/run_20260608_025255_seed1011/checkpoint.pt'
ERROR:root:Failed to save checkpoint: [Errno 2] No such file or directory: '/scratch/alpine/paco0228/ace_checkpoints/run_20260608_025255_seed1011/checkpoint.pt.tmp' -> '/scratch/alpine/paco0228/ace_checkpoints/run_20260608_025255_seed1011/checkpoint.pt'
Failed to save checkpoint: [Errno 2] No such file or directory: '/scratch/alpine/paco0228/ace_checkpoints/run_20260608_025255_seed1011/checkpoint.pt.tmp' -> '/scratch/alpine/paco0228/ace_checkpoints/run_20260608_025255_seed1011/checkpoint.pt'
ERROR:root:Failed to save checkpoint: [Errno 2] No such file or directory: '/scratch/alpine/paco0228/ace_checkpoints/run_20260608_025255_seed1011/checkpoint.pt.tmp' -> '/scratch/alpine/paco0228/ace_checkpoints/run_20260608_025255_seed1011/checkpoint.pt'
Failed to save checkpoint: [Errno 2] No such file or directory: '/scratch/alpine/paco0228/ace_checkpoints/run_20260608_025255_seed1011/checkpoint.pt.tmp' -> '/scratch/alpine/paco0228/ace_checkpoints/run_20260608_025255_seed1011/checkpoint.pt'
ERROR:root:Failed to save checkpoint: [Errno 2] No such file or directory: '/scratch/alpine/paco0228/ace_checkpoints/run_20260608_025255_seed1011/checkpoint.pt.tmp' -> '/scratch/alpine/paco0228/ace_checkpoints/run_20260608_025255_seed1011/checkpoint.pt'
Failed to save checkpoint: [Errno 2] No such file or directory: '/scratch/alpine/paco0228/ace_checkpoints/run_20260608_025255_seed1011/checkpoint.pt.tmp' -> '/scratch/alpine/paco0228/ace_checkpoints/run_20260608_025255_seed1011/checkpoint.pt'
ERROR:root:Failed to save checkpoint: [Errno 2] No such file or directory: '/scratch/alpine/paco0228/ace_checkpoints/run_20260608_025255_seed1011/checkpoint.pt.tmp' -> '/scratch/alpine/paco0228/ace_checkpoints/run_20260608_025255_seed1011/checkpoint.pt'
Failed to save checkpoint: [Errno 2] No such file or directory: '/scratch/alpine/paco0228/ace_checkpoints/run_20260608_025255_seed1011/checkpoint.pt.tmp' -> '/scratch/alpine/paco0228/ace_checkpoints/run_20260608_025255_seed1011/checkpoint.pt'
ERROR:root:Failed to save checkpoint: [Errno 2] No such file or directory: '/scratch/alpine/paco0228/ace_checkpoints/run_20260608_025255_seed1011/checkpoint.pt.tmp' -> '/scratch/alpine/paco0228/ace_checkpoints/run_20260608_025255_seed1011/checkpoint.pt'
Failed to save checkpoint: [Errno 2] No such file or directory: '/scratch/alpine/paco0228/ace_checkpoints/run_20260608_025255_seed1011/checkpoint.pt.tmp' -> '/scratch/alpine/paco0228/ace_checkpoints/run_20260608_025255_seed1011/checkpoint.pt'
ERROR:root:Failed to save checkpoint: [Errno 2] No such file or directory: '/scratch/alpine/paco0228/ace_checkpoints/run_20260608_025255_seed1011/checkpoint.pt.tmp' -> '/scratch/alpine/paco0228/ace_checkpoints/run_20260608_025255_seed1011/checkpoint.pt'
Failed to save checkpoint: [Errno 2] No such file or directory: '/scratch/alpine/paco0228/ace_checkpoints/run_20260608_025255_seed1011/checkpoint.pt.tmp' -> '/scratch/alpine/paco0228/ace_checkpoints/run_20260608_025255_seed1011/checkpoint.pt'
ERROR:root:Failed to save checkpoint: [Errno 2] No such file or directory: '/scratch/alpine/paco0228/ace_checkpoints/run_20260608_025255_seed1011/checkpoint.pt.tmp' -> '/scratch/alpine/paco0228/ace_checkpoints/run_20260608_025255_seed1011/checkpoint.pt'
Failed to save checkpoint: [Errno 2] No such file or directory: '/scratch/alpine/paco0228/ace_checkpoints/run_20260608_025255_seed1011/checkpoint.pt.tmp' -> '/scratch/alpine/paco0228/ace_checkpoints/run_20260608_025255_seed1011/checkpoint.pt'
ERROR:root:Failed to save checkpoint: [Errno 2] No such file or directory: '/scratch/alpine/paco0228/ace_checkpoints/run_20260608_025255_seed1011/checkpoint.pt.tmp' -> '/scratch/alpine/paco0228/ace_checkpoints/run_20260608_025255_seed1011/checkpoint.pt'
Failed to save checkpoint: [Errno 2] No such file or directory: '/scratch/alpine/paco0228/ace_checkpoints/run_20260608_025255_seed1011/checkpoint.pt.tmp' -> '/scratch/alpine/paco0228/ace_checkpoints/run_20260608_025255_seed1011/checkpoint.pt'
ERROR:root:Failed to save checkpoint: [Errno 2] No such file or directory: '/scratch/alpine/paco0228/ace_checkpoints/run_20260608_025255_seed1011/checkpoint.pt.tmp' -> '/scratch/alpine/paco0228/ace_checkpoints/run_20260608_025255_seed1011/checkpoint.pt'
Failed to save checkpoint: [Errno 2] No such file or directory: '/scratch/alpine/paco0228/ace_checkpoints/run_20260608_025255_seed1011/checkpoint.pt.tmp' -> '/scratch/alpine/paco0228/ace_checkpoints/run_20260608_025255_seed1011/checkpoint.pt'
ERROR:root:Failed to save checkpoint: [Errno 2] No such file or directory: '/scratch/alpine/paco0228/ace_checkpoints/run_20260608_025255_seed1011/checkpoint.pt.tmp' -> '/scratch/alpine/paco0228/ace_checkpoints/run_20260608_025255_seed1011/checkpoint.pt'
Failed to save checkpoint: [Errno 2] No such file or directory: '/scratch/alpine/paco0228/ace_checkpoints/run_20260608_025255_seed1011/checkpoint.pt.tmp' -> '/scratch/alpine/paco0228/ace_checkpoints/run_20260608_025255_seed1011/checkpoint.pt'
ERROR:root:Failed to save checkpoint: [Errno 2] No such file or directory: '/scratch/alpine/paco0228/ace_checkpoints/run_20260608_025255_seed1011/checkpoint.pt.tmp' -> '/scratch/alpine/paco0228/ace_checkpoints/run_20260608_025255_seed1011/checkpoint.pt'
Failed to save checkpoint: [Errno 2] No such file or directory: '/scratch/alpine/paco0228/ace_checkpoints/run_20260608_025255_seed1011/checkpoint.pt.tmp' -> '/scratch/alpine/paco0228/ace_checkpoints/run_20260608_025255_seed1011/checkpoint.pt'
ERROR:root:Failed to save checkpoint: [Errno 2] No such file or directory: '/scratch/alpine/paco0228/ace_checkpoints/run_20260608_025255_seed1011/checkpoint.pt.tmp' -> '/scratch/alpine/paco0228/ace_checkpoints/run_20260608_025255_seed1011/checkpoint.pt'
Failed to save checkpoint: [Errno 2] No such file or directory: '/scratch/alpine/paco0228/ace_checkpoints/run_20260608_025255_seed1011/checkpoint.pt.tmp' -> '/scratch/alpine/paco0228/ace_checkpoints/run_20260608_025255_seed1011/checkpoint.pt'
ERROR:root:Failed to save checkpoint: [Errno 2] No such file or directory: '/scratch/alpine/paco0228/ace_checkpoints/run_20260608_025255_seed1011/checkpoint.pt.tmp' -> '/scratch/alpine/paco0228/ace_checkpoints/run_20260608_025255_seed1011/checkpoint.pt'
Failed to save checkpoint: [Errno 2] No such file or directory: '/scratch/alpine/paco0228/ace_checkpoints/run_20260608_025255_seed1011/checkpoint.pt.tmp' -> '/scratch/alpine/paco0228/ace_checkpoints/run_20260608_025255_seed1011/checkpoint.pt'
ERROR:root:Failed to save checkpoint: [Errno 2] No such file or directory: '/scratch/alpine/paco0228/ace_checkpoints/run_20260608_025255_seed1011/checkpoint.pt.tmp' -> '/scratch/alpine/paco0228/ace_checkpoints/run_20260608_025255_seed1011/checkpoint.pt'
Failed to save checkpoint: [Errno 2] No such file or directory: '/scratch/alpine/paco0228/ace_checkpoints/run_20260608_025255_seed1011/checkpoint.pt.tmp' -> '/scratch/alpine/paco0228/ace_checkpoints/run_20260608_025255_seed1011/checkpoint.pt'
ERROR:root:Failed to save checkpoint: [Errno 2] No such file or directory: '/scratch/alpine/paco0228/ace_checkpoints/run_20260608_025255_seed1011/checkpoint.pt.tmp' -> '/scratch/alpine/paco0228/ace_checkpoints/run_20260608_025255_seed1011/checkpoint.pt'
Failed to save checkpoint: [Errno 2] No such file or directory: '/scratch/alpine/paco0228/ace_checkpoints/run_20260608_025255_seed1011/checkpoint.pt.tmp' -> '/scratch/alpine/paco0228/ace_checkpoints/run_20260608_025255_seed1011/checkpoint.pt'
ERROR:root:Failed to save checkpoint: [Errno 2] No such file or directory: '/scratch/alpine/paco0228/ace_checkpoints/run_20260608_025255_seed1011/checkpoint.pt.tmp' -> '/scratch/alpine/paco0228/ace_checkpoints/run_20260608_025255_seed1011/checkpoint.pt'
Failed to save checkpoint: [Errno 2] No such file or directory: '/scratch/alpine/paco0228/ace_checkpoints/run_20260608_025255_seed1011/checkpoint.pt.tmp' -> '/scratch/alpine/paco0228/ace_checkpoints/run_20260608_025255_seed1011/checkpoint.pt'
ERROR:root:Failed to save checkpoint: [Errno 2] No such file or directory: '/scratch/alpine/paco0228/ace_checkpoints/run_20260608_025255_seed1011/checkpoint.pt.tmp' -> '/scratch/alpine/paco0228/ace_checkpoints/run_20260608_025255_seed1011/checkpoint.pt'
Failed to save checkpoint: [Errno 2] No such file or directory: '/scratch/alpine/paco0228/ace_checkpoints/run_20260608_025255_seed1011/checkpoint.pt.tmp' -> '/scratch/alpine/paco0228/ace_checkpoints/run_20260608_025255_seed1011/checkpoint.pt'
ERROR:root:Failed to save checkpoint: [Errno 2] No such file or directory: '/scratch/alpine/paco0228/ace_checkpoints/run_20260608_025255_seed1011/checkpoint.pt.tmp' -> '/scratch/alpine/paco0228/ace_checkpoints/run_20260608_025255_seed1011/checkpoint.pt'
Failed to save checkpoint: [Errno 2] No such file or directory: '/scratch/alpine/paco0228/ace_checkpoints/run_20260608_025255_seed1011/checkpoint.pt.tmp' -> '/scratch/alpine/paco0228/ace_checkpoints/run_20260608_025255_seed1011/checkpoint.pt'
ERROR:root:Failed to save checkpoint: [Errno 2] No such file or directory: '/scratch/alpine/paco0228/ace_checkpoints/run_20260608_025255_seed1011/checkpoint.pt.tmp' -> '/scratch/alpine/paco0228/ace_checkpoints/run_20260608_025255_seed1011/checkpoint.pt'
Failed to save checkpoint: [Errno 2] No such file or directory: '/scratch/alpine/paco0228/ace_checkpoints/run_20260608_025255_seed1011/checkpoint.pt.tmp' -> '/scratch/alpine/paco0228/ace_checkpoints/run_20260608_025255_seed1011/checkpoint.pt'
ERROR:root:Failed to save checkpoint: [Errno 2] No such file or directory: '/scratch/alpine/paco0228/ace_checkpoints/run_20260608_025255_seed1011/checkpoint.pt.tmp' -> '/scratch/alpine/paco0228/ace_checkpoints/run_20260608_025255_seed1011/checkpoint.pt'
Failed to save checkpoint: [Errno 2] No such file or directory: '/scratch/alpine/paco0228/ace_checkpoints/run_20260608_025255_seed1011/checkpoint.pt.tmp' -> '/scratch/alpine/paco0228/ace_checkpoints/run_20260608_025255_seed1011/checkpoint.pt'
slurmstepd: error: *** JOB 27812811 ON c3gpu-c2-u3 CANCELLED AT 2026-06-08T12:52:45 DUE TO TIME LIMIT ***
