/projects/paco0228/miniconda3/envs/ace/lib/python3.10/site-packages/transformers/utils/hub.py:110: FutureWarning: Using `TRANSFORMERS_CACHE` is deprecated and will be removed in v5 of Transformers. Use `HF_HOME` instead.
  warnings.warn(
ERROR:root:Failed to save checkpoint: [Errno 2] No such file or directory: '/scratch/alpine/paco0228/ace_checkpoints/run_20260606_103826_seed42/checkpoint.pt.tmp' -> '/scratch/alpine/paco0228/ace_checkpoints/run_20260606_103826_seed42/checkpoint.pt'
Failed to save checkpoint: [Errno 2] No such file or directory: '/scratch/alpine/paco0228/ace_checkpoints/run_20260606_103826_seed42/checkpoint.pt.tmp' -> '/scratch/alpine/paco0228/ace_checkpoints/run_20260606_103826_seed42/checkpoint.pt'
ERROR:root:Failed to save checkpoint: [Errno 2] No such file or directory: '/scratch/alpine/paco0228/ace_checkpoints/run_20260606_103826_seed42/checkpoint.pt.tmp' -> '/scratch/alpine/paco0228/ace_checkpoints/run_20260606_103826_seed42/checkpoint.pt'
Failed to save checkpoint: [Errno 2] No such file or directory: '/scratch/alpine/paco0228/ace_checkpoints/run_20260606_103826_seed42/checkpoint.pt.tmp' -> '/scratch/alpine/paco0228/ace_checkpoints/run_20260606_103826_seed42/checkpoint.pt'
ERROR:root:Failed to save checkpoint: [Errno 2] No such file or directory: '/scratch/alpine/paco0228/ace_checkpoints/run_20260606_103826_seed42/checkpoint.pt.tmp' -> '/scratch/alpine/paco0228/ace_checkpoints/run_20260606_103826_seed42/checkpoint.pt'
Failed to save checkpoint: [Errno 2] No such file or directory: '/scratch/alpine/paco0228/ace_checkpoints/run_20260606_103826_seed42/checkpoint.pt.tmp' -> '/scratch/alpine/paco0228/ace_checkpoints/run_20260606_103826_seed42/checkpoint.pt'
ERROR:root:Failed to save checkpoint: [Errno 2] No such file or directory: '/scratch/alpine/paco0228/ace_checkpoints/run_20260606_103826_seed42/checkpoint.pt.tmp' -> '/scratch/alpine/paco0228/ace_checkpoints/run_20260606_103826_seed42/checkpoint.pt'
Failed to save checkpoint: [Errno 2] No such file or directory: '/scratch/alpine/paco0228/ace_checkpoints/run_20260606_103826_seed42/checkpoint.pt.tmp' -> '/scratch/alpine/paco0228/ace_checkpoints/run_20260606_103826_seed42/checkpoint.pt'
ERROR:root:Failed to save checkpoint: [Errno 2] No such file or directory: '/scratch/alpine/paco0228/ace_checkpoints/run_20260606_103826_seed42/checkpoint.pt.tmp' -> '/scratch/alpine/paco0228/ace_checkpoints/run_20260606_103826_seed42/checkpoint.pt'
Failed to save checkpoint: [Errno 2] No such file or directory: '/scratch/alpine/paco0228/ace_checkpoints/run_20260606_103826_seed42/checkpoint.pt.tmp' -> '/scratch/alpine/paco0228/ace_checkpoints/run_20260606_103826_seed42/checkpoint.pt'
ERROR:root:Failed to save checkpoint: [Errno 2] No such file or directory: '/scratch/alpine/paco0228/ace_checkpoints/run_20260606_103826_seed42/checkpoint.pt.tmp' -> '/scratch/alpine/paco0228/ace_checkpoints/run_20260606_103826_seed42/checkpoint.pt'
Failed to save checkpoint: [Errno 2] No such file or directory: '/scratch/alpine/paco0228/ace_checkpoints/run_20260606_103826_seed42/checkpoint.pt.tmp' -> '/scratch/alpine/paco0228/ace_checkpoints/run_20260606_103826_seed42/checkpoint.pt'
ERROR:root:Failed to save checkpoint: [Errno 2] No such file or directory: '/scratch/alpine/paco0228/ace_checkpoints/run_20260606_103826_seed42/checkpoint.pt.tmp' -> '/scratch/alpine/paco0228/ace_checkpoints/run_20260606_103826_seed42/checkpoint.pt'
Failed to save checkpoint: [Errno 2] No such file or directory: '/scratch/alpine/paco0228/ace_checkpoints/run_20260606_103826_seed42/checkpoint.pt.tmp' -> '/scratch/alpine/paco0228/ace_checkpoints/run_20260606_103826_seed42/checkpoint.pt'
ERROR:root:Failed to save checkpoint: [Errno 2] No such file or directory: '/scratch/alpine/paco0228/ace_checkpoints/run_20260606_103826_seed42/checkpoint.pt.tmp' -> '/scratch/alpine/paco0228/ace_checkpoints/run_20260606_103826_seed42/checkpoint.pt'
Failed to save checkpoint: [Errno 2] No such file or directory: '/scratch/alpine/paco0228/ace_checkpoints/run_20260606_103826_seed42/checkpoint.pt.tmp' -> '/scratch/alpine/paco0228/ace_checkpoints/run_20260606_103826_seed42/checkpoint.pt'
ERROR:root:Failed to save checkpoint: [Errno 2] No such file or directory: '/scratch/alpine/paco0228/ace_checkpoints/run_20260606_103826_seed42/checkpoint.pt.tmp' -> '/scratch/alpine/paco0228/ace_checkpoints/run_20260606_103826_seed42/checkpoint.pt'
Failed to save checkpoint: [Errno 2] No such file or directory: '/scratch/alpine/paco0228/ace_checkpoints/run_20260606_103826_seed42/checkpoint.pt.tmp' -> '/scratch/alpine/paco0228/ace_checkpoints/run_20260606_103826_seed42/checkpoint.pt'
ERROR:root:Failed to save checkpoint: [Errno 2] No such file or directory: '/scratch/alpine/paco0228/ace_checkpoints/run_20260606_103826_seed42/checkpoint.pt.tmp' -> '/scratch/alpine/paco0228/ace_checkpoints/run_20260606_103826_seed42/checkpoint.pt'
Failed to save checkpoint: [Errno 2] No such file or directory: '/scratch/alpine/paco0228/ace_checkpoints/run_20260606_103826_seed42/checkpoint.pt.tmp' -> '/scratch/alpine/paco0228/ace_checkpoints/run_20260606_103826_seed42/checkpoint.pt'
ERROR:root:Failed to save checkpoint: [Errno 2] No such file or directory: '/scratch/alpine/paco0228/ace_checkpoints/run_20260606_103826_seed42/checkpoint.pt.tmp' -> '/scratch/alpine/paco0228/ace_checkpoints/run_20260606_103826_seed42/checkpoint.pt'
Failed to save checkpoint: [Errno 2] No such file or directory: '/scratch/alpine/paco0228/ace_checkpoints/run_20260606_103826_seed42/checkpoint.pt.tmp' -> '/scratch/alpine/paco0228/ace_checkpoints/run_20260606_103826_seed42/checkpoint.pt'
ERROR:root:Failed to save checkpoint: [Errno 2] No such file or directory: '/scratch/alpine/paco0228/ace_checkpoints/run_20260606_103826_seed42/checkpoint.pt.tmp' -> '/scratch/alpine/paco0228/ace_checkpoints/run_20260606_103826_seed42/checkpoint.pt'
Failed to save checkpoint: [Errno 2] No such file or directory: '/scratch/alpine/paco0228/ace_checkpoints/run_20260606_103826_seed42/checkpoint.pt.tmp' -> '/scratch/alpine/paco0228/ace_checkpoints/run_20260606_103826_seed42/checkpoint.pt'
ERROR:root:Failed to save checkpoint: [Errno 2] No such file or directory: '/scratch/alpine/paco0228/ace_checkpoints/run_20260606_103826_seed42/checkpoint.pt.tmp' -> '/scratch/alpine/paco0228/ace_checkpoints/run_20260606_103826_seed42/checkpoint.pt'
Failed to save checkpoint: [Errno 2] No such file or directory: '/scratch/alpine/paco0228/ace_checkpoints/run_20260606_103826_seed42/checkpoint.pt.tmp' -> '/scratch/alpine/paco0228/ace_checkpoints/run_20260606_103826_seed42/checkpoint.pt'
ERROR:root:Failed to save checkpoint: [Errno 2] No such file or directory: '/scratch/alpine/paco0228/ace_checkpoints/run_20260606_103826_seed42/checkpoint.pt.tmp' -> '/scratch/alpine/paco0228/ace_checkpoints/run_20260606_103826_seed42/checkpoint.pt'
Failed to save checkpoint: [Errno 2] No such file or directory: '/scratch/alpine/paco0228/ace_checkpoints/run_20260606_103826_seed42/checkpoint.pt.tmp' -> '/scratch/alpine/paco0228/ace_checkpoints/run_20260606_103826_seed42/checkpoint.pt'
ERROR:root:Failed to save checkpoint: [Errno 2] No such file or directory: '/scratch/alpine/paco0228/ace_checkpoints/run_20260606_103826_seed42/checkpoint.pt.tmp' -> '/scratch/alpine/paco0228/ace_checkpoints/run_20260606_103826_seed42/checkpoint.pt'
Failed to save checkpoint: [Errno 2] No such file or directory: '/scratch/alpine/paco0228/ace_checkpoints/run_20260606_103826_seed42/checkpoint.pt.tmp' -> '/scratch/alpine/paco0228/ace_checkpoints/run_20260606_103826_seed42/checkpoint.pt'
ERROR:root:Failed to save checkpoint: [Errno 2] No such file or directory: '/scratch/alpine/paco0228/ace_checkpoints/run_20260606_103826_seed42/checkpoint.pt.tmp' -> '/scratch/alpine/paco0228/ace_checkpoints/run_20260606_103826_seed42/checkpoint.pt'
Failed to save checkpoint: [Errno 2] No such file or directory: '/scratch/alpine/paco0228/ace_checkpoints/run_20260606_103826_seed42/checkpoint.pt.tmp' -> '/scratch/alpine/paco0228/ace_checkpoints/run_20260606_103826_seed42/checkpoint.pt'
ERROR:root:Failed to save checkpoint: [Errno 2] No such file or directory: '/scratch/alpine/paco0228/ace_checkpoints/run_20260606_103826_seed42/checkpoint.pt.tmp' -> '/scratch/alpine/paco0228/ace_checkpoints/run_20260606_103826_seed42/checkpoint.pt'
Failed to save checkpoint: [Errno 2] No such file or directory: '/scratch/alpine/paco0228/ace_checkpoints/run_20260606_103826_seed42/checkpoint.pt.tmp' -> '/scratch/alpine/paco0228/ace_checkpoints/run_20260606_103826_seed42/checkpoint.pt'
ERROR:root:Failed to save checkpoint: [Errno 2] No such file or directory: '/scratch/alpine/paco0228/ace_checkpoints/run_20260606_103826_seed42/checkpoint.pt.tmp' -> '/scratch/alpine/paco0228/ace_checkpoints/run_20260606_103826_seed42/checkpoint.pt'
Failed to save checkpoint: [Errno 2] No such file or directory: '/scratch/alpine/paco0228/ace_checkpoints/run_20260606_103826_seed42/checkpoint.pt.tmp' -> '/scratch/alpine/paco0228/ace_checkpoints/run_20260606_103826_seed42/checkpoint.pt'
ERROR:root:Failed to save checkpoint: [Errno 2] No such file or directory: '/scratch/alpine/paco0228/ace_checkpoints/run_20260606_103826_seed42/checkpoint.pt.tmp' -> '/scratch/alpine/paco0228/ace_checkpoints/run_20260606_103826_seed42/checkpoint.pt'
Failed to save checkpoint: [Errno 2] No such file or directory: '/scratch/alpine/paco0228/ace_checkpoints/run_20260606_103826_seed42/checkpoint.pt.tmp' -> '/scratch/alpine/paco0228/ace_checkpoints/run_20260606_103826_seed42/checkpoint.pt'
ERROR:root:Failed to save checkpoint: [Errno 2] No such file or directory: '/scratch/alpine/paco0228/ace_checkpoints/run_20260606_103826_seed42/checkpoint.pt.tmp' -> '/scratch/alpine/paco0228/ace_checkpoints/run_20260606_103826_seed42/checkpoint.pt'
Failed to save checkpoint: [Errno 2] No such file or directory: '/scratch/alpine/paco0228/ace_checkpoints/run_20260606_103826_seed42/checkpoint.pt.tmp' -> '/scratch/alpine/paco0228/ace_checkpoints/run_20260606_103826_seed42/checkpoint.pt'
ERROR:root:Failed to save checkpoint: [Errno 2] No such file or directory: '/scratch/alpine/paco0228/ace_checkpoints/run_20260606_103826_seed42/checkpoint.pt.tmp' -> '/scratch/alpine/paco0228/ace_checkpoints/run_20260606_103826_seed42/checkpoint.pt'
Failed to save checkpoint: [Errno 2] No such file or directory: '/scratch/alpine/paco0228/ace_checkpoints/run_20260606_103826_seed42/checkpoint.pt.tmp' -> '/scratch/alpine/paco0228/ace_checkpoints/run_20260606_103826_seed42/checkpoint.pt'
ERROR:root:Failed to save checkpoint: [Errno 2] No such file or directory: '/scratch/alpine/paco0228/ace_checkpoints/run_20260606_103826_seed42/checkpoint.pt.tmp' -> '/scratch/alpine/paco0228/ace_checkpoints/run_20260606_103826_seed42/checkpoint.pt'
Failed to save checkpoint: [Errno 2] No such file or directory: '/scratch/alpine/paco0228/ace_checkpoints/run_20260606_103826_seed42/checkpoint.pt.tmp' -> '/scratch/alpine/paco0228/ace_checkpoints/run_20260606_103826_seed42/checkpoint.pt'
ERROR:root:Failed to save checkpoint: [Errno 2] No such file or directory: '/scratch/alpine/paco0228/ace_checkpoints/run_20260606_103826_seed42/checkpoint.pt.tmp' -> '/scratch/alpine/paco0228/ace_checkpoints/run_20260606_103826_seed42/checkpoint.pt'
Failed to save checkpoint: [Errno 2] No such file or directory: '/scratch/alpine/paco0228/ace_checkpoints/run_20260606_103826_seed42/checkpoint.pt.tmp' -> '/scratch/alpine/paco0228/ace_checkpoints/run_20260606_103826_seed42/checkpoint.pt'
ERROR:root:Failed to save checkpoint: [Errno 2] No such file or directory: '/scratch/alpine/paco0228/ace_checkpoints/run_20260606_103826_seed42/checkpoint.pt.tmp' -> '/scratch/alpine/paco0228/ace_checkpoints/run_20260606_103826_seed42/checkpoint.pt'
Failed to save checkpoint: [Errno 2] No such file or directory: '/scratch/alpine/paco0228/ace_checkpoints/run_20260606_103826_seed42/checkpoint.pt.tmp' -> '/scratch/alpine/paco0228/ace_checkpoints/run_20260606_103826_seed42/checkpoint.pt'
ERROR:root:Failed to save checkpoint: [Errno 2] No such file or directory: '/scratch/alpine/paco0228/ace_checkpoints/run_20260606_103826_seed42/checkpoint.pt.tmp' -> '/scratch/alpine/paco0228/ace_checkpoints/run_20260606_103826_seed42/checkpoint.pt'
Failed to save checkpoint: [Errno 2] No such file or directory: '/scratch/alpine/paco0228/ace_checkpoints/run_20260606_103826_seed42/checkpoint.pt.tmp' -> '/scratch/alpine/paco0228/ace_checkpoints/run_20260606_103826_seed42/checkpoint.pt'
ERROR:root:Failed to save checkpoint: [Errno 2] No such file or directory: '/scratch/alpine/paco0228/ace_checkpoints/run_20260606_103826_seed42/checkpoint.pt.tmp' -> '/scratch/alpine/paco0228/ace_checkpoints/run_20260606_103826_seed42/checkpoint.pt'
Failed to save checkpoint: [Errno 2] No such file or directory: '/scratch/alpine/paco0228/ace_checkpoints/run_20260606_103826_seed42/checkpoint.pt.tmp' -> '/scratch/alpine/paco0228/ace_checkpoints/run_20260606_103826_seed42/checkpoint.pt'
ERROR:root:Failed to save checkpoint: [Errno 2] No such file or directory: '/scratch/alpine/paco0228/ace_checkpoints/run_20260606_103826_seed42/checkpoint.pt.tmp' -> '/scratch/alpine/paco0228/ace_checkpoints/run_20260606_103826_seed42/checkpoint.pt'
Failed to save checkpoint: [Errno 2] No such file or directory: '/scratch/alpine/paco0228/ace_checkpoints/run_20260606_103826_seed42/checkpoint.pt.tmp' -> '/scratch/alpine/paco0228/ace_checkpoints/run_20260606_103826_seed42/checkpoint.pt'
ERROR:root:Failed to save checkpoint: [Errno 2] No such file or directory: '/scratch/alpine/paco0228/ace_checkpoints/run_20260606_103826_seed42/checkpoint.pt.tmp' -> '/scratch/alpine/paco0228/ace_checkpoints/run_20260606_103826_seed42/checkpoint.pt'
Failed to save checkpoint: [Errno 2] No such file or directory: '/scratch/alpine/paco0228/ace_checkpoints/run_20260606_103826_seed42/checkpoint.pt.tmp' -> '/scratch/alpine/paco0228/ace_checkpoints/run_20260606_103826_seed42/checkpoint.pt'
ERROR:root:Failed to save checkpoint: [Errno 2] No such file or directory: '/scratch/alpine/paco0228/ace_checkpoints/run_20260606_103826_seed42/checkpoint.pt.tmp' -> '/scratch/alpine/paco0228/ace_checkpoints/run_20260606_103826_seed42/checkpoint.pt'
Failed to save checkpoint: [Errno 2] No such file or directory: '/scratch/alpine/paco0228/ace_checkpoints/run_20260606_103826_seed42/checkpoint.pt.tmp' -> '/scratch/alpine/paco0228/ace_checkpoints/run_20260606_103826_seed42/checkpoint.pt'
ERROR:root:Failed to save checkpoint: [Errno 2] No such file or directory: '/scratch/alpine/paco0228/ace_checkpoints/run_20260606_103826_seed42/checkpoint.pt.tmp' -> '/scratch/alpine/paco0228/ace_checkpoints/run_20260606_103826_seed42/checkpoint.pt'
Failed to save checkpoint: [Errno 2] No such file or directory: '/scratch/alpine/paco0228/ace_checkpoints/run_20260606_103826_seed42/checkpoint.pt.tmp' -> '/scratch/alpine/paco0228/ace_checkpoints/run_20260606_103826_seed42/checkpoint.pt'
ERROR:root:Failed to save checkpoint: [Errno 2] No such file or directory: '/scratch/alpine/paco0228/ace_checkpoints/run_20260606_103826_seed42/checkpoint.pt.tmp' -> '/scratch/alpine/paco0228/ace_checkpoints/run_20260606_103826_seed42/checkpoint.pt'
Failed to save checkpoint: [Errno 2] No such file or directory: '/scratch/alpine/paco0228/ace_checkpoints/run_20260606_103826_seed42/checkpoint.pt.tmp' -> '/scratch/alpine/paco0228/ace_checkpoints/run_20260606_103826_seed42/checkpoint.pt'
ERROR:root:Failed to save checkpoint: [Errno 2] No such file or directory: '/scratch/alpine/paco0228/ace_checkpoints/run_20260606_103826_seed42/checkpoint.pt.tmp' -> '/scratch/alpine/paco0228/ace_checkpoints/run_20260606_103826_seed42/checkpoint.pt'
Failed to save checkpoint: [Errno 2] No such file or directory: '/scratch/alpine/paco0228/ace_checkpoints/run_20260606_103826_seed42/checkpoint.pt.tmp' -> '/scratch/alpine/paco0228/ace_checkpoints/run_20260606_103826_seed42/checkpoint.pt'
ERROR:root:Failed to save checkpoint: [Errno 2] No such file or directory: '/scratch/alpine/paco0228/ace_checkpoints/run_20260606_103826_seed42/checkpoint.pt.tmp' -> '/scratch/alpine/paco0228/ace_checkpoints/run_20260606_103826_seed42/checkpoint.pt'
Failed to save checkpoint: [Errno 2] No such file or directory: '/scratch/alpine/paco0228/ace_checkpoints/run_20260606_103826_seed42/checkpoint.pt.tmp' -> '/scratch/alpine/paco0228/ace_checkpoints/run_20260606_103826_seed42/checkpoint.pt'
ERROR:root:Failed to save checkpoint: [Errno 2] No such file or directory: '/scratch/alpine/paco0228/ace_checkpoints/run_20260606_103826_seed42/checkpoint.pt.tmp' -> '/scratch/alpine/paco0228/ace_checkpoints/run_20260606_103826_seed42/checkpoint.pt'
Failed to save checkpoint: [Errno 2] No such file or directory: '/scratch/alpine/paco0228/ace_checkpoints/run_20260606_103826_seed42/checkpoint.pt.tmp' -> '/scratch/alpine/paco0228/ace_checkpoints/run_20260606_103826_seed42/checkpoint.pt'
ERROR:root:Failed to save checkpoint: [Errno 2] No such file or directory: '/scratch/alpine/paco0228/ace_checkpoints/run_20260606_103826_seed42/checkpoint.pt.tmp' -> '/scratch/alpine/paco0228/ace_checkpoints/run_20260606_103826_seed42/checkpoint.pt'
Failed to save checkpoint: [Errno 2] No such file or directory: '/scratch/alpine/paco0228/ace_checkpoints/run_20260606_103826_seed42/checkpoint.pt.tmp' -> '/scratch/alpine/paco0228/ace_checkpoints/run_20260606_103826_seed42/checkpoint.pt'
ERROR:root:Failed to save checkpoint: [Errno 2] No such file or directory: '/scratch/alpine/paco0228/ace_checkpoints/run_20260606_103826_seed42/checkpoint.pt.tmp' -> '/scratch/alpine/paco0228/ace_checkpoints/run_20260606_103826_seed42/checkpoint.pt'
Failed to save checkpoint: [Errno 2] No such file or directory: '/scratch/alpine/paco0228/ace_checkpoints/run_20260606_103826_seed42/checkpoint.pt.tmp' -> '/scratch/alpine/paco0228/ace_checkpoints/run_20260606_103826_seed42/checkpoint.pt'
ERROR:root:Failed to save checkpoint: [Errno 2] No such file or directory: '/scratch/alpine/paco0228/ace_checkpoints/run_20260606_103826_seed42/checkpoint.pt.tmp' -> '/scratch/alpine/paco0228/ace_checkpoints/run_20260606_103826_seed42/checkpoint.pt'
Failed to save checkpoint: [Errno 2] No such file or directory: '/scratch/alpine/paco0228/ace_checkpoints/run_20260606_103826_seed42/checkpoint.pt.tmp' -> '/scratch/alpine/paco0228/ace_checkpoints/run_20260606_103826_seed42/checkpoint.pt'
ERROR:root:Failed to save checkpoint: [Errno 2] No such file or directory: '/scratch/alpine/paco0228/ace_checkpoints/run_20260606_103826_seed42/checkpoint.pt.tmp' -> '/scratch/alpine/paco0228/ace_checkpoints/run_20260606_103826_seed42/checkpoint.pt'
Failed to save checkpoint: [Errno 2] No such file or directory: '/scratch/alpine/paco0228/ace_checkpoints/run_20260606_103826_seed42/checkpoint.pt.tmp' -> '/scratch/alpine/paco0228/ace_checkpoints/run_20260606_103826_seed42/checkpoint.pt'
ERROR:root:Failed to save checkpoint: [Errno 2] No such file or directory: '/scratch/alpine/paco0228/ace_checkpoints/run_20260606_103826_seed42/checkpoint.pt.tmp' -> '/scratch/alpine/paco0228/ace_checkpoints/run_20260606_103826_seed42/checkpoint.pt'
Failed to save checkpoint: [Errno 2] No such file or directory: '/scratch/alpine/paco0228/ace_checkpoints/run_20260606_103826_seed42/checkpoint.pt.tmp' -> '/scratch/alpine/paco0228/ace_checkpoints/run_20260606_103826_seed42/checkpoint.pt'
ERROR:root:Failed to save checkpoint: [Errno 2] No such file or directory: '/scratch/alpine/paco0228/ace_checkpoints/run_20260606_103826_seed42/checkpoint.pt.tmp' -> '/scratch/alpine/paco0228/ace_checkpoints/run_20260606_103826_seed42/checkpoint.pt'
Failed to save checkpoint: [Errno 2] No such file or directory: '/scratch/alpine/paco0228/ace_checkpoints/run_20260606_103826_seed42/checkpoint.pt.tmp' -> '/scratch/alpine/paco0228/ace_checkpoints/run_20260606_103826_seed42/checkpoint.pt'
ERROR:root:Failed to save checkpoint: [Errno 2] No such file or directory: '/scratch/alpine/paco0228/ace_checkpoints/run_20260606_103826_seed42/checkpoint.pt.tmp' -> '/scratch/alpine/paco0228/ace_checkpoints/run_20260606_103826_seed42/checkpoint.pt'
Failed to save checkpoint: [Errno 2] No such file or directory: '/scratch/alpine/paco0228/ace_checkpoints/run_20260606_103826_seed42/checkpoint.pt.tmp' -> '/scratch/alpine/paco0228/ace_checkpoints/run_20260606_103826_seed42/checkpoint.pt'
ERROR:root:Failed to save checkpoint: [Errno 2] No such file or directory: '/scratch/alpine/paco0228/ace_checkpoints/run_20260606_103826_seed42/checkpoint.pt.tmp' -> '/scratch/alpine/paco0228/ace_checkpoints/run_20260606_103826_seed42/checkpoint.pt'
Failed to save checkpoint: [Errno 2] No such file or directory: '/scratch/alpine/paco0228/ace_checkpoints/run_20260606_103826_seed42/checkpoint.pt.tmp' -> '/scratch/alpine/paco0228/ace_checkpoints/run_20260606_103826_seed42/checkpoint.pt'
ERROR:root:Failed to save checkpoint: [Errno 2] No such file or directory: '/scratch/alpine/paco0228/ace_checkpoints/run_20260606_103826_seed42/checkpoint.pt.tmp' -> '/scratch/alpine/paco0228/ace_checkpoints/run_20260606_103826_seed42/checkpoint.pt'
Failed to save checkpoint: [Errno 2] No such file or directory: '/scratch/alpine/paco0228/ace_checkpoints/run_20260606_103826_seed42/checkpoint.pt.tmp' -> '/scratch/alpine/paco0228/ace_checkpoints/run_20260606_103826_seed42/checkpoint.pt'
ERROR:root:Failed to save checkpoint: [Errno 2] No such file or directory: '/scratch/alpine/paco0228/ace_checkpoints/run_20260606_103826_seed42/checkpoint.pt.tmp' -> '/scratch/alpine/paco0228/ace_checkpoints/run_20260606_103826_seed42/checkpoint.pt'
Failed to save checkpoint: [Errno 2] No such file or directory: '/scratch/alpine/paco0228/ace_checkpoints/run_20260606_103826_seed42/checkpoint.pt.tmp' -> '/scratch/alpine/paco0228/ace_checkpoints/run_20260606_103826_seed42/checkpoint.pt'
ERROR:root:Failed to save checkpoint: [Errno 2] No such file or directory: '/scratch/alpine/paco0228/ace_checkpoints/run_20260606_103826_seed42/checkpoint.pt.tmp' -> '/scratch/alpine/paco0228/ace_checkpoints/run_20260606_103826_seed42/checkpoint.pt'
Failed to save checkpoint: [Errno 2] No such file or directory: '/scratch/alpine/paco0228/ace_checkpoints/run_20260606_103826_seed42/checkpoint.pt.tmp' -> '/scratch/alpine/paco0228/ace_checkpoints/run_20260606_103826_seed42/checkpoint.pt'
ERROR:root:Failed to save checkpoint: [Errno 2] No such file or directory: '/scratch/alpine/paco0228/ace_checkpoints/run_20260606_103826_seed42/checkpoint.pt.tmp' -> '/scratch/alpine/paco0228/ace_checkpoints/run_20260606_103826_seed42/checkpoint.pt'
Failed to save checkpoint: [Errno 2] No such file or directory: '/scratch/alpine/paco0228/ace_checkpoints/run_20260606_103826_seed42/checkpoint.pt.tmp' -> '/scratch/alpine/paco0228/ace_checkpoints/run_20260606_103826_seed42/checkpoint.pt'
ERROR:root:Failed to save checkpoint: [Errno 2] No such file or directory: '/scratch/alpine/paco0228/ace_checkpoints/run_20260606_103826_seed42/checkpoint.pt.tmp' -> '/scratch/alpine/paco0228/ace_checkpoints/run_20260606_103826_seed42/checkpoint.pt'
Failed to save checkpoint: [Errno 2] No such file or directory: '/scratch/alpine/paco0228/ace_checkpoints/run_20260606_103826_seed42/checkpoint.pt.tmp' -> '/scratch/alpine/paco0228/ace_checkpoints/run_20260606_103826_seed42/checkpoint.pt'
ERROR:root:Failed to save checkpoint: [Errno 2] No such file or directory: '/scratch/alpine/paco0228/ace_checkpoints/run_20260606_103826_seed42/checkpoint.pt.tmp' -> '/scratch/alpine/paco0228/ace_checkpoints/run_20260606_103826_seed42/checkpoint.pt'
Failed to save checkpoint: [Errno 2] No such file or directory: '/scratch/alpine/paco0228/ace_checkpoints/run_20260606_103826_seed42/checkpoint.pt.tmp' -> '/scratch/alpine/paco0228/ace_checkpoints/run_20260606_103826_seed42/checkpoint.pt'
ERROR:root:Failed to save checkpoint: [Errno 2] No such file or directory: '/scratch/alpine/paco0228/ace_checkpoints/run_20260606_103826_seed42/checkpoint.pt.tmp' -> '/scratch/alpine/paco0228/ace_checkpoints/run_20260606_103826_seed42/checkpoint.pt'
Failed to save checkpoint: [Errno 2] No such file or directory: '/scratch/alpine/paco0228/ace_checkpoints/run_20260606_103826_seed42/checkpoint.pt.tmp' -> '/scratch/alpine/paco0228/ace_checkpoints/run_20260606_103826_seed42/checkpoint.pt'
ERROR:root:Failed to save checkpoint: [Errno 2] No such file or directory: '/scratch/alpine/paco0228/ace_checkpoints/run_20260606_103826_seed42/checkpoint.pt.tmp' -> '/scratch/alpine/paco0228/ace_checkpoints/run_20260606_103826_seed42/checkpoint.pt'
Failed to save checkpoint: [Errno 2] No such file or directory: '/scratch/alpine/paco0228/ace_checkpoints/run_20260606_103826_seed42/checkpoint.pt.tmp' -> '/scratch/alpine/paco0228/ace_checkpoints/run_20260606_103826_seed42/checkpoint.pt'
ERROR:root:Failed to save checkpoint: [Errno 2] No such file or directory: '/scratch/alpine/paco0228/ace_checkpoints/run_20260606_103826_seed42/checkpoint.pt.tmp' -> '/scratch/alpine/paco0228/ace_checkpoints/run_20260606_103826_seed42/checkpoint.pt'
Failed to save checkpoint: [Errno 2] No such file or directory: '/scratch/alpine/paco0228/ace_checkpoints/run_20260606_103826_seed42/checkpoint.pt.tmp' -> '/scratch/alpine/paco0228/ace_checkpoints/run_20260606_103826_seed42/checkpoint.pt'
ERROR:root:Failed to save checkpoint: [Errno 2] No such file or directory: '/scratch/alpine/paco0228/ace_checkpoints/run_20260606_103826_seed42/checkpoint.pt.tmp' -> '/scratch/alpine/paco0228/ace_checkpoints/run_20260606_103826_seed42/checkpoint.pt'
Failed to save checkpoint: [Errno 2] No such file or directory: '/scratch/alpine/paco0228/ace_checkpoints/run_20260606_103826_seed42/checkpoint.pt.tmp' -> '/scratch/alpine/paco0228/ace_checkpoints/run_20260606_103826_seed42/checkpoint.pt'
ERROR:root:Failed to save checkpoint: [Errno 2] No such file or directory: '/scratch/alpine/paco0228/ace_checkpoints/run_20260606_103826_seed42/checkpoint.pt.tmp' -> '/scratch/alpine/paco0228/ace_checkpoints/run_20260606_103826_seed42/checkpoint.pt'
Failed to save checkpoint: [Errno 2] No such file or directory: '/scratch/alpine/paco0228/ace_checkpoints/run_20260606_103826_seed42/checkpoint.pt.tmp' -> '/scratch/alpine/paco0228/ace_checkpoints/run_20260606_103826_seed42/checkpoint.pt'
ERROR:root:Failed to save checkpoint: [Errno 2] No such file or directory: '/scratch/alpine/paco0228/ace_checkpoints/run_20260606_103826_seed42/checkpoint.pt.tmp' -> '/scratch/alpine/paco0228/ace_checkpoints/run_20260606_103826_seed42/checkpoint.pt'
Failed to save checkpoint: [Errno 2] No such file or directory: '/scratch/alpine/paco0228/ace_checkpoints/run_20260606_103826_seed42/checkpoint.pt.tmp' -> '/scratch/alpine/paco0228/ace_checkpoints/run_20260606_103826_seed42/checkpoint.pt'
ERROR:root:Failed to save checkpoint: [Errno 2] No such file or directory: '/scratch/alpine/paco0228/ace_checkpoints/run_20260606_103826_seed42/checkpoint.pt.tmp' -> '/scratch/alpine/paco0228/ace_checkpoints/run_20260606_103826_seed42/checkpoint.pt'
Failed to save checkpoint: [Errno 2] No such file or directory: '/scratch/alpine/paco0228/ace_checkpoints/run_20260606_103826_seed42/checkpoint.pt.tmp' -> '/scratch/alpine/paco0228/ace_checkpoints/run_20260606_103826_seed42/checkpoint.pt'
ERROR:root:Failed to save checkpoint: [Errno 2] No such file or directory: '/scratch/alpine/paco0228/ace_checkpoints/run_20260606_103826_seed42/checkpoint.pt.tmp' -> '/scratch/alpine/paco0228/ace_checkpoints/run_20260606_103826_seed42/checkpoint.pt'
Failed to save checkpoint: [Errno 2] No such file or directory: '/scratch/alpine/paco0228/ace_checkpoints/run_20260606_103826_seed42/checkpoint.pt.tmp' -> '/scratch/alpine/paco0228/ace_checkpoints/run_20260606_103826_seed42/checkpoint.pt'
ERROR:root:Failed to save checkpoint: [Errno 2] No such file or directory: '/scratch/alpine/paco0228/ace_checkpoints/run_20260606_103826_seed42/checkpoint.pt.tmp' -> '/scratch/alpine/paco0228/ace_checkpoints/run_20260606_103826_seed42/checkpoint.pt'
Failed to save checkpoint: [Errno 2] No such file or directory: '/scratch/alpine/paco0228/ace_checkpoints/run_20260606_103826_seed42/checkpoint.pt.tmp' -> '/scratch/alpine/paco0228/ace_checkpoints/run_20260606_103826_seed42/checkpoint.pt'
ERROR:root:Failed to save checkpoint: [Errno 2] No such file or directory: '/scratch/alpine/paco0228/ace_checkpoints/run_20260606_103826_seed42/checkpoint.pt.tmp' -> '/scratch/alpine/paco0228/ace_checkpoints/run_20260606_103826_seed42/checkpoint.pt'
Failed to save checkpoint: [Errno 2] No such file or directory: '/scratch/alpine/paco0228/ace_checkpoints/run_20260606_103826_seed42/checkpoint.pt.tmp' -> '/scratch/alpine/paco0228/ace_checkpoints/run_20260606_103826_seed42/checkpoint.pt'
ERROR:root:Failed to save checkpoint: [Errno 2] No such file or directory: '/scratch/alpine/paco0228/ace_checkpoints/run_20260606_103826_seed42/checkpoint.pt.tmp' -> '/scratch/alpine/paco0228/ace_checkpoints/run_20260606_103826_seed42/checkpoint.pt'
Failed to save checkpoint: [Errno 2] No such file or directory: '/scratch/alpine/paco0228/ace_checkpoints/run_20260606_103826_seed42/checkpoint.pt.tmp' -> '/scratch/alpine/paco0228/ace_checkpoints/run_20260606_103826_seed42/checkpoint.pt'
ERROR:root:Failed to save checkpoint: [Errno 2] No such file or directory: '/scratch/alpine/paco0228/ace_checkpoints/run_20260606_103826_seed42/checkpoint.pt.tmp' -> '/scratch/alpine/paco0228/ace_checkpoints/run_20260606_103826_seed42/checkpoint.pt'
Failed to save checkpoint: [Errno 2] No such file or directory: '/scratch/alpine/paco0228/ace_checkpoints/run_20260606_103826_seed42/checkpoint.pt.tmp' -> '/scratch/alpine/paco0228/ace_checkpoints/run_20260606_103826_seed42/checkpoint.pt'
ERROR:root:Failed to save checkpoint: [Errno 2] No such file or directory: '/scratch/alpine/paco0228/ace_checkpoints/run_20260606_103826_seed42/checkpoint.pt.tmp' -> '/scratch/alpine/paco0228/ace_checkpoints/run_20260606_103826_seed42/checkpoint.pt'
Failed to save checkpoint: [Errno 2] No such file or directory: '/scratch/alpine/paco0228/ace_checkpoints/run_20260606_103826_seed42/checkpoint.pt.tmp' -> '/scratch/alpine/paco0228/ace_checkpoints/run_20260606_103826_seed42/checkpoint.pt'
ERROR:root:Failed to save checkpoint: [Errno 2] No such file or directory: '/scratch/alpine/paco0228/ace_checkpoints/run_20260606_103826_seed42/checkpoint.pt.tmp' -> '/scratch/alpine/paco0228/ace_checkpoints/run_20260606_103826_seed42/checkpoint.pt'
Failed to save checkpoint: [Errno 2] No such file or directory: '/scratch/alpine/paco0228/ace_checkpoints/run_20260606_103826_seed42/checkpoint.pt.tmp' -> '/scratch/alpine/paco0228/ace_checkpoints/run_20260606_103826_seed42/checkpoint.pt'
ERROR:root:Failed to save checkpoint: [Errno 2] No such file or directory: '/scratch/alpine/paco0228/ace_checkpoints/run_20260606_103826_seed42/checkpoint.pt.tmp' -> '/scratch/alpine/paco0228/ace_checkpoints/run_20260606_103826_seed42/checkpoint.pt'
Failed to save checkpoint: [Errno 2] No such file or directory: '/scratch/alpine/paco0228/ace_checkpoints/run_20260606_103826_seed42/checkpoint.pt.tmp' -> '/scratch/alpine/paco0228/ace_checkpoints/run_20260606_103826_seed42/checkpoint.pt'
ERROR:root:Failed to save checkpoint: [Errno 2] No such file or directory: '/scratch/alpine/paco0228/ace_checkpoints/run_20260606_103826_seed42/checkpoint.pt.tmp' -> '/scratch/alpine/paco0228/ace_checkpoints/run_20260606_103826_seed42/checkpoint.pt'
Failed to save checkpoint: [Errno 2] No such file or directory: '/scratch/alpine/paco0228/ace_checkpoints/run_20260606_103826_seed42/checkpoint.pt.tmp' -> '/scratch/alpine/paco0228/ace_checkpoints/run_20260606_103826_seed42/checkpoint.pt'
ERROR:root:Failed to save checkpoint: [Errno 2] No such file or directory: '/scratch/alpine/paco0228/ace_checkpoints/run_20260606_103826_seed42/checkpoint.pt.tmp' -> '/scratch/alpine/paco0228/ace_checkpoints/run_20260606_103826_seed42/checkpoint.pt'
Failed to save checkpoint: [Errno 2] No such file or directory: '/scratch/alpine/paco0228/ace_checkpoints/run_20260606_103826_seed42/checkpoint.pt.tmp' -> '/scratch/alpine/paco0228/ace_checkpoints/run_20260606_103826_seed42/checkpoint.pt'
ERROR:root:Failed to save checkpoint: [Errno 2] No such file or directory: '/scratch/alpine/paco0228/ace_checkpoints/run_20260606_103826_seed42/checkpoint.pt.tmp' -> '/scratch/alpine/paco0228/ace_checkpoints/run_20260606_103826_seed42/checkpoint.pt'
Failed to save checkpoint: [Errno 2] No such file or directory: '/scratch/alpine/paco0228/ace_checkpoints/run_20260606_103826_seed42/checkpoint.pt.tmp' -> '/scratch/alpine/paco0228/ace_checkpoints/run_20260606_103826_seed42/checkpoint.pt'
ERROR:root:Failed to save checkpoint: [Errno 2] No such file or directory: '/scratch/alpine/paco0228/ace_checkpoints/run_20260606_103826_seed42/checkpoint.pt.tmp' -> '/scratch/alpine/paco0228/ace_checkpoints/run_20260606_103826_seed42/checkpoint.pt'
Failed to save checkpoint: [Errno 2] No such file or directory: '/scratch/alpine/paco0228/ace_checkpoints/run_20260606_103826_seed42/checkpoint.pt.tmp' -> '/scratch/alpine/paco0228/ace_checkpoints/run_20260606_103826_seed42/checkpoint.pt'
ERROR:root:Failed to save checkpoint: [Errno 2] No such file or directory: '/scratch/alpine/paco0228/ace_checkpoints/run_20260606_103826_seed42/checkpoint.pt.tmp' -> '/scratch/alpine/paco0228/ace_checkpoints/run_20260606_103826_seed42/checkpoint.pt'
Failed to save checkpoint: [Errno 2] No such file or directory: '/scratch/alpine/paco0228/ace_checkpoints/run_20260606_103826_seed42/checkpoint.pt.tmp' -> '/scratch/alpine/paco0228/ace_checkpoints/run_20260606_103826_seed42/checkpoint.pt'
ERROR:root:Failed to save checkpoint: [Errno 2] No such file or directory: '/scratch/alpine/paco0228/ace_checkpoints/run_20260606_103826_seed42/checkpoint.pt.tmp' -> '/scratch/alpine/paco0228/ace_checkpoints/run_20260606_103826_seed42/checkpoint.pt'
Failed to save checkpoint: [Errno 2] No such file or directory: '/scratch/alpine/paco0228/ace_checkpoints/run_20260606_103826_seed42/checkpoint.pt.tmp' -> '/scratch/alpine/paco0228/ace_checkpoints/run_20260606_103826_seed42/checkpoint.pt'
ERROR:root:Failed to save checkpoint: [Errno 2] No such file or directory: '/scratch/alpine/paco0228/ace_checkpoints/run_20260606_103826_seed42/checkpoint.pt.tmp' -> '/scratch/alpine/paco0228/ace_checkpoints/run_20260606_103826_seed42/checkpoint.pt'
Failed to save checkpoint: [Errno 2] No such file or directory: '/scratch/alpine/paco0228/ace_checkpoints/run_20260606_103826_seed42/checkpoint.pt.tmp' -> '/scratch/alpine/paco0228/ace_checkpoints/run_20260606_103826_seed42/checkpoint.pt'
ERROR:root:Failed to save checkpoint: [Errno 2] No such file or directory: '/scratch/alpine/paco0228/ace_checkpoints/run_20260606_103826_seed42/checkpoint.pt.tmp' -> '/scratch/alpine/paco0228/ace_checkpoints/run_20260606_103826_seed42/checkpoint.pt'
Failed to save checkpoint: [Errno 2] No such file or directory: '/scratch/alpine/paco0228/ace_checkpoints/run_20260606_103826_seed42/checkpoint.pt.tmp' -> '/scratch/alpine/paco0228/ace_checkpoints/run_20260606_103826_seed42/checkpoint.pt'
ERROR:root:Failed to save checkpoint: [Errno 2] No such file or directory: '/scratch/alpine/paco0228/ace_checkpoints/run_20260606_103826_seed42/checkpoint.pt.tmp' -> '/scratch/alpine/paco0228/ace_checkpoints/run_20260606_103826_seed42/checkpoint.pt'
Failed to save checkpoint: [Errno 2] No such file or directory: '/scratch/alpine/paco0228/ace_checkpoints/run_20260606_103826_seed42/checkpoint.pt.tmp' -> '/scratch/alpine/paco0228/ace_checkpoints/run_20260606_103826_seed42/checkpoint.pt'
ERROR:root:Failed to save checkpoint: [Errno 2] No such file or directory: '/scratch/alpine/paco0228/ace_checkpoints/run_20260606_103826_seed42/checkpoint.pt.tmp' -> '/scratch/alpine/paco0228/ace_checkpoints/run_20260606_103826_seed42/checkpoint.pt'
Failed to save checkpoint: [Errno 2] No such file or directory: '/scratch/alpine/paco0228/ace_checkpoints/run_20260606_103826_seed42/checkpoint.pt.tmp' -> '/scratch/alpine/paco0228/ace_checkpoints/run_20260606_103826_seed42/checkpoint.pt'
ERROR:root:Failed to save checkpoint: [Errno 2] No such file or directory: '/scratch/alpine/paco0228/ace_checkpoints/run_20260606_103826_seed42/checkpoint.pt.tmp' -> '/scratch/alpine/paco0228/ace_checkpoints/run_20260606_103826_seed42/checkpoint.pt'
Failed to save checkpoint: [Errno 2] No such file or directory: '/scratch/alpine/paco0228/ace_checkpoints/run_20260606_103826_seed42/checkpoint.pt.tmp' -> '/scratch/alpine/paco0228/ace_checkpoints/run_20260606_103826_seed42/checkpoint.pt'
ERROR:root:Failed to save checkpoint: [Errno 2] No such file or directory: '/scratch/alpine/paco0228/ace_checkpoints/run_20260606_103826_seed42/checkpoint.pt.tmp' -> '/scratch/alpine/paco0228/ace_checkpoints/run_20260606_103826_seed42/checkpoint.pt'
Failed to save checkpoint: [Errno 2] No such file or directory: '/scratch/alpine/paco0228/ace_checkpoints/run_20260606_103826_seed42/checkpoint.pt.tmp' -> '/scratch/alpine/paco0228/ace_checkpoints/run_20260606_103826_seed42/checkpoint.pt'
ERROR:root:Failed to save checkpoint: [Errno 2] No such file or directory: '/scratch/alpine/paco0228/ace_checkpoints/run_20260606_103826_seed42/checkpoint.pt.tmp' -> '/scratch/alpine/paco0228/ace_checkpoints/run_20260606_103826_seed42/checkpoint.pt'
Failed to save checkpoint: [Errno 2] No such file or directory: '/scratch/alpine/paco0228/ace_checkpoints/run_20260606_103826_seed42/checkpoint.pt.tmp' -> '/scratch/alpine/paco0228/ace_checkpoints/run_20260606_103826_seed42/checkpoint.pt'
ERROR:root:Failed to save checkpoint: [Errno 2] No such file or directory: '/scratch/alpine/paco0228/ace_checkpoints/run_20260606_103826_seed42/checkpoint.pt.tmp' -> '/scratch/alpine/paco0228/ace_checkpoints/run_20260606_103826_seed42/checkpoint.pt'
Failed to save checkpoint: [Errno 2] No such file or directory: '/scratch/alpine/paco0228/ace_checkpoints/run_20260606_103826_seed42/checkpoint.pt.tmp' -> '/scratch/alpine/paco0228/ace_checkpoints/run_20260606_103826_seed42/checkpoint.pt'
ERROR:root:Failed to save checkpoint: [Errno 2] No such file or directory: '/scratch/alpine/paco0228/ace_checkpoints/run_20260606_103826_seed42/checkpoint.pt.tmp' -> '/scratch/alpine/paco0228/ace_checkpoints/run_20260606_103826_seed42/checkpoint.pt'
Failed to save checkpoint: [Errno 2] No such file or directory: '/scratch/alpine/paco0228/ace_checkpoints/run_20260606_103826_seed42/checkpoint.pt.tmp' -> '/scratch/alpine/paco0228/ace_checkpoints/run_20260606_103826_seed42/checkpoint.pt'
ERROR:root:Failed to save checkpoint: [Errno 2] No such file or directory: '/scratch/alpine/paco0228/ace_checkpoints/run_20260606_103826_seed42/checkpoint.pt.tmp' -> '/scratch/alpine/paco0228/ace_checkpoints/run_20260606_103826_seed42/checkpoint.pt'
Failed to save checkpoint: [Errno 2] No such file or directory: '/scratch/alpine/paco0228/ace_checkpoints/run_20260606_103826_seed42/checkpoint.pt.tmp' -> '/scratch/alpine/paco0228/ace_checkpoints/run_20260606_103826_seed42/checkpoint.pt'
ERROR:root:Failed to save checkpoint: [Errno 2] No such file or directory: '/scratch/alpine/paco0228/ace_checkpoints/run_20260606_103826_seed42/checkpoint.pt.tmp' -> '/scratch/alpine/paco0228/ace_checkpoints/run_20260606_103826_seed42/checkpoint.pt'
Failed to save checkpoint: [Errno 2] No such file or directory: '/scratch/alpine/paco0228/ace_checkpoints/run_20260606_103826_seed42/checkpoint.pt.tmp' -> '/scratch/alpine/paco0228/ace_checkpoints/run_20260606_103826_seed42/checkpoint.pt'
ERROR:root:Failed to save checkpoint: [Errno 2] No such file or directory: '/scratch/alpine/paco0228/ace_checkpoints/run_20260606_103826_seed42/checkpoint.pt.tmp' -> '/scratch/alpine/paco0228/ace_checkpoints/run_20260606_103826_seed42/checkpoint.pt'
Failed to save checkpoint: [Errno 2] No such file or directory: '/scratch/alpine/paco0228/ace_checkpoints/run_20260606_103826_seed42/checkpoint.pt.tmp' -> '/scratch/alpine/paco0228/ace_checkpoints/run_20260606_103826_seed42/checkpoint.pt'
ERROR:root:Failed to save checkpoint: [Errno 2] No such file or directory: '/scratch/alpine/paco0228/ace_checkpoints/run_20260606_103826_seed42/checkpoint.pt.tmp' -> '/scratch/alpine/paco0228/ace_checkpoints/run_20260606_103826_seed42/checkpoint.pt'
Failed to save checkpoint: [Errno 2] No such file or directory: '/scratch/alpine/paco0228/ace_checkpoints/run_20260606_103826_seed42/checkpoint.pt.tmp' -> '/scratch/alpine/paco0228/ace_checkpoints/run_20260606_103826_seed42/checkpoint.pt'
ERROR:root:Failed to save checkpoint: [Errno 2] No such file or directory: '/scratch/alpine/paco0228/ace_checkpoints/run_20260606_103826_seed42/checkpoint.pt.tmp' -> '/scratch/alpine/paco0228/ace_checkpoints/run_20260606_103826_seed42/checkpoint.pt'
Failed to save checkpoint: [Errno 2] No such file or directory: '/scratch/alpine/paco0228/ace_checkpoints/run_20260606_103826_seed42/checkpoint.pt.tmp' -> '/scratch/alpine/paco0228/ace_checkpoints/run_20260606_103826_seed42/checkpoint.pt'
ERROR:root:Failed to save checkpoint: [Errno 2] No such file or directory: '/scratch/alpine/paco0228/ace_checkpoints/run_20260606_103826_seed42/checkpoint.pt.tmp' -> '/scratch/alpine/paco0228/ace_checkpoints/run_20260606_103826_seed42/checkpoint.pt'
Failed to save checkpoint: [Errno 2] No such file or directory: '/scratch/alpine/paco0228/ace_checkpoints/run_20260606_103826_seed42/checkpoint.pt.tmp' -> '/scratch/alpine/paco0228/ace_checkpoints/run_20260606_103826_seed42/checkpoint.pt'
ERROR:root:Failed to save checkpoint: [Errno 2] No such file or directory: '/scratch/alpine/paco0228/ace_checkpoints/run_20260606_103826_seed42/checkpoint.pt.tmp' -> '/scratch/alpine/paco0228/ace_checkpoints/run_20260606_103826_seed42/checkpoint.pt'
Failed to save checkpoint: [Errno 2] No such file or directory: '/scratch/alpine/paco0228/ace_checkpoints/run_20260606_103826_seed42/checkpoint.pt.tmp' -> '/scratch/alpine/paco0228/ace_checkpoints/run_20260606_103826_seed42/checkpoint.pt'
ERROR:root:Failed to save checkpoint: [Errno 2] No such file or directory: '/scratch/alpine/paco0228/ace_checkpoints/run_20260606_103826_seed42/checkpoint.pt.tmp' -> '/scratch/alpine/paco0228/ace_checkpoints/run_20260606_103826_seed42/checkpoint.pt'
Failed to save checkpoint: [Errno 2] No such file or directory: '/scratch/alpine/paco0228/ace_checkpoints/run_20260606_103826_seed42/checkpoint.pt.tmp' -> '/scratch/alpine/paco0228/ace_checkpoints/run_20260606_103826_seed42/checkpoint.pt'
ERROR:root:Failed to save checkpoint: [Errno 2] No such file or directory: '/scratch/alpine/paco0228/ace_checkpoints/run_20260606_103826_seed42/checkpoint.pt.tmp' -> '/scratch/alpine/paco0228/ace_checkpoints/run_20260606_103826_seed42/checkpoint.pt'
Failed to save checkpoint: [Errno 2] No such file or directory: '/scratch/alpine/paco0228/ace_checkpoints/run_20260606_103826_seed42/checkpoint.pt.tmp' -> '/scratch/alpine/paco0228/ace_checkpoints/run_20260606_103826_seed42/checkpoint.pt'
ERROR:root:Failed to save checkpoint: [Errno 2] No such file or directory: '/scratch/alpine/paco0228/ace_checkpoints/run_20260606_103826_seed42/checkpoint.pt.tmp' -> '/scratch/alpine/paco0228/ace_checkpoints/run_20260606_103826_seed42/checkpoint.pt'
Failed to save checkpoint: [Errno 2] No such file or directory: '/scratch/alpine/paco0228/ace_checkpoints/run_20260606_103826_seed42/checkpoint.pt.tmp' -> '/scratch/alpine/paco0228/ace_checkpoints/run_20260606_103826_seed42/checkpoint.pt'
ERROR:root:Failed to save checkpoint: [Errno 2] No such file or directory: '/scratch/alpine/paco0228/ace_checkpoints/run_20260606_103826_seed42/checkpoint.pt.tmp' -> '/scratch/alpine/paco0228/ace_checkpoints/run_20260606_103826_seed42/checkpoint.pt'
Failed to save checkpoint: [Errno 2] No such file or directory: '/scratch/alpine/paco0228/ace_checkpoints/run_20260606_103826_seed42/checkpoint.pt.tmp' -> '/scratch/alpine/paco0228/ace_checkpoints/run_20260606_103826_seed42/checkpoint.pt'
ERROR:root:Failed to save checkpoint: [Errno 2] No such file or directory: '/scratch/alpine/paco0228/ace_checkpoints/run_20260606_103826_seed42/checkpoint.pt.tmp' -> '/scratch/alpine/paco0228/ace_checkpoints/run_20260606_103826_seed42/checkpoint.pt'
Failed to save checkpoint: [Errno 2] No such file or directory: '/scratch/alpine/paco0228/ace_checkpoints/run_20260606_103826_seed42/checkpoint.pt.tmp' -> '/scratch/alpine/paco0228/ace_checkpoints/run_20260606_103826_seed42/checkpoint.pt'
ERROR:root:Failed to save checkpoint: [Errno 2] No such file or directory: '/scratch/alpine/paco0228/ace_checkpoints/run_20260606_103826_seed42/checkpoint.pt.tmp' -> '/scratch/alpine/paco0228/ace_checkpoints/run_20260606_103826_seed42/checkpoint.pt'
Failed to save checkpoint: [Errno 2] No such file or directory: '/scratch/alpine/paco0228/ace_checkpoints/run_20260606_103826_seed42/checkpoint.pt.tmp' -> '/scratch/alpine/paco0228/ace_checkpoints/run_20260606_103826_seed42/checkpoint.pt'
ERROR:root:Failed to save checkpoint: [Errno 2] No such file or directory: '/scratch/alpine/paco0228/ace_checkpoints/run_20260606_103826_seed42/checkpoint.pt.tmp' -> '/scratch/alpine/paco0228/ace_checkpoints/run_20260606_103826_seed42/checkpoint.pt'
Failed to save checkpoint: [Errno 2] No such file or directory: '/scratch/alpine/paco0228/ace_checkpoints/run_20260606_103826_seed42/checkpoint.pt.tmp' -> '/scratch/alpine/paco0228/ace_checkpoints/run_20260606_103826_seed42/checkpoint.pt'
ERROR:root:Failed to save checkpoint: [Errno 2] No such file or directory: '/scratch/alpine/paco0228/ace_checkpoints/run_20260606_103826_seed42/checkpoint.pt.tmp' -> '/scratch/alpine/paco0228/ace_checkpoints/run_20260606_103826_seed42/checkpoint.pt'
Failed to save checkpoint: [Errno 2] No such file or directory: '/scratch/alpine/paco0228/ace_checkpoints/run_20260606_103826_seed42/checkpoint.pt.tmp' -> '/scratch/alpine/paco0228/ace_checkpoints/run_20260606_103826_seed42/checkpoint.pt'
ERROR:root:Failed to save checkpoint: [Errno 2] No such file or directory: '/scratch/alpine/paco0228/ace_checkpoints/run_20260606_103826_seed42/checkpoint.pt.tmp' -> '/scratch/alpine/paco0228/ace_checkpoints/run_20260606_103826_seed42/checkpoint.pt'
Failed to save checkpoint: [Errno 2] No such file or directory: '/scratch/alpine/paco0228/ace_checkpoints/run_20260606_103826_seed42/checkpoint.pt.tmp' -> '/scratch/alpine/paco0228/ace_checkpoints/run_20260606_103826_seed42/checkpoint.pt'
ERROR:root:Failed to save checkpoint: [Errno 2] No such file or directory: '/scratch/alpine/paco0228/ace_checkpoints/run_20260606_103826_seed42/checkpoint.pt.tmp' -> '/scratch/alpine/paco0228/ace_checkpoints/run_20260606_103826_seed42/checkpoint.pt'
Failed to save checkpoint: [Errno 2] No such file or directory: '/scratch/alpine/paco0228/ace_checkpoints/run_20260606_103826_seed42/checkpoint.pt.tmp' -> '/scratch/alpine/paco0228/ace_checkpoints/run_20260606_103826_seed42/checkpoint.pt'
ERROR:root:Failed to save checkpoint: [Errno 2] No such file or directory: '/scratch/alpine/paco0228/ace_checkpoints/run_20260606_103826_seed42/checkpoint.pt.tmp' -> '/scratch/alpine/paco0228/ace_checkpoints/run_20260606_103826_seed42/checkpoint.pt'
Failed to save checkpoint: [Errno 2] No such file or directory: '/scratch/alpine/paco0228/ace_checkpoints/run_20260606_103826_seed42/checkpoint.pt.tmp' -> '/scratch/alpine/paco0228/ace_checkpoints/run_20260606_103826_seed42/checkpoint.pt'
ERROR:root:Failed to save checkpoint: [Errno 2] No such file or directory: '/scratch/alpine/paco0228/ace_checkpoints/run_20260606_103826_seed42/checkpoint.pt.tmp' -> '/scratch/alpine/paco0228/ace_checkpoints/run_20260606_103826_seed42/checkpoint.pt'
Failed to save checkpoint: [Errno 2] No such file or directory: '/scratch/alpine/paco0228/ace_checkpoints/run_20260606_103826_seed42/checkpoint.pt.tmp' -> '/scratch/alpine/paco0228/ace_checkpoints/run_20260606_103826_seed42/checkpoint.pt'
ERROR:root:Failed to save checkpoint: [Errno 2] No such file or directory: '/scratch/alpine/paco0228/ace_checkpoints/run_20260606_103826_seed42/checkpoint.pt.tmp' -> '/scratch/alpine/paco0228/ace_checkpoints/run_20260606_103826_seed42/checkpoint.pt'
Failed to save checkpoint: [Errno 2] No such file or directory: '/scratch/alpine/paco0228/ace_checkpoints/run_20260606_103826_seed42/checkpoint.pt.tmp' -> '/scratch/alpine/paco0228/ace_checkpoints/run_20260606_103826_seed42/checkpoint.pt'
ERROR:root:Failed to save checkpoint: [Errno 2] No such file or directory: '/scratch/alpine/paco0228/ace_checkpoints/run_20260606_103826_seed42/checkpoint.pt.tmp' -> '/scratch/alpine/paco0228/ace_checkpoints/run_20260606_103826_seed42/checkpoint.pt'
Failed to save checkpoint: [Errno 2] No such file or directory: '/scratch/alpine/paco0228/ace_checkpoints/run_20260606_103826_seed42/checkpoint.pt.tmp' -> '/scratch/alpine/paco0228/ace_checkpoints/run_20260606_103826_seed42/checkpoint.pt'
ERROR:root:Failed to save checkpoint: [Errno 2] No such file or directory: '/scratch/alpine/paco0228/ace_checkpoints/run_20260606_103826_seed42/checkpoint.pt.tmp' -> '/scratch/alpine/paco0228/ace_checkpoints/run_20260606_103826_seed42/checkpoint.pt'
Failed to save checkpoint: [Errno 2] No such file or directory: '/scratch/alpine/paco0228/ace_checkpoints/run_20260606_103826_seed42/checkpoint.pt.tmp' -> '/scratch/alpine/paco0228/ace_checkpoints/run_20260606_103826_seed42/checkpoint.pt'
ERROR:root:Failed to save checkpoint: [Errno 2] No such file or directory: '/scratch/alpine/paco0228/ace_checkpoints/run_20260606_103826_seed42/checkpoint.pt.tmp' -> '/scratch/alpine/paco0228/ace_checkpoints/run_20260606_103826_seed42/checkpoint.pt'
Failed to save checkpoint: [Errno 2] No such file or directory: '/scratch/alpine/paco0228/ace_checkpoints/run_20260606_103826_seed42/checkpoint.pt.tmp' -> '/scratch/alpine/paco0228/ace_checkpoints/run_20260606_103826_seed42/checkpoint.pt'
ERROR:root:Failed to save checkpoint: [Errno 2] No such file or directory: '/scratch/alpine/paco0228/ace_checkpoints/run_20260606_103826_seed42/checkpoint.pt.tmp' -> '/scratch/alpine/paco0228/ace_checkpoints/run_20260606_103826_seed42/checkpoint.pt'
Failed to save checkpoint: [Errno 2] No such file or directory: '/scratch/alpine/paco0228/ace_checkpoints/run_20260606_103826_seed42/checkpoint.pt.tmp' -> '/scratch/alpine/paco0228/ace_checkpoints/run_20260606_103826_seed42/checkpoint.pt'
ERROR:root:Failed to save checkpoint: [Errno 2] No such file or directory: '/scratch/alpine/paco0228/ace_checkpoints/run_20260606_103826_seed42/checkpoint.pt.tmp' -> '/scratch/alpine/paco0228/ace_checkpoints/run_20260606_103826_seed42/checkpoint.pt'
Failed to save checkpoint: [Errno 2] No such file or directory: '/scratch/alpine/paco0228/ace_checkpoints/run_20260606_103826_seed42/checkpoint.pt.tmp' -> '/scratch/alpine/paco0228/ace_checkpoints/run_20260606_103826_seed42/checkpoint.pt'
ERROR:root:Failed to save checkpoint: [Errno 2] No such file or directory: '/scratch/alpine/paco0228/ace_checkpoints/run_20260606_103826_seed42/checkpoint.pt.tmp' -> '/scratch/alpine/paco0228/ace_checkpoints/run_20260606_103826_seed42/checkpoint.pt'
Failed to save checkpoint: [Errno 2] No such file or directory: '/scratch/alpine/paco0228/ace_checkpoints/run_20260606_103826_seed42/checkpoint.pt.tmp' -> '/scratch/alpine/paco0228/ace_checkpoints/run_20260606_103826_seed42/checkpoint.pt'
ERROR:root:Failed to save checkpoint: [Errno 2] No such file or directory: '/scratch/alpine/paco0228/ace_checkpoints/run_20260606_103826_seed42/checkpoint.pt.tmp' -> '/scratch/alpine/paco0228/ace_checkpoints/run_20260606_103826_seed42/checkpoint.pt'
Failed to save checkpoint: [Errno 2] No such file or directory: '/scratch/alpine/paco0228/ace_checkpoints/run_20260606_103826_seed42/checkpoint.pt.tmp' -> '/scratch/alpine/paco0228/ace_checkpoints/run_20260606_103826_seed42/checkpoint.pt'
ERROR:root:Failed to save checkpoint: [Errno 2] No such file or directory: '/scratch/alpine/paco0228/ace_checkpoints/run_20260606_103826_seed42/checkpoint.pt.tmp' -> '/scratch/alpine/paco0228/ace_checkpoints/run_20260606_103826_seed42/checkpoint.pt'
Failed to save checkpoint: [Errno 2] No such file or directory: '/scratch/alpine/paco0228/ace_checkpoints/run_20260606_103826_seed42/checkpoint.pt.tmp' -> '/scratch/alpine/paco0228/ace_checkpoints/run_20260606_103826_seed42/checkpoint.pt'
ERROR:root:Failed to save checkpoint: [Errno 2] No such file or directory: '/scratch/alpine/paco0228/ace_checkpoints/run_20260606_103826_seed42/checkpoint.pt.tmp' -> '/scratch/alpine/paco0228/ace_checkpoints/run_20260606_103826_seed42/checkpoint.pt'
Failed to save checkpoint: [Errno 2] No such file or directory: '/scratch/alpine/paco0228/ace_checkpoints/run_20260606_103826_seed42/checkpoint.pt.tmp' -> '/scratch/alpine/paco0228/ace_checkpoints/run_20260606_103826_seed42/checkpoint.pt'
ERROR:root:Failed to save checkpoint: [Errno 2] No such file or directory: '/scratch/alpine/paco0228/ace_checkpoints/run_20260606_103826_seed42/checkpoint.pt.tmp' -> '/scratch/alpine/paco0228/ace_checkpoints/run_20260606_103826_seed42/checkpoint.pt'
Failed to save checkpoint: [Errno 2] No such file or directory: '/scratch/alpine/paco0228/ace_checkpoints/run_20260606_103826_seed42/checkpoint.pt.tmp' -> '/scratch/alpine/paco0228/ace_checkpoints/run_20260606_103826_seed42/checkpoint.pt'
ERROR:root:Failed to save checkpoint: [Errno 2] No such file or directory: '/scratch/alpine/paco0228/ace_checkpoints/run_20260606_103826_seed42/checkpoint.pt.tmp' -> '/scratch/alpine/paco0228/ace_checkpoints/run_20260606_103826_seed42/checkpoint.pt'
Failed to save checkpoint: [Errno 2] No such file or directory: '/scratch/alpine/paco0228/ace_checkpoints/run_20260606_103826_seed42/checkpoint.pt.tmp' -> '/scratch/alpine/paco0228/ace_checkpoints/run_20260606_103826_seed42/checkpoint.pt'
ERROR:root:Failed to save checkpoint: [Errno 2] No such file or directory: '/scratch/alpine/paco0228/ace_checkpoints/run_20260606_103826_seed42/checkpoint.pt.tmp' -> '/scratch/alpine/paco0228/ace_checkpoints/run_20260606_103826_seed42/checkpoint.pt'
Failed to save checkpoint: [Errno 2] No such file or directory: '/scratch/alpine/paco0228/ace_checkpoints/run_20260606_103826_seed42/checkpoint.pt.tmp' -> '/scratch/alpine/paco0228/ace_checkpoints/run_20260606_103826_seed42/checkpoint.pt'
ERROR:root:Failed to save checkpoint: [Errno 2] No such file or directory: '/scratch/alpine/paco0228/ace_checkpoints/run_20260606_103826_seed42/checkpoint.pt.tmp' -> '/scratch/alpine/paco0228/ace_checkpoints/run_20260606_103826_seed42/checkpoint.pt'
Failed to save checkpoint: [Errno 2] No such file or directory: '/scratch/alpine/paco0228/ace_checkpoints/run_20260606_103826_seed42/checkpoint.pt.tmp' -> '/scratch/alpine/paco0228/ace_checkpoints/run_20260606_103826_seed42/checkpoint.pt'
ERROR:root:Failed to save checkpoint: [Errno 2] No such file or directory: '/scratch/alpine/paco0228/ace_checkpoints/run_20260606_103826_seed42/checkpoint.pt.tmp' -> '/scratch/alpine/paco0228/ace_checkpoints/run_20260606_103826_seed42/checkpoint.pt'
Failed to save checkpoint: [Errno 2] No such file or directory: '/scratch/alpine/paco0228/ace_checkpoints/run_20260606_103826_seed42/checkpoint.pt.tmp' -> '/scratch/alpine/paco0228/ace_checkpoints/run_20260606_103826_seed42/checkpoint.pt'
ERROR:root:Failed to save checkpoint: [Errno 2] No such file or directory: '/scratch/alpine/paco0228/ace_checkpoints/run_20260606_103826_seed42/checkpoint.pt.tmp' -> '/scratch/alpine/paco0228/ace_checkpoints/run_20260606_103826_seed42/checkpoint.pt'
Failed to save checkpoint: [Errno 2] No such file or directory: '/scratch/alpine/paco0228/ace_checkpoints/run_20260606_103826_seed42/checkpoint.pt.tmp' -> '/scratch/alpine/paco0228/ace_checkpoints/run_20260606_103826_seed42/checkpoint.pt'
ERROR:root:Failed to save checkpoint: [Errno 2] No such file or directory: '/scratch/alpine/paco0228/ace_checkpoints/run_20260606_103826_seed42/checkpoint.pt.tmp' -> '/scratch/alpine/paco0228/ace_checkpoints/run_20260606_103826_seed42/checkpoint.pt'
Failed to save checkpoint: [Errno 2] No such file or directory: '/scratch/alpine/paco0228/ace_checkpoints/run_20260606_103826_seed42/checkpoint.pt.tmp' -> '/scratch/alpine/paco0228/ace_checkpoints/run_20260606_103826_seed42/checkpoint.pt'
ERROR:root:Failed to save checkpoint: [Errno 2] No such file or directory: '/scratch/alpine/paco0228/ace_checkpoints/run_20260606_103826_seed42/checkpoint.pt.tmp' -> '/scratch/alpine/paco0228/ace_checkpoints/run_20260606_103826_seed42/checkpoint.pt'
Failed to save checkpoint: [Errno 2] No such file or directory: '/scratch/alpine/paco0228/ace_checkpoints/run_20260606_103826_seed42/checkpoint.pt.tmp' -> '/scratch/alpine/paco0228/ace_checkpoints/run_20260606_103826_seed42/checkpoint.pt'
ERROR:root:Failed to save checkpoint: [Errno 2] No such file or directory: '/scratch/alpine/paco0228/ace_checkpoints/run_20260606_103826_seed42/checkpoint.pt.tmp' -> '/scratch/alpine/paco0228/ace_checkpoints/run_20260606_103826_seed42/checkpoint.pt'
Failed to save checkpoint: [Errno 2] No such file or directory: '/scratch/alpine/paco0228/ace_checkpoints/run_20260606_103826_seed42/checkpoint.pt.tmp' -> '/scratch/alpine/paco0228/ace_checkpoints/run_20260606_103826_seed42/checkpoint.pt'
ERROR:root:Failed to save checkpoint: [Errno 2] No such file or directory: '/scratch/alpine/paco0228/ace_checkpoints/run_20260606_103826_seed42/checkpoint.pt.tmp' -> '/scratch/alpine/paco0228/ace_checkpoints/run_20260606_103826_seed42/checkpoint.pt'
Failed to save checkpoint: [Errno 2] No such file or directory: '/scratch/alpine/paco0228/ace_checkpoints/run_20260606_103826_seed42/checkpoint.pt.tmp' -> '/scratch/alpine/paco0228/ace_checkpoints/run_20260606_103826_seed42/checkpoint.pt'
ERROR:root:Failed to save checkpoint: [Errno 2] No such file or directory: '/scratch/alpine/paco0228/ace_checkpoints/run_20260606_103826_seed42/checkpoint.pt.tmp' -> '/scratch/alpine/paco0228/ace_checkpoints/run_20260606_103826_seed42/checkpoint.pt'
Failed to save checkpoint: [Errno 2] No such file or directory: '/scratch/alpine/paco0228/ace_checkpoints/run_20260606_103826_seed42/checkpoint.pt.tmp' -> '/scratch/alpine/paco0228/ace_checkpoints/run_20260606_103826_seed42/checkpoint.pt'
ERROR:root:Failed to save checkpoint: [Errno 2] No such file or directory: '/scratch/alpine/paco0228/ace_checkpoints/run_20260606_103826_seed42/checkpoint.pt.tmp' -> '/scratch/alpine/paco0228/ace_checkpoints/run_20260606_103826_seed42/checkpoint.pt'
Failed to save checkpoint: [Errno 2] No such file or directory: '/scratch/alpine/paco0228/ace_checkpoints/run_20260606_103826_seed42/checkpoint.pt.tmp' -> '/scratch/alpine/paco0228/ace_checkpoints/run_20260606_103826_seed42/checkpoint.pt'
ERROR:root:Failed to save checkpoint: [Errno 2] No such file or directory: '/scratch/alpine/paco0228/ace_checkpoints/run_20260606_103826_seed42/checkpoint.pt.tmp' -> '/scratch/alpine/paco0228/ace_checkpoints/run_20260606_103826_seed42/checkpoint.pt'
Failed to save checkpoint: [Errno 2] No such file or directory: '/scratch/alpine/paco0228/ace_checkpoints/run_20260606_103826_seed42/checkpoint.pt.tmp' -> '/scratch/alpine/paco0228/ace_checkpoints/run_20260606_103826_seed42/checkpoint.pt'
ERROR:root:Failed to save checkpoint: [Errno 2] No such file or directory: '/scratch/alpine/paco0228/ace_checkpoints/run_20260606_103826_seed42/checkpoint.pt.tmp' -> '/scratch/alpine/paco0228/ace_checkpoints/run_20260606_103826_seed42/checkpoint.pt'
Failed to save checkpoint: [Errno 2] No such file or directory: '/scratch/alpine/paco0228/ace_checkpoints/run_20260606_103826_seed42/checkpoint.pt.tmp' -> '/scratch/alpine/paco0228/ace_checkpoints/run_20260606_103826_seed42/checkpoint.pt'
ERROR:root:Failed to save checkpoint: [Errno 2] No such file or directory: '/scratch/alpine/paco0228/ace_checkpoints/run_20260606_103826_seed42/checkpoint.pt.tmp' -> '/scratch/alpine/paco0228/ace_checkpoints/run_20260606_103826_seed42/checkpoint.pt'
Failed to save checkpoint: [Errno 2] No such file or directory: '/scratch/alpine/paco0228/ace_checkpoints/run_20260606_103826_seed42/checkpoint.pt.tmp' -> '/scratch/alpine/paco0228/ace_checkpoints/run_20260606_103826_seed42/checkpoint.pt'
ERROR:root:Failed to save checkpoint: [Errno 2] No such file or directory: '/scratch/alpine/paco0228/ace_checkpoints/run_20260606_103826_seed42/checkpoint.pt.tmp' -> '/scratch/alpine/paco0228/ace_checkpoints/run_20260606_103826_seed42/checkpoint.pt'
Failed to save checkpoint: [Errno 2] No such file or directory: '/scratch/alpine/paco0228/ace_checkpoints/run_20260606_103826_seed42/checkpoint.pt.tmp' -> '/scratch/alpine/paco0228/ace_checkpoints/run_20260606_103826_seed42/checkpoint.pt'
slurmstepd: error: *** JOB 28284599 ON c3gpu-c2-u11 CANCELLED AT 2026-06-15T14:55:47 DUE TO TIME LIMIT ***
