/projects/paco0228/miniconda3/envs/ace/lib/python3.10/site-packages/transformers/utils/hub.py:110: FutureWarning: Using `TRANSFORMERS_CACHE` is deprecated and will be removed in v5 of Transformers. Use `HF_HOME` instead.
  warnings.warn(
`torch_dtype` is deprecated! Use `dtype` instead!
ERROR:root:Failed to save checkpoint: [Errno 2] No such file or directory: '/scratch/alpine/paco0228/ace_checkpoints/run_20260605_091009_seed1011/checkpoint.pt.tmp' -> '/scratch/alpine/paco0228/ace_checkpoints/run_20260605_091009_seed1011/checkpoint.pt'
Failed to save checkpoint: [Errno 2] No such file or directory: '/scratch/alpine/paco0228/ace_checkpoints/run_20260605_091009_seed1011/checkpoint.pt.tmp' -> '/scratch/alpine/paco0228/ace_checkpoints/run_20260605_091009_seed1011/checkpoint.pt'
ERROR:root:Failed to save checkpoint: [Errno 2] No such file or directory: '/scratch/alpine/paco0228/ace_checkpoints/run_20260605_091009_seed1011/checkpoint.pt.tmp' -> '/scratch/alpine/paco0228/ace_checkpoints/run_20260605_091009_seed1011/checkpoint.pt'
Failed to save checkpoint: [Errno 2] No such file or directory: '/scratch/alpine/paco0228/ace_checkpoints/run_20260605_091009_seed1011/checkpoint.pt.tmp' -> '/scratch/alpine/paco0228/ace_checkpoints/run_20260605_091009_seed1011/checkpoint.pt'
ERROR:root:Failed to save checkpoint: [Errno 2] No such file or directory: '/scratch/alpine/paco0228/ace_checkpoints/run_20260605_091009_seed1011/checkpoint.pt.tmp' -> '/scratch/alpine/paco0228/ace_checkpoints/run_20260605_091009_seed1011/checkpoint.pt'
Failed to save checkpoint: [Errno 2] No such file or directory: '/scratch/alpine/paco0228/ace_checkpoints/run_20260605_091009_seed1011/checkpoint.pt.tmp' -> '/scratch/alpine/paco0228/ace_checkpoints/run_20260605_091009_seed1011/checkpoint.pt'
ERROR:root:Failed to save checkpoint: [Errno 2] No such file or directory: '/scratch/alpine/paco0228/ace_checkpoints/run_20260605_091009_seed1011/checkpoint.pt.tmp' -> '/scratch/alpine/paco0228/ace_checkpoints/run_20260605_091009_seed1011/checkpoint.pt'
Failed to save checkpoint: [Errno 2] No such file or directory: '/scratch/alpine/paco0228/ace_checkpoints/run_20260605_091009_seed1011/checkpoint.pt.tmp' -> '/scratch/alpine/paco0228/ace_checkpoints/run_20260605_091009_seed1011/checkpoint.pt'
ERROR:root:Failed to save checkpoint: [Errno 2] No such file or directory: '/scratch/alpine/paco0228/ace_checkpoints/run_20260605_091009_seed1011/checkpoint.pt.tmp' -> '/scratch/alpine/paco0228/ace_checkpoints/run_20260605_091009_seed1011/checkpoint.pt'
Failed to save checkpoint: [Errno 2] No such file or directory: '/scratch/alpine/paco0228/ace_checkpoints/run_20260605_091009_seed1011/checkpoint.pt.tmp' -> '/scratch/alpine/paco0228/ace_checkpoints/run_20260605_091009_seed1011/checkpoint.pt'
ERROR:root:Failed to save checkpoint: [Errno 2] No such file or directory: '/scratch/alpine/paco0228/ace_checkpoints/run_20260605_091009_seed1011/checkpoint.pt.tmp' -> '/scratch/alpine/paco0228/ace_checkpoints/run_20260605_091009_seed1011/checkpoint.pt'
Failed to save checkpoint: [Errno 2] No such file or directory: '/scratch/alpine/paco0228/ace_checkpoints/run_20260605_091009_seed1011/checkpoint.pt.tmp' -> '/scratch/alpine/paco0228/ace_checkpoints/run_20260605_091009_seed1011/checkpoint.pt'
ERROR:root:Failed to save checkpoint: [Errno 2] No such file or directory: '/scratch/alpine/paco0228/ace_checkpoints/run_20260605_091009_seed1011/checkpoint.pt.tmp' -> '/scratch/alpine/paco0228/ace_checkpoints/run_20260605_091009_seed1011/checkpoint.pt'
Failed to save checkpoint: [Errno 2] No such file or directory: '/scratch/alpine/paco0228/ace_checkpoints/run_20260605_091009_seed1011/checkpoint.pt.tmp' -> '/scratch/alpine/paco0228/ace_checkpoints/run_20260605_091009_seed1011/checkpoint.pt'
ERROR:root:Failed to save checkpoint: [Errno 2] No such file or directory: '/scratch/alpine/paco0228/ace_checkpoints/run_20260605_091009_seed1011/checkpoint.pt.tmp' -> '/scratch/alpine/paco0228/ace_checkpoints/run_20260605_091009_seed1011/checkpoint.pt'
Failed to save checkpoint: [Errno 2] No such file or directory: '/scratch/alpine/paco0228/ace_checkpoints/run_20260605_091009_seed1011/checkpoint.pt.tmp' -> '/scratch/alpine/paco0228/ace_checkpoints/run_20260605_091009_seed1011/checkpoint.pt'
ERROR:root:Failed to save checkpoint: [Errno 2] No such file or directory: '/scratch/alpine/paco0228/ace_checkpoints/run_20260605_091009_seed1011/checkpoint.pt.tmp' -> '/scratch/alpine/paco0228/ace_checkpoints/run_20260605_091009_seed1011/checkpoint.pt'
Failed to save checkpoint: [Errno 2] No such file or directory: '/scratch/alpine/paco0228/ace_checkpoints/run_20260605_091009_seed1011/checkpoint.pt.tmp' -> '/scratch/alpine/paco0228/ace_checkpoints/run_20260605_091009_seed1011/checkpoint.pt'
ERROR:root:Failed to save checkpoint: [Errno 2] No such file or directory: '/scratch/alpine/paco0228/ace_checkpoints/run_20260605_091009_seed1011/checkpoint.pt.tmp' -> '/scratch/alpine/paco0228/ace_checkpoints/run_20260605_091009_seed1011/checkpoint.pt'
Failed to save checkpoint: [Errno 2] No such file or directory: '/scratch/alpine/paco0228/ace_checkpoints/run_20260605_091009_seed1011/checkpoint.pt.tmp' -> '/scratch/alpine/paco0228/ace_checkpoints/run_20260605_091009_seed1011/checkpoint.pt'
ERROR:root:Failed to save checkpoint: [Errno 2] No such file or directory: '/scratch/alpine/paco0228/ace_checkpoints/run_20260605_091009_seed1011/checkpoint.pt.tmp' -> '/scratch/alpine/paco0228/ace_checkpoints/run_20260605_091009_seed1011/checkpoint.pt'
Failed to save checkpoint: [Errno 2] No such file or directory: '/scratch/alpine/paco0228/ace_checkpoints/run_20260605_091009_seed1011/checkpoint.pt.tmp' -> '/scratch/alpine/paco0228/ace_checkpoints/run_20260605_091009_seed1011/checkpoint.pt'
ERROR:root:Failed to save checkpoint: [Errno 2] No such file or directory: '/scratch/alpine/paco0228/ace_checkpoints/run_20260605_091009_seed1011/checkpoint.pt.tmp' -> '/scratch/alpine/paco0228/ace_checkpoints/run_20260605_091009_seed1011/checkpoint.pt'
Failed to save checkpoint: [Errno 2] No such file or directory: '/scratch/alpine/paco0228/ace_checkpoints/run_20260605_091009_seed1011/checkpoint.pt.tmp' -> '/scratch/alpine/paco0228/ace_checkpoints/run_20260605_091009_seed1011/checkpoint.pt'
ERROR:root:Failed to save checkpoint: [Errno 2] No such file or directory: '/scratch/alpine/paco0228/ace_checkpoints/run_20260605_091009_seed1011/checkpoint.pt.tmp' -> '/scratch/alpine/paco0228/ace_checkpoints/run_20260605_091009_seed1011/checkpoint.pt'
Failed to save checkpoint: [Errno 2] No such file or directory: '/scratch/alpine/paco0228/ace_checkpoints/run_20260605_091009_seed1011/checkpoint.pt.tmp' -> '/scratch/alpine/paco0228/ace_checkpoints/run_20260605_091009_seed1011/checkpoint.pt'
ERROR:root:Failed to save checkpoint: [Errno 2] No such file or directory: '/scratch/alpine/paco0228/ace_checkpoints/run_20260605_091009_seed1011/checkpoint.pt.tmp' -> '/scratch/alpine/paco0228/ace_checkpoints/run_20260605_091009_seed1011/checkpoint.pt'
Failed to save checkpoint: [Errno 2] No such file or directory: '/scratch/alpine/paco0228/ace_checkpoints/run_20260605_091009_seed1011/checkpoint.pt.tmp' -> '/scratch/alpine/paco0228/ace_checkpoints/run_20260605_091009_seed1011/checkpoint.pt'
ERROR:root:Failed to save checkpoint: [Errno 2] No such file or directory: '/scratch/alpine/paco0228/ace_checkpoints/run_20260605_091009_seed1011/checkpoint.pt.tmp' -> '/scratch/alpine/paco0228/ace_checkpoints/run_20260605_091009_seed1011/checkpoint.pt'
Failed to save checkpoint: [Errno 2] No such file or directory: '/scratch/alpine/paco0228/ace_checkpoints/run_20260605_091009_seed1011/checkpoint.pt.tmp' -> '/scratch/alpine/paco0228/ace_checkpoints/run_20260605_091009_seed1011/checkpoint.pt'
ERROR:root:Failed to save checkpoint: [Errno 2] No such file or directory: '/scratch/alpine/paco0228/ace_checkpoints/run_20260605_091009_seed1011/checkpoint.pt.tmp' -> '/scratch/alpine/paco0228/ace_checkpoints/run_20260605_091009_seed1011/checkpoint.pt'
Failed to save checkpoint: [Errno 2] No such file or directory: '/scratch/alpine/paco0228/ace_checkpoints/run_20260605_091009_seed1011/checkpoint.pt.tmp' -> '/scratch/alpine/paco0228/ace_checkpoints/run_20260605_091009_seed1011/checkpoint.pt'
ERROR:root:Failed to save checkpoint: [Errno 2] No such file or directory: '/scratch/alpine/paco0228/ace_checkpoints/run_20260605_091009_seed1011/checkpoint.pt.tmp' -> '/scratch/alpine/paco0228/ace_checkpoints/run_20260605_091009_seed1011/checkpoint.pt'
Failed to save checkpoint: [Errno 2] No such file or directory: '/scratch/alpine/paco0228/ace_checkpoints/run_20260605_091009_seed1011/checkpoint.pt.tmp' -> '/scratch/alpine/paco0228/ace_checkpoints/run_20260605_091009_seed1011/checkpoint.pt'
ERROR:root:Failed to save checkpoint: [Errno 2] No such file or directory: '/scratch/alpine/paco0228/ace_checkpoints/run_20260605_091009_seed1011/checkpoint.pt.tmp' -> '/scratch/alpine/paco0228/ace_checkpoints/run_20260605_091009_seed1011/checkpoint.pt'
Failed to save checkpoint: [Errno 2] No such file or directory: '/scratch/alpine/paco0228/ace_checkpoints/run_20260605_091009_seed1011/checkpoint.pt.tmp' -> '/scratch/alpine/paco0228/ace_checkpoints/run_20260605_091009_seed1011/checkpoint.pt'
ERROR:root:Failed to save checkpoint: [Errno 2] No such file or directory: '/scratch/alpine/paco0228/ace_checkpoints/run_20260605_091009_seed1011/checkpoint.pt.tmp' -> '/scratch/alpine/paco0228/ace_checkpoints/run_20260605_091009_seed1011/checkpoint.pt'
Failed to save checkpoint: [Errno 2] No such file or directory: '/scratch/alpine/paco0228/ace_checkpoints/run_20260605_091009_seed1011/checkpoint.pt.tmp' -> '/scratch/alpine/paco0228/ace_checkpoints/run_20260605_091009_seed1011/checkpoint.pt'
ERROR:root:Failed to save checkpoint: [Errno 2] No such file or directory: '/scratch/alpine/paco0228/ace_checkpoints/run_20260605_091009_seed1011/checkpoint.pt.tmp' -> '/scratch/alpine/paco0228/ace_checkpoints/run_20260605_091009_seed1011/checkpoint.pt'
Failed to save checkpoint: [Errno 2] No such file or directory: '/scratch/alpine/paco0228/ace_checkpoints/run_20260605_091009_seed1011/checkpoint.pt.tmp' -> '/scratch/alpine/paco0228/ace_checkpoints/run_20260605_091009_seed1011/checkpoint.pt'
ERROR:root:Failed to save checkpoint: [Errno 2] No such file or directory: '/scratch/alpine/paco0228/ace_checkpoints/run_20260605_091009_seed1011/checkpoint.pt.tmp' -> '/scratch/alpine/paco0228/ace_checkpoints/run_20260605_091009_seed1011/checkpoint.pt'
Failed to save checkpoint: [Errno 2] No such file or directory: '/scratch/alpine/paco0228/ace_checkpoints/run_20260605_091009_seed1011/checkpoint.pt.tmp' -> '/scratch/alpine/paco0228/ace_checkpoints/run_20260605_091009_seed1011/checkpoint.pt'
ERROR:root:Failed to save checkpoint: [Errno 2] No such file or directory: '/scratch/alpine/paco0228/ace_checkpoints/run_20260605_091009_seed1011/checkpoint.pt.tmp' -> '/scratch/alpine/paco0228/ace_checkpoints/run_20260605_091009_seed1011/checkpoint.pt'
Failed to save checkpoint: [Errno 2] No such file or directory: '/scratch/alpine/paco0228/ace_checkpoints/run_20260605_091009_seed1011/checkpoint.pt.tmp' -> '/scratch/alpine/paco0228/ace_checkpoints/run_20260605_091009_seed1011/checkpoint.pt'
ERROR:root:Failed to save checkpoint: [Errno 2] No such file or directory: '/scratch/alpine/paco0228/ace_checkpoints/run_20260605_091009_seed1011/checkpoint.pt.tmp' -> '/scratch/alpine/paco0228/ace_checkpoints/run_20260605_091009_seed1011/checkpoint.pt'
Failed to save checkpoint: [Errno 2] No such file or directory: '/scratch/alpine/paco0228/ace_checkpoints/run_20260605_091009_seed1011/checkpoint.pt.tmp' -> '/scratch/alpine/paco0228/ace_checkpoints/run_20260605_091009_seed1011/checkpoint.pt'
ERROR:root:Failed to save checkpoint: [Errno 2] No such file or directory: '/scratch/alpine/paco0228/ace_checkpoints/run_20260605_091009_seed1011/checkpoint.pt.tmp' -> '/scratch/alpine/paco0228/ace_checkpoints/run_20260605_091009_seed1011/checkpoint.pt'
Failed to save checkpoint: [Errno 2] No such file or directory: '/scratch/alpine/paco0228/ace_checkpoints/run_20260605_091009_seed1011/checkpoint.pt.tmp' -> '/scratch/alpine/paco0228/ace_checkpoints/run_20260605_091009_seed1011/checkpoint.pt'
ERROR:root:Failed to save checkpoint: [Errno 2] No such file or directory: '/scratch/alpine/paco0228/ace_checkpoints/run_20260605_091009_seed1011/checkpoint.pt.tmp' -> '/scratch/alpine/paco0228/ace_checkpoints/run_20260605_091009_seed1011/checkpoint.pt'
Failed to save checkpoint: [Errno 2] No such file or directory: '/scratch/alpine/paco0228/ace_checkpoints/run_20260605_091009_seed1011/checkpoint.pt.tmp' -> '/scratch/alpine/paco0228/ace_checkpoints/run_20260605_091009_seed1011/checkpoint.pt'
ERROR:root:Failed to save checkpoint: [Errno 2] No such file or directory: '/scratch/alpine/paco0228/ace_checkpoints/run_20260605_091009_seed1011/checkpoint.pt.tmp' -> '/scratch/alpine/paco0228/ace_checkpoints/run_20260605_091009_seed1011/checkpoint.pt'
Failed to save checkpoint: [Errno 2] No such file or directory: '/scratch/alpine/paco0228/ace_checkpoints/run_20260605_091009_seed1011/checkpoint.pt.tmp' -> '/scratch/alpine/paco0228/ace_checkpoints/run_20260605_091009_seed1011/checkpoint.pt'
ERROR:root:Failed to save checkpoint: [Errno 2] No such file or directory: '/scratch/alpine/paco0228/ace_checkpoints/run_20260605_091009_seed1011/checkpoint.pt.tmp' -> '/scratch/alpine/paco0228/ace_checkpoints/run_20260605_091009_seed1011/checkpoint.pt'
Failed to save checkpoint: [Errno 2] No such file or directory: '/scratch/alpine/paco0228/ace_checkpoints/run_20260605_091009_seed1011/checkpoint.pt.tmp' -> '/scratch/alpine/paco0228/ace_checkpoints/run_20260605_091009_seed1011/checkpoint.pt'
ERROR:root:Failed to save checkpoint: [Errno 2] No such file or directory: '/scratch/alpine/paco0228/ace_checkpoints/run_20260605_091009_seed1011/checkpoint.pt.tmp' -> '/scratch/alpine/paco0228/ace_checkpoints/run_20260605_091009_seed1011/checkpoint.pt'
Failed to save checkpoint: [Errno 2] No such file or directory: '/scratch/alpine/paco0228/ace_checkpoints/run_20260605_091009_seed1011/checkpoint.pt.tmp' -> '/scratch/alpine/paco0228/ace_checkpoints/run_20260605_091009_seed1011/checkpoint.pt'
ERROR:root:Failed to save checkpoint: [Errno 2] No such file or directory: '/scratch/alpine/paco0228/ace_checkpoints/run_20260605_091009_seed1011/checkpoint.pt.tmp' -> '/scratch/alpine/paco0228/ace_checkpoints/run_20260605_091009_seed1011/checkpoint.pt'
Failed to save checkpoint: [Errno 2] No such file or directory: '/scratch/alpine/paco0228/ace_checkpoints/run_20260605_091009_seed1011/checkpoint.pt.tmp' -> '/scratch/alpine/paco0228/ace_checkpoints/run_20260605_091009_seed1011/checkpoint.pt'
ERROR:root:Failed to save checkpoint: [Errno 2] No such file or directory: '/scratch/alpine/paco0228/ace_checkpoints/run_20260605_091009_seed1011/checkpoint.pt.tmp' -> '/scratch/alpine/paco0228/ace_checkpoints/run_20260605_091009_seed1011/checkpoint.pt'
Failed to save checkpoint: [Errno 2] No such file or directory: '/scratch/alpine/paco0228/ace_checkpoints/run_20260605_091009_seed1011/checkpoint.pt.tmp' -> '/scratch/alpine/paco0228/ace_checkpoints/run_20260605_091009_seed1011/checkpoint.pt'
ERROR:root:Failed to save checkpoint: [Errno 2] No such file or directory: '/scratch/alpine/paco0228/ace_checkpoints/run_20260605_091009_seed1011/checkpoint.pt.tmp' -> '/scratch/alpine/paco0228/ace_checkpoints/run_20260605_091009_seed1011/checkpoint.pt'
Failed to save checkpoint: [Errno 2] No such file or directory: '/scratch/alpine/paco0228/ace_checkpoints/run_20260605_091009_seed1011/checkpoint.pt.tmp' -> '/scratch/alpine/paco0228/ace_checkpoints/run_20260605_091009_seed1011/checkpoint.pt'
ERROR:root:Failed to save checkpoint: [Errno 2] No such file or directory: '/scratch/alpine/paco0228/ace_checkpoints/run_20260605_091009_seed1011/checkpoint.pt.tmp' -> '/scratch/alpine/paco0228/ace_checkpoints/run_20260605_091009_seed1011/checkpoint.pt'
Failed to save checkpoint: [Errno 2] No such file or directory: '/scratch/alpine/paco0228/ace_checkpoints/run_20260605_091009_seed1011/checkpoint.pt.tmp' -> '/scratch/alpine/paco0228/ace_checkpoints/run_20260605_091009_seed1011/checkpoint.pt'
ERROR:root:Failed to save checkpoint: [Errno 2] No such file or directory: '/scratch/alpine/paco0228/ace_checkpoints/run_20260605_091009_seed1011/checkpoint.pt.tmp' -> '/scratch/alpine/paco0228/ace_checkpoints/run_20260605_091009_seed1011/checkpoint.pt'
Failed to save checkpoint: [Errno 2] No such file or directory: '/scratch/alpine/paco0228/ace_checkpoints/run_20260605_091009_seed1011/checkpoint.pt.tmp' -> '/scratch/alpine/paco0228/ace_checkpoints/run_20260605_091009_seed1011/checkpoint.pt'
ERROR:root:Failed to save checkpoint: [Errno 2] No such file or directory: '/scratch/alpine/paco0228/ace_checkpoints/run_20260605_091009_seed1011/checkpoint.pt.tmp' -> '/scratch/alpine/paco0228/ace_checkpoints/run_20260605_091009_seed1011/checkpoint.pt'
Failed to save checkpoint: [Errno 2] No such file or directory: '/scratch/alpine/paco0228/ace_checkpoints/run_20260605_091009_seed1011/checkpoint.pt.tmp' -> '/scratch/alpine/paco0228/ace_checkpoints/run_20260605_091009_seed1011/checkpoint.pt'
ERROR:root:Failed to save checkpoint: [Errno 2] No such file or directory: '/scratch/alpine/paco0228/ace_checkpoints/run_20260605_091009_seed1011/checkpoint.pt.tmp' -> '/scratch/alpine/paco0228/ace_checkpoints/run_20260605_091009_seed1011/checkpoint.pt'
Failed to save checkpoint: [Errno 2] No such file or directory: '/scratch/alpine/paco0228/ace_checkpoints/run_20260605_091009_seed1011/checkpoint.pt.tmp' -> '/scratch/alpine/paco0228/ace_checkpoints/run_20260605_091009_seed1011/checkpoint.pt'
ERROR:root:Failed to save checkpoint: [Errno 2] No such file or directory: '/scratch/alpine/paco0228/ace_checkpoints/run_20260605_091009_seed1011/checkpoint.pt.tmp' -> '/scratch/alpine/paco0228/ace_checkpoints/run_20260605_091009_seed1011/checkpoint.pt'
Failed to save checkpoint: [Errno 2] No such file or directory: '/scratch/alpine/paco0228/ace_checkpoints/run_20260605_091009_seed1011/checkpoint.pt.tmp' -> '/scratch/alpine/paco0228/ace_checkpoints/run_20260605_091009_seed1011/checkpoint.pt'
ERROR:root:Failed to save checkpoint: [Errno 2] No such file or directory: '/scratch/alpine/paco0228/ace_checkpoints/run_20260605_091009_seed1011/checkpoint.pt.tmp' -> '/scratch/alpine/paco0228/ace_checkpoints/run_20260605_091009_seed1011/checkpoint.pt'
Failed to save checkpoint: [Errno 2] No such file or directory: '/scratch/alpine/paco0228/ace_checkpoints/run_20260605_091009_seed1011/checkpoint.pt.tmp' -> '/scratch/alpine/paco0228/ace_checkpoints/run_20260605_091009_seed1011/checkpoint.pt'
ERROR:root:Failed to save checkpoint: [Errno 2] No such file or directory: '/scratch/alpine/paco0228/ace_checkpoints/run_20260605_091009_seed1011/checkpoint.pt.tmp' -> '/scratch/alpine/paco0228/ace_checkpoints/run_20260605_091009_seed1011/checkpoint.pt'
Failed to save checkpoint: [Errno 2] No such file or directory: '/scratch/alpine/paco0228/ace_checkpoints/run_20260605_091009_seed1011/checkpoint.pt.tmp' -> '/scratch/alpine/paco0228/ace_checkpoints/run_20260605_091009_seed1011/checkpoint.pt'
ERROR:root:Failed to save checkpoint: [Errno 2] No such file or directory: '/scratch/alpine/paco0228/ace_checkpoints/run_20260605_091009_seed1011/checkpoint.pt.tmp' -> '/scratch/alpine/paco0228/ace_checkpoints/run_20260605_091009_seed1011/checkpoint.pt'
Failed to save checkpoint: [Errno 2] No such file or directory: '/scratch/alpine/paco0228/ace_checkpoints/run_20260605_091009_seed1011/checkpoint.pt.tmp' -> '/scratch/alpine/paco0228/ace_checkpoints/run_20260605_091009_seed1011/checkpoint.pt'
ERROR:root:Failed to save checkpoint: [Errno 2] No such file or directory: '/scratch/alpine/paco0228/ace_checkpoints/run_20260605_091009_seed1011/checkpoint.pt.tmp' -> '/scratch/alpine/paco0228/ace_checkpoints/run_20260605_091009_seed1011/checkpoint.pt'
Failed to save checkpoint: [Errno 2] No such file or directory: '/scratch/alpine/paco0228/ace_checkpoints/run_20260605_091009_seed1011/checkpoint.pt.tmp' -> '/scratch/alpine/paco0228/ace_checkpoints/run_20260605_091009_seed1011/checkpoint.pt'
ERROR:root:Failed to save checkpoint: [Errno 2] No such file or directory: '/scratch/alpine/paco0228/ace_checkpoints/run_20260605_091009_seed1011/checkpoint.pt.tmp' -> '/scratch/alpine/paco0228/ace_checkpoints/run_20260605_091009_seed1011/checkpoint.pt'
Failed to save checkpoint: [Errno 2] No such file or directory: '/scratch/alpine/paco0228/ace_checkpoints/run_20260605_091009_seed1011/checkpoint.pt.tmp' -> '/scratch/alpine/paco0228/ace_checkpoints/run_20260605_091009_seed1011/checkpoint.pt'
ERROR:root:Failed to save checkpoint: [Errno 2] No such file or directory: '/scratch/alpine/paco0228/ace_checkpoints/run_20260605_091009_seed1011/checkpoint.pt.tmp' -> '/scratch/alpine/paco0228/ace_checkpoints/run_20260605_091009_seed1011/checkpoint.pt'
Failed to save checkpoint: [Errno 2] No such file or directory: '/scratch/alpine/paco0228/ace_checkpoints/run_20260605_091009_seed1011/checkpoint.pt.tmp' -> '/scratch/alpine/paco0228/ace_checkpoints/run_20260605_091009_seed1011/checkpoint.pt'
ERROR:root:Failed to save checkpoint: [Errno 2] No such file or directory: '/scratch/alpine/paco0228/ace_checkpoints/run_20260605_091009_seed1011/checkpoint.pt.tmp' -> '/scratch/alpine/paco0228/ace_checkpoints/run_20260605_091009_seed1011/checkpoint.pt'
Failed to save checkpoint: [Errno 2] No such file or directory: '/scratch/alpine/paco0228/ace_checkpoints/run_20260605_091009_seed1011/checkpoint.pt.tmp' -> '/scratch/alpine/paco0228/ace_checkpoints/run_20260605_091009_seed1011/checkpoint.pt'
ERROR:root:Failed to save checkpoint: [Errno 2] No such file or directory: '/scratch/alpine/paco0228/ace_checkpoints/run_20260605_091009_seed1011/checkpoint.pt.tmp' -> '/scratch/alpine/paco0228/ace_checkpoints/run_20260605_091009_seed1011/checkpoint.pt'
Failed to save checkpoint: [Errno 2] No such file or directory: '/scratch/alpine/paco0228/ace_checkpoints/run_20260605_091009_seed1011/checkpoint.pt.tmp' -> '/scratch/alpine/paco0228/ace_checkpoints/run_20260605_091009_seed1011/checkpoint.pt'
ERROR:root:Failed to save checkpoint: [Errno 2] No such file or directory: '/scratch/alpine/paco0228/ace_checkpoints/run_20260605_091009_seed1011/checkpoint.pt.tmp' -> '/scratch/alpine/paco0228/ace_checkpoints/run_20260605_091009_seed1011/checkpoint.pt'
Failed to save checkpoint: [Errno 2] No such file or directory: '/scratch/alpine/paco0228/ace_checkpoints/run_20260605_091009_seed1011/checkpoint.pt.tmp' -> '/scratch/alpine/paco0228/ace_checkpoints/run_20260605_091009_seed1011/checkpoint.pt'
ERROR:root:Failed to save checkpoint: [Errno 2] No such file or directory: '/scratch/alpine/paco0228/ace_checkpoints/run_20260605_091009_seed1011/checkpoint.pt.tmp' -> '/scratch/alpine/paco0228/ace_checkpoints/run_20260605_091009_seed1011/checkpoint.pt'
Failed to save checkpoint: [Errno 2] No such file or directory: '/scratch/alpine/paco0228/ace_checkpoints/run_20260605_091009_seed1011/checkpoint.pt.tmp' -> '/scratch/alpine/paco0228/ace_checkpoints/run_20260605_091009_seed1011/checkpoint.pt'
ERROR:root:Failed to save checkpoint: [Errno 2] No such file or directory: '/scratch/alpine/paco0228/ace_checkpoints/run_20260605_091009_seed1011/checkpoint.pt.tmp' -> '/scratch/alpine/paco0228/ace_checkpoints/run_20260605_091009_seed1011/checkpoint.pt'
Failed to save checkpoint: [Errno 2] No such file or directory: '/scratch/alpine/paco0228/ace_checkpoints/run_20260605_091009_seed1011/checkpoint.pt.tmp' -> '/scratch/alpine/paco0228/ace_checkpoints/run_20260605_091009_seed1011/checkpoint.pt'
ERROR:root:Failed to save checkpoint: [Errno 2] No such file or directory: '/scratch/alpine/paco0228/ace_checkpoints/run_20260605_091009_seed1011/checkpoint.pt.tmp' -> '/scratch/alpine/paco0228/ace_checkpoints/run_20260605_091009_seed1011/checkpoint.pt'
Failed to save checkpoint: [Errno 2] No such file or directory: '/scratch/alpine/paco0228/ace_checkpoints/run_20260605_091009_seed1011/checkpoint.pt.tmp' -> '/scratch/alpine/paco0228/ace_checkpoints/run_20260605_091009_seed1011/checkpoint.pt'
ERROR:root:Failed to save checkpoint: [Errno 2] No such file or directory: '/scratch/alpine/paco0228/ace_checkpoints/run_20260605_091009_seed1011/checkpoint.pt.tmp' -> '/scratch/alpine/paco0228/ace_checkpoints/run_20260605_091009_seed1011/checkpoint.pt'
Failed to save checkpoint: [Errno 2] No such file or directory: '/scratch/alpine/paco0228/ace_checkpoints/run_20260605_091009_seed1011/checkpoint.pt.tmp' -> '/scratch/alpine/paco0228/ace_checkpoints/run_20260605_091009_seed1011/checkpoint.pt'
ERROR:root:Failed to save checkpoint: [Errno 2] No such file or directory: '/scratch/alpine/paco0228/ace_checkpoints/run_20260605_091009_seed1011/checkpoint.pt.tmp' -> '/scratch/alpine/paco0228/ace_checkpoints/run_20260605_091009_seed1011/checkpoint.pt'
Failed to save checkpoint: [Errno 2] No such file or directory: '/scratch/alpine/paco0228/ace_checkpoints/run_20260605_091009_seed1011/checkpoint.pt.tmp' -> '/scratch/alpine/paco0228/ace_checkpoints/run_20260605_091009_seed1011/checkpoint.pt'
ERROR:root:Failed to save checkpoint: [Errno 2] No such file or directory: '/scratch/alpine/paco0228/ace_checkpoints/run_20260605_091009_seed1011/checkpoint.pt.tmp' -> '/scratch/alpine/paco0228/ace_checkpoints/run_20260605_091009_seed1011/checkpoint.pt'
Failed to save checkpoint: [Errno 2] No such file or directory: '/scratch/alpine/paco0228/ace_checkpoints/run_20260605_091009_seed1011/checkpoint.pt.tmp' -> '/scratch/alpine/paco0228/ace_checkpoints/run_20260605_091009_seed1011/checkpoint.pt'
ERROR:root:Failed to save checkpoint: [Errno 2] No such file or directory: '/scratch/alpine/paco0228/ace_checkpoints/run_20260605_091009_seed1011/checkpoint.pt.tmp' -> '/scratch/alpine/paco0228/ace_checkpoints/run_20260605_091009_seed1011/checkpoint.pt'
Failed to save checkpoint: [Errno 2] No such file or directory: '/scratch/alpine/paco0228/ace_checkpoints/run_20260605_091009_seed1011/checkpoint.pt.tmp' -> '/scratch/alpine/paco0228/ace_checkpoints/run_20260605_091009_seed1011/checkpoint.pt'
ERROR:root:Failed to save checkpoint: [Errno 2] No such file or directory: '/scratch/alpine/paco0228/ace_checkpoints/run_20260605_091009_seed1011/checkpoint.pt.tmp' -> '/scratch/alpine/paco0228/ace_checkpoints/run_20260605_091009_seed1011/checkpoint.pt'
Failed to save checkpoint: [Errno 2] No such file or directory: '/scratch/alpine/paco0228/ace_checkpoints/run_20260605_091009_seed1011/checkpoint.pt.tmp' -> '/scratch/alpine/paco0228/ace_checkpoints/run_20260605_091009_seed1011/checkpoint.pt'
ERROR:root:Failed to save checkpoint: [Errno 2] No such file or directory: '/scratch/alpine/paco0228/ace_checkpoints/run_20260605_091009_seed1011/checkpoint.pt.tmp' -> '/scratch/alpine/paco0228/ace_checkpoints/run_20260605_091009_seed1011/checkpoint.pt'
Failed to save checkpoint: [Errno 2] No such file or directory: '/scratch/alpine/paco0228/ace_checkpoints/run_20260605_091009_seed1011/checkpoint.pt.tmp' -> '/scratch/alpine/paco0228/ace_checkpoints/run_20260605_091009_seed1011/checkpoint.pt'
ERROR:root:Failed to save checkpoint: [Errno 2] No such file or directory: '/scratch/alpine/paco0228/ace_checkpoints/run_20260605_091009_seed1011/checkpoint.pt.tmp' -> '/scratch/alpine/paco0228/ace_checkpoints/run_20260605_091009_seed1011/checkpoint.pt'
Failed to save checkpoint: [Errno 2] No such file or directory: '/scratch/alpine/paco0228/ace_checkpoints/run_20260605_091009_seed1011/checkpoint.pt.tmp' -> '/scratch/alpine/paco0228/ace_checkpoints/run_20260605_091009_seed1011/checkpoint.pt'
ERROR:root:Failed to save checkpoint: [Errno 2] No such file or directory: '/scratch/alpine/paco0228/ace_checkpoints/run_20260605_091009_seed1011/checkpoint.pt.tmp' -> '/scratch/alpine/paco0228/ace_checkpoints/run_20260605_091009_seed1011/checkpoint.pt'
Failed to save checkpoint: [Errno 2] No such file or directory: '/scratch/alpine/paco0228/ace_checkpoints/run_20260605_091009_seed1011/checkpoint.pt.tmp' -> '/scratch/alpine/paco0228/ace_checkpoints/run_20260605_091009_seed1011/checkpoint.pt'
ERROR:root:Failed to save checkpoint: [Errno 2] No such file or directory: '/scratch/alpine/paco0228/ace_checkpoints/run_20260605_091009_seed1011/checkpoint.pt.tmp' -> '/scratch/alpine/paco0228/ace_checkpoints/run_20260605_091009_seed1011/checkpoint.pt'
Failed to save checkpoint: [Errno 2] No such file or directory: '/scratch/alpine/paco0228/ace_checkpoints/run_20260605_091009_seed1011/checkpoint.pt.tmp' -> '/scratch/alpine/paco0228/ace_checkpoints/run_20260605_091009_seed1011/checkpoint.pt'
ERROR:root:Failed to save checkpoint: [Errno 2] No such file or directory: '/scratch/alpine/paco0228/ace_checkpoints/run_20260605_091009_seed1011/checkpoint.pt.tmp' -> '/scratch/alpine/paco0228/ace_checkpoints/run_20260605_091009_seed1011/checkpoint.pt'
Failed to save checkpoint: [Errno 2] No such file or directory: '/scratch/alpine/paco0228/ace_checkpoints/run_20260605_091009_seed1011/checkpoint.pt.tmp' -> '/scratch/alpine/paco0228/ace_checkpoints/run_20260605_091009_seed1011/checkpoint.pt'
ERROR:root:Failed to save checkpoint: [Errno 2] No such file or directory: '/scratch/alpine/paco0228/ace_checkpoints/run_20260605_091009_seed1011/checkpoint.pt.tmp' -> '/scratch/alpine/paco0228/ace_checkpoints/run_20260605_091009_seed1011/checkpoint.pt'
Failed to save checkpoint: [Errno 2] No such file or directory: '/scratch/alpine/paco0228/ace_checkpoints/run_20260605_091009_seed1011/checkpoint.pt.tmp' -> '/scratch/alpine/paco0228/ace_checkpoints/run_20260605_091009_seed1011/checkpoint.pt'
ERROR:root:Failed to save checkpoint: [Errno 2] No such file or directory: '/scratch/alpine/paco0228/ace_checkpoints/run_20260605_091009_seed1011/checkpoint.pt.tmp' -> '/scratch/alpine/paco0228/ace_checkpoints/run_20260605_091009_seed1011/checkpoint.pt'
Failed to save checkpoint: [Errno 2] No such file or directory: '/scratch/alpine/paco0228/ace_checkpoints/run_20260605_091009_seed1011/checkpoint.pt.tmp' -> '/scratch/alpine/paco0228/ace_checkpoints/run_20260605_091009_seed1011/checkpoint.pt'
ERROR:root:Failed to save checkpoint: [Errno 2] No such file or directory: '/scratch/alpine/paco0228/ace_checkpoints/run_20260605_091009_seed1011/checkpoint.pt.tmp' -> '/scratch/alpine/paco0228/ace_checkpoints/run_20260605_091009_seed1011/checkpoint.pt'
Failed to save checkpoint: [Errno 2] No such file or directory: '/scratch/alpine/paco0228/ace_checkpoints/run_20260605_091009_seed1011/checkpoint.pt.tmp' -> '/scratch/alpine/paco0228/ace_checkpoints/run_20260605_091009_seed1011/checkpoint.pt'
ERROR:root:Failed to save checkpoint: [Errno 2] No such file or directory: '/scratch/alpine/paco0228/ace_checkpoints/run_20260605_091009_seed1011/checkpoint.pt.tmp' -> '/scratch/alpine/paco0228/ace_checkpoints/run_20260605_091009_seed1011/checkpoint.pt'
Failed to save checkpoint: [Errno 2] No such file or directory: '/scratch/alpine/paco0228/ace_checkpoints/run_20260605_091009_seed1011/checkpoint.pt.tmp' -> '/scratch/alpine/paco0228/ace_checkpoints/run_20260605_091009_seed1011/checkpoint.pt'
ERROR:root:Failed to save checkpoint: [Errno 2] No such file or directory: '/scratch/alpine/paco0228/ace_checkpoints/run_20260605_091009_seed1011/checkpoint.pt.tmp' -> '/scratch/alpine/paco0228/ace_checkpoints/run_20260605_091009_seed1011/checkpoint.pt'
Failed to save checkpoint: [Errno 2] No such file or directory: '/scratch/alpine/paco0228/ace_checkpoints/run_20260605_091009_seed1011/checkpoint.pt.tmp' -> '/scratch/alpine/paco0228/ace_checkpoints/run_20260605_091009_seed1011/checkpoint.pt'
ERROR:root:Failed to save checkpoint: [Errno 2] No such file or directory: '/scratch/alpine/paco0228/ace_checkpoints/run_20260605_091009_seed1011/checkpoint.pt.tmp' -> '/scratch/alpine/paco0228/ace_checkpoints/run_20260605_091009_seed1011/checkpoint.pt'
Failed to save checkpoint: [Errno 2] No such file or directory: '/scratch/alpine/paco0228/ace_checkpoints/run_20260605_091009_seed1011/checkpoint.pt.tmp' -> '/scratch/alpine/paco0228/ace_checkpoints/run_20260605_091009_seed1011/checkpoint.pt'
ERROR:root:Failed to save checkpoint: [Errno 2] No such file or directory: '/scratch/alpine/paco0228/ace_checkpoints/run_20260605_091009_seed1011/checkpoint.pt.tmp' -> '/scratch/alpine/paco0228/ace_checkpoints/run_20260605_091009_seed1011/checkpoint.pt'
Failed to save checkpoint: [Errno 2] No such file or directory: '/scratch/alpine/paco0228/ace_checkpoints/run_20260605_091009_seed1011/checkpoint.pt.tmp' -> '/scratch/alpine/paco0228/ace_checkpoints/run_20260605_091009_seed1011/checkpoint.pt'
ERROR:root:Failed to save checkpoint: [Errno 2] No such file or directory: '/scratch/alpine/paco0228/ace_checkpoints/run_20260605_091009_seed1011/checkpoint.pt.tmp' -> '/scratch/alpine/paco0228/ace_checkpoints/run_20260605_091009_seed1011/checkpoint.pt'
Failed to save checkpoint: [Errno 2] No such file or directory: '/scratch/alpine/paco0228/ace_checkpoints/run_20260605_091009_seed1011/checkpoint.pt.tmp' -> '/scratch/alpine/paco0228/ace_checkpoints/run_20260605_091009_seed1011/checkpoint.pt'
ERROR:root:Failed to save checkpoint: [Errno 2] No such file or directory: '/scratch/alpine/paco0228/ace_checkpoints/run_20260605_091009_seed1011/checkpoint.pt.tmp' -> '/scratch/alpine/paco0228/ace_checkpoints/run_20260605_091009_seed1011/checkpoint.pt'
Failed to save checkpoint: [Errno 2] No such file or directory: '/scratch/alpine/paco0228/ace_checkpoints/run_20260605_091009_seed1011/checkpoint.pt.tmp' -> '/scratch/alpine/paco0228/ace_checkpoints/run_20260605_091009_seed1011/checkpoint.pt'
ERROR:root:Failed to save checkpoint: [Errno 2] No such file or directory: '/scratch/alpine/paco0228/ace_checkpoints/run_20260605_091009_seed1011/checkpoint.pt.tmp' -> '/scratch/alpine/paco0228/ace_checkpoints/run_20260605_091009_seed1011/checkpoint.pt'
Failed to save checkpoint: [Errno 2] No such file or directory: '/scratch/alpine/paco0228/ace_checkpoints/run_20260605_091009_seed1011/checkpoint.pt.tmp' -> '/scratch/alpine/paco0228/ace_checkpoints/run_20260605_091009_seed1011/checkpoint.pt'
ERROR:root:Failed to save checkpoint: [Errno 2] No such file or directory: '/scratch/alpine/paco0228/ace_checkpoints/run_20260605_091009_seed1011/checkpoint.pt.tmp' -> '/scratch/alpine/paco0228/ace_checkpoints/run_20260605_091009_seed1011/checkpoint.pt'
Failed to save checkpoint: [Errno 2] No such file or directory: '/scratch/alpine/paco0228/ace_checkpoints/run_20260605_091009_seed1011/checkpoint.pt.tmp' -> '/scratch/alpine/paco0228/ace_checkpoints/run_20260605_091009_seed1011/checkpoint.pt'
ERROR:root:Failed to save checkpoint: [Errno 2] No such file or directory: '/scratch/alpine/paco0228/ace_checkpoints/run_20260605_091009_seed1011/checkpoint.pt.tmp' -> '/scratch/alpine/paco0228/ace_checkpoints/run_20260605_091009_seed1011/checkpoint.pt'
Failed to save checkpoint: [Errno 2] No such file or directory: '/scratch/alpine/paco0228/ace_checkpoints/run_20260605_091009_seed1011/checkpoint.pt.tmp' -> '/scratch/alpine/paco0228/ace_checkpoints/run_20260605_091009_seed1011/checkpoint.pt'
ERROR:root:Failed to save checkpoint: [Errno 2] No such file or directory: '/scratch/alpine/paco0228/ace_checkpoints/run_20260605_091009_seed1011/checkpoint.pt.tmp' -> '/scratch/alpine/paco0228/ace_checkpoints/run_20260605_091009_seed1011/checkpoint.pt'
Failed to save checkpoint: [Errno 2] No such file or directory: '/scratch/alpine/paco0228/ace_checkpoints/run_20260605_091009_seed1011/checkpoint.pt.tmp' -> '/scratch/alpine/paco0228/ace_checkpoints/run_20260605_091009_seed1011/checkpoint.pt'
ERROR:root:Failed to save checkpoint: [Errno 2] No such file or directory: '/scratch/alpine/paco0228/ace_checkpoints/run_20260605_091009_seed1011/checkpoint.pt.tmp' -> '/scratch/alpine/paco0228/ace_checkpoints/run_20260605_091009_seed1011/checkpoint.pt'
Failed to save checkpoint: [Errno 2] No such file or directory: '/scratch/alpine/paco0228/ace_checkpoints/run_20260605_091009_seed1011/checkpoint.pt.tmp' -> '/scratch/alpine/paco0228/ace_checkpoints/run_20260605_091009_seed1011/checkpoint.pt'
ERROR:root:Failed to save checkpoint: [Errno 2] No such file or directory: '/scratch/alpine/paco0228/ace_checkpoints/run_20260605_091009_seed1011/checkpoint.pt.tmp' -> '/scratch/alpine/paco0228/ace_checkpoints/run_20260605_091009_seed1011/checkpoint.pt'
Failed to save checkpoint: [Errno 2] No such file or directory: '/scratch/alpine/paco0228/ace_checkpoints/run_20260605_091009_seed1011/checkpoint.pt.tmp' -> '/scratch/alpine/paco0228/ace_checkpoints/run_20260605_091009_seed1011/checkpoint.pt'
ERROR:root:Failed to save checkpoint: [Errno 2] No such file or directory: '/scratch/alpine/paco0228/ace_checkpoints/run_20260605_091009_seed1011/checkpoint.pt.tmp' -> '/scratch/alpine/paco0228/ace_checkpoints/run_20260605_091009_seed1011/checkpoint.pt'
Failed to save checkpoint: [Errno 2] No such file or directory: '/scratch/alpine/paco0228/ace_checkpoints/run_20260605_091009_seed1011/checkpoint.pt.tmp' -> '/scratch/alpine/paco0228/ace_checkpoints/run_20260605_091009_seed1011/checkpoint.pt'
ERROR:root:Failed to save checkpoint: [Errno 2] No such file or directory: '/scratch/alpine/paco0228/ace_checkpoints/run_20260605_091009_seed1011/checkpoint.pt.tmp' -> '/scratch/alpine/paco0228/ace_checkpoints/run_20260605_091009_seed1011/checkpoint.pt'
Failed to save checkpoint: [Errno 2] No such file or directory: '/scratch/alpine/paco0228/ace_checkpoints/run_20260605_091009_seed1011/checkpoint.pt.tmp' -> '/scratch/alpine/paco0228/ace_checkpoints/run_20260605_091009_seed1011/checkpoint.pt'
ERROR:root:Failed to save checkpoint: [Errno 2] No such file or directory: '/scratch/alpine/paco0228/ace_checkpoints/run_20260605_091009_seed1011/checkpoint.pt.tmp' -> '/scratch/alpine/paco0228/ace_checkpoints/run_20260605_091009_seed1011/checkpoint.pt'
Failed to save checkpoint: [Errno 2] No such file or directory: '/scratch/alpine/paco0228/ace_checkpoints/run_20260605_091009_seed1011/checkpoint.pt.tmp' -> '/scratch/alpine/paco0228/ace_checkpoints/run_20260605_091009_seed1011/checkpoint.pt'
ERROR:root:Failed to save checkpoint: [Errno 2] No such file or directory: '/scratch/alpine/paco0228/ace_checkpoints/run_20260605_091009_seed1011/checkpoint.pt.tmp' -> '/scratch/alpine/paco0228/ace_checkpoints/run_20260605_091009_seed1011/checkpoint.pt'
Failed to save checkpoint: [Errno 2] No such file or directory: '/scratch/alpine/paco0228/ace_checkpoints/run_20260605_091009_seed1011/checkpoint.pt.tmp' -> '/scratch/alpine/paco0228/ace_checkpoints/run_20260605_091009_seed1011/checkpoint.pt'
ERROR:root:Failed to save checkpoint: [Errno 2] No such file or directory: '/scratch/alpine/paco0228/ace_checkpoints/run_20260605_091009_seed1011/checkpoint.pt.tmp' -> '/scratch/alpine/paco0228/ace_checkpoints/run_20260605_091009_seed1011/checkpoint.pt'
Failed to save checkpoint: [Errno 2] No such file or directory: '/scratch/alpine/paco0228/ace_checkpoints/run_20260605_091009_seed1011/checkpoint.pt.tmp' -> '/scratch/alpine/paco0228/ace_checkpoints/run_20260605_091009_seed1011/checkpoint.pt'
ERROR:root:Failed to save checkpoint: [Errno 2] No such file or directory: '/scratch/alpine/paco0228/ace_checkpoints/run_20260605_091009_seed1011/checkpoint.pt.tmp' -> '/scratch/alpine/paco0228/ace_checkpoints/run_20260605_091009_seed1011/checkpoint.pt'
Failed to save checkpoint: [Errno 2] No such file or directory: '/scratch/alpine/paco0228/ace_checkpoints/run_20260605_091009_seed1011/checkpoint.pt.tmp' -> '/scratch/alpine/paco0228/ace_checkpoints/run_20260605_091009_seed1011/checkpoint.pt'
ERROR:root:Failed to save checkpoint: [Errno 2] No such file or directory: '/scratch/alpine/paco0228/ace_checkpoints/run_20260605_091009_seed1011/checkpoint.pt.tmp' -> '/scratch/alpine/paco0228/ace_checkpoints/run_20260605_091009_seed1011/checkpoint.pt'
Failed to save checkpoint: [Errno 2] No such file or directory: '/scratch/alpine/paco0228/ace_checkpoints/run_20260605_091009_seed1011/checkpoint.pt.tmp' -> '/scratch/alpine/paco0228/ace_checkpoints/run_20260605_091009_seed1011/checkpoint.pt'
ERROR:root:Failed to save checkpoint: [Errno 2] No such file or directory: '/scratch/alpine/paco0228/ace_checkpoints/run_20260605_091009_seed1011/checkpoint.pt.tmp' -> '/scratch/alpine/paco0228/ace_checkpoints/run_20260605_091009_seed1011/checkpoint.pt'
Failed to save checkpoint: [Errno 2] No such file or directory: '/scratch/alpine/paco0228/ace_checkpoints/run_20260605_091009_seed1011/checkpoint.pt.tmp' -> '/scratch/alpine/paco0228/ace_checkpoints/run_20260605_091009_seed1011/checkpoint.pt'
ERROR:root:Failed to save checkpoint: [Errno 2] No such file or directory: '/scratch/alpine/paco0228/ace_checkpoints/run_20260605_091009_seed1011/checkpoint.pt.tmp' -> '/scratch/alpine/paco0228/ace_checkpoints/run_20260605_091009_seed1011/checkpoint.pt'
Failed to save checkpoint: [Errno 2] No such file or directory: '/scratch/alpine/paco0228/ace_checkpoints/run_20260605_091009_seed1011/checkpoint.pt.tmp' -> '/scratch/alpine/paco0228/ace_checkpoints/run_20260605_091009_seed1011/checkpoint.pt'
ERROR:root:Failed to save checkpoint: [Errno 2] No such file or directory: '/scratch/alpine/paco0228/ace_checkpoints/run_20260605_091009_seed1011/checkpoint.pt.tmp' -> '/scratch/alpine/paco0228/ace_checkpoints/run_20260605_091009_seed1011/checkpoint.pt'
Failed to save checkpoint: [Errno 2] No such file or directory: '/scratch/alpine/paco0228/ace_checkpoints/run_20260605_091009_seed1011/checkpoint.pt.tmp' -> '/scratch/alpine/paco0228/ace_checkpoints/run_20260605_091009_seed1011/checkpoint.pt'
ERROR:root:Failed to save checkpoint: [Errno 2] No such file or directory: '/scratch/alpine/paco0228/ace_checkpoints/run_20260605_091009_seed1011/checkpoint.pt.tmp' -> '/scratch/alpine/paco0228/ace_checkpoints/run_20260605_091009_seed1011/checkpoint.pt'
Failed to save checkpoint: [Errno 2] No such file or directory: '/scratch/alpine/paco0228/ace_checkpoints/run_20260605_091009_seed1011/checkpoint.pt.tmp' -> '/scratch/alpine/paco0228/ace_checkpoints/run_20260605_091009_seed1011/checkpoint.pt'
ERROR:root:Failed to save checkpoint: [Errno 2] No such file or directory: '/scratch/alpine/paco0228/ace_checkpoints/run_20260605_091009_seed1011/checkpoint.pt.tmp' -> '/scratch/alpine/paco0228/ace_checkpoints/run_20260605_091009_seed1011/checkpoint.pt'
Failed to save checkpoint: [Errno 2] No such file or directory: '/scratch/alpine/paco0228/ace_checkpoints/run_20260605_091009_seed1011/checkpoint.pt.tmp' -> '/scratch/alpine/paco0228/ace_checkpoints/run_20260605_091009_seed1011/checkpoint.pt'
ERROR:root:Failed to save checkpoint: [Errno 2] No such file or directory: '/scratch/alpine/paco0228/ace_checkpoints/run_20260605_091009_seed1011/checkpoint.pt.tmp' -> '/scratch/alpine/paco0228/ace_checkpoints/run_20260605_091009_seed1011/checkpoint.pt'
Failed to save checkpoint: [Errno 2] No such file or directory: '/scratch/alpine/paco0228/ace_checkpoints/run_20260605_091009_seed1011/checkpoint.pt.tmp' -> '/scratch/alpine/paco0228/ace_checkpoints/run_20260605_091009_seed1011/checkpoint.pt'
ERROR:root:Failed to save checkpoint: [Errno 2] No such file or directory: '/scratch/alpine/paco0228/ace_checkpoints/run_20260605_091009_seed1011/checkpoint.pt.tmp' -> '/scratch/alpine/paco0228/ace_checkpoints/run_20260605_091009_seed1011/checkpoint.pt'
Failed to save checkpoint: [Errno 2] No such file or directory: '/scratch/alpine/paco0228/ace_checkpoints/run_20260605_091009_seed1011/checkpoint.pt.tmp' -> '/scratch/alpine/paco0228/ace_checkpoints/run_20260605_091009_seed1011/checkpoint.pt'
ERROR:root:Failed to save checkpoint: [Errno 2] No such file or directory: '/scratch/alpine/paco0228/ace_checkpoints/run_20260605_091009_seed1011/checkpoint.pt.tmp' -> '/scratch/alpine/paco0228/ace_checkpoints/run_20260605_091009_seed1011/checkpoint.pt'
Failed to save checkpoint: [Errno 2] No such file or directory: '/scratch/alpine/paco0228/ace_checkpoints/run_20260605_091009_seed1011/checkpoint.pt.tmp' -> '/scratch/alpine/paco0228/ace_checkpoints/run_20260605_091009_seed1011/checkpoint.pt'
ERROR:root:Failed to save checkpoint: [Errno 2] No such file or directory: '/scratch/alpine/paco0228/ace_checkpoints/run_20260605_091009_seed1011/checkpoint.pt.tmp' -> '/scratch/alpine/paco0228/ace_checkpoints/run_20260605_091009_seed1011/checkpoint.pt'
Failed to save checkpoint: [Errno 2] No such file or directory: '/scratch/alpine/paco0228/ace_checkpoints/run_20260605_091009_seed1011/checkpoint.pt.tmp' -> '/scratch/alpine/paco0228/ace_checkpoints/run_20260605_091009_seed1011/checkpoint.pt'
ERROR:root:Failed to save checkpoint: [Errno 2] No such file or directory: '/scratch/alpine/paco0228/ace_checkpoints/run_20260605_091009_seed1011/checkpoint.pt.tmp' -> '/scratch/alpine/paco0228/ace_checkpoints/run_20260605_091009_seed1011/checkpoint.pt'
Failed to save checkpoint: [Errno 2] No such file or directory: '/scratch/alpine/paco0228/ace_checkpoints/run_20260605_091009_seed1011/checkpoint.pt.tmp' -> '/scratch/alpine/paco0228/ace_checkpoints/run_20260605_091009_seed1011/checkpoint.pt'
ERROR:root:Failed to save checkpoint: [Errno 2] No such file or directory: '/scratch/alpine/paco0228/ace_checkpoints/run_20260605_091009_seed1011/checkpoint.pt.tmp' -> '/scratch/alpine/paco0228/ace_checkpoints/run_20260605_091009_seed1011/checkpoint.pt'
Failed to save checkpoint: [Errno 2] No such file or directory: '/scratch/alpine/paco0228/ace_checkpoints/run_20260605_091009_seed1011/checkpoint.pt.tmp' -> '/scratch/alpine/paco0228/ace_checkpoints/run_20260605_091009_seed1011/checkpoint.pt'
ERROR:root:Failed to save checkpoint: [Errno 2] No such file or directory: '/scratch/alpine/paco0228/ace_checkpoints/run_20260605_091009_seed1011/checkpoint.pt.tmp' -> '/scratch/alpine/paco0228/ace_checkpoints/run_20260605_091009_seed1011/checkpoint.pt'
Failed to save checkpoint: [Errno 2] No such file or directory: '/scratch/alpine/paco0228/ace_checkpoints/run_20260605_091009_seed1011/checkpoint.pt.tmp' -> '/scratch/alpine/paco0228/ace_checkpoints/run_20260605_091009_seed1011/checkpoint.pt'
ERROR:root:Failed to save checkpoint: [Errno 2] No such file or directory: '/scratch/alpine/paco0228/ace_checkpoints/run_20260605_091009_seed1011/checkpoint.pt.tmp' -> '/scratch/alpine/paco0228/ace_checkpoints/run_20260605_091009_seed1011/checkpoint.pt'
Failed to save checkpoint: [Errno 2] No such file or directory: '/scratch/alpine/paco0228/ace_checkpoints/run_20260605_091009_seed1011/checkpoint.pt.tmp' -> '/scratch/alpine/paco0228/ace_checkpoints/run_20260605_091009_seed1011/checkpoint.pt'
ERROR:root:Failed to save checkpoint: [Errno 2] No such file or directory: '/scratch/alpine/paco0228/ace_checkpoints/run_20260605_091009_seed1011/checkpoint.pt.tmp' -> '/scratch/alpine/paco0228/ace_checkpoints/run_20260605_091009_seed1011/checkpoint.pt'
Failed to save checkpoint: [Errno 2] No such file or directory: '/scratch/alpine/paco0228/ace_checkpoints/run_20260605_091009_seed1011/checkpoint.pt.tmp' -> '/scratch/alpine/paco0228/ace_checkpoints/run_20260605_091009_seed1011/checkpoint.pt'
ERROR:root:Failed to save checkpoint: [Errno 2] No such file or directory: '/scratch/alpine/paco0228/ace_checkpoints/run_20260605_091009_seed1011/checkpoint.pt.tmp' -> '/scratch/alpine/paco0228/ace_checkpoints/run_20260605_091009_seed1011/checkpoint.pt'
Failed to save checkpoint: [Errno 2] No such file or directory: '/scratch/alpine/paco0228/ace_checkpoints/run_20260605_091009_seed1011/checkpoint.pt.tmp' -> '/scratch/alpine/paco0228/ace_checkpoints/run_20260605_091009_seed1011/checkpoint.pt'
ERROR:root:Failed to save checkpoint: [Errno 2] No such file or directory: '/scratch/alpine/paco0228/ace_checkpoints/run_20260605_091009_seed1011/checkpoint.pt.tmp' -> '/scratch/alpine/paco0228/ace_checkpoints/run_20260605_091009_seed1011/checkpoint.pt'
Failed to save checkpoint: [Errno 2] No such file or directory: '/scratch/alpine/paco0228/ace_checkpoints/run_20260605_091009_seed1011/checkpoint.pt.tmp' -> '/scratch/alpine/paco0228/ace_checkpoints/run_20260605_091009_seed1011/checkpoint.pt'
ERROR:root:Failed to save checkpoint: [Errno 2] No such file or directory: '/scratch/alpine/paco0228/ace_checkpoints/run_20260605_091009_seed1011/checkpoint.pt.tmp' -> '/scratch/alpine/paco0228/ace_checkpoints/run_20260605_091009_seed1011/checkpoint.pt'
Failed to save checkpoint: [Errno 2] No such file or directory: '/scratch/alpine/paco0228/ace_checkpoints/run_20260605_091009_seed1011/checkpoint.pt.tmp' -> '/scratch/alpine/paco0228/ace_checkpoints/run_20260605_091009_seed1011/checkpoint.pt'
ERROR:root:Failed to save checkpoint: [Errno 2] No such file or directory: '/scratch/alpine/paco0228/ace_checkpoints/run_20260605_091009_seed1011/checkpoint.pt.tmp' -> '/scratch/alpine/paco0228/ace_checkpoints/run_20260605_091009_seed1011/checkpoint.pt'
Failed to save checkpoint: [Errno 2] No such file or directory: '/scratch/alpine/paco0228/ace_checkpoints/run_20260605_091009_seed1011/checkpoint.pt.tmp' -> '/scratch/alpine/paco0228/ace_checkpoints/run_20260605_091009_seed1011/checkpoint.pt'
ERROR:root:Failed to save checkpoint: [Errno 2] No such file or directory: '/scratch/alpine/paco0228/ace_checkpoints/run_20260605_091009_seed1011/checkpoint.pt.tmp' -> '/scratch/alpine/paco0228/ace_checkpoints/run_20260605_091009_seed1011/checkpoint.pt'
Failed to save checkpoint: [Errno 2] No such file or directory: '/scratch/alpine/paco0228/ace_checkpoints/run_20260605_091009_seed1011/checkpoint.pt.tmp' -> '/scratch/alpine/paco0228/ace_checkpoints/run_20260605_091009_seed1011/checkpoint.pt'
ERROR:root:Failed to save checkpoint: [Errno 2] No such file or directory: '/scratch/alpine/paco0228/ace_checkpoints/run_20260605_091009_seed1011/checkpoint.pt.tmp' -> '/scratch/alpine/paco0228/ace_checkpoints/run_20260605_091009_seed1011/checkpoint.pt'
Failed to save checkpoint: [Errno 2] No such file or directory: '/scratch/alpine/paco0228/ace_checkpoints/run_20260605_091009_seed1011/checkpoint.pt.tmp' -> '/scratch/alpine/paco0228/ace_checkpoints/run_20260605_091009_seed1011/checkpoint.pt'
ERROR:root:Failed to save checkpoint: [Errno 2] No such file or directory: '/scratch/alpine/paco0228/ace_checkpoints/run_20260605_091009_seed1011/checkpoint.pt.tmp' -> '/scratch/alpine/paco0228/ace_checkpoints/run_20260605_091009_seed1011/checkpoint.pt'
Failed to save checkpoint: [Errno 2] No such file or directory: '/scratch/alpine/paco0228/ace_checkpoints/run_20260605_091009_seed1011/checkpoint.pt.tmp' -> '/scratch/alpine/paco0228/ace_checkpoints/run_20260605_091009_seed1011/checkpoint.pt'
ERROR:root:Failed to save checkpoint: [Errno 2] No such file or directory: '/scratch/alpine/paco0228/ace_checkpoints/run_20260605_091009_seed1011/checkpoint.pt.tmp' -> '/scratch/alpine/paco0228/ace_checkpoints/run_20260605_091009_seed1011/checkpoint.pt'
Failed to save checkpoint: [Errno 2] No such file or directory: '/scratch/alpine/paco0228/ace_checkpoints/run_20260605_091009_seed1011/checkpoint.pt.tmp' -> '/scratch/alpine/paco0228/ace_checkpoints/run_20260605_091009_seed1011/checkpoint.pt'
ERROR:root:Failed to save checkpoint: [Errno 2] No such file or directory: '/scratch/alpine/paco0228/ace_checkpoints/run_20260605_091009_seed1011/checkpoint.pt.tmp' -> '/scratch/alpine/paco0228/ace_checkpoints/run_20260605_091009_seed1011/checkpoint.pt'
Failed to save checkpoint: [Errno 2] No such file or directory: '/scratch/alpine/paco0228/ace_checkpoints/run_20260605_091009_seed1011/checkpoint.pt.tmp' -> '/scratch/alpine/paco0228/ace_checkpoints/run_20260605_091009_seed1011/checkpoint.pt'
ERROR:root:Failed to save checkpoint: [Errno 2] No such file or directory: '/scratch/alpine/paco0228/ace_checkpoints/run_20260605_091009_seed1011/checkpoint.pt.tmp' -> '/scratch/alpine/paco0228/ace_checkpoints/run_20260605_091009_seed1011/checkpoint.pt'
Failed to save checkpoint: [Errno 2] No such file or directory: '/scratch/alpine/paco0228/ace_checkpoints/run_20260605_091009_seed1011/checkpoint.pt.tmp' -> '/scratch/alpine/paco0228/ace_checkpoints/run_20260605_091009_seed1011/checkpoint.pt'
ERROR:root:Failed to save checkpoint: [Errno 2] No such file or directory: '/scratch/alpine/paco0228/ace_checkpoints/run_20260605_091009_seed1011/checkpoint.pt.tmp' -> '/scratch/alpine/paco0228/ace_checkpoints/run_20260605_091009_seed1011/checkpoint.pt'
Failed to save checkpoint: [Errno 2] No such file or directory: '/scratch/alpine/paco0228/ace_checkpoints/run_20260605_091009_seed1011/checkpoint.pt.tmp' -> '/scratch/alpine/paco0228/ace_checkpoints/run_20260605_091009_seed1011/checkpoint.pt'
ERROR:root:Failed to save checkpoint: [Errno 2] No such file or directory: '/scratch/alpine/paco0228/ace_checkpoints/run_20260605_091009_seed1011/checkpoint.pt.tmp' -> '/scratch/alpine/paco0228/ace_checkpoints/run_20260605_091009_seed1011/checkpoint.pt'
Failed to save checkpoint: [Errno 2] No such file or directory: '/scratch/alpine/paco0228/ace_checkpoints/run_20260605_091009_seed1011/checkpoint.pt.tmp' -> '/scratch/alpine/paco0228/ace_checkpoints/run_20260605_091009_seed1011/checkpoint.pt'
ERROR:root:Failed to save checkpoint: [Errno 2] No such file or directory: '/scratch/alpine/paco0228/ace_checkpoints/run_20260605_091009_seed1011/checkpoint.pt.tmp' -> '/scratch/alpine/paco0228/ace_checkpoints/run_20260605_091009_seed1011/checkpoint.pt'
Failed to save checkpoint: [Errno 2] No such file or directory: '/scratch/alpine/paco0228/ace_checkpoints/run_20260605_091009_seed1011/checkpoint.pt.tmp' -> '/scratch/alpine/paco0228/ace_checkpoints/run_20260605_091009_seed1011/checkpoint.pt'
ERROR:root:Failed to save checkpoint: [Errno 2] No such file or directory: '/scratch/alpine/paco0228/ace_checkpoints/run_20260605_091009_seed1011/checkpoint.pt.tmp' -> '/scratch/alpine/paco0228/ace_checkpoints/run_20260605_091009_seed1011/checkpoint.pt'
Failed to save checkpoint: [Errno 2] No such file or directory: '/scratch/alpine/paco0228/ace_checkpoints/run_20260605_091009_seed1011/checkpoint.pt.tmp' -> '/scratch/alpine/paco0228/ace_checkpoints/run_20260605_091009_seed1011/checkpoint.pt'
ERROR:root:Failed to save checkpoint: [Errno 2] No such file or directory: '/scratch/alpine/paco0228/ace_checkpoints/run_20260605_091009_seed1011/checkpoint.pt.tmp' -> '/scratch/alpine/paco0228/ace_checkpoints/run_20260605_091009_seed1011/checkpoint.pt'
Failed to save checkpoint: [Errno 2] No such file or directory: '/scratch/alpine/paco0228/ace_checkpoints/run_20260605_091009_seed1011/checkpoint.pt.tmp' -> '/scratch/alpine/paco0228/ace_checkpoints/run_20260605_091009_seed1011/checkpoint.pt'
ERROR:root:Failed to save checkpoint: [Errno 2] No such file or directory: '/scratch/alpine/paco0228/ace_checkpoints/run_20260605_091009_seed1011/checkpoint.pt.tmp' -> '/scratch/alpine/paco0228/ace_checkpoints/run_20260605_091009_seed1011/checkpoint.pt'
Failed to save checkpoint: [Errno 2] No such file or directory: '/scratch/alpine/paco0228/ace_checkpoints/run_20260605_091009_seed1011/checkpoint.pt.tmp' -> '/scratch/alpine/paco0228/ace_checkpoints/run_20260605_091009_seed1011/checkpoint.pt'
ERROR:root:Failed to save checkpoint: [Errno 2] No such file or directory: '/scratch/alpine/paco0228/ace_checkpoints/run_20260605_091009_seed1011/checkpoint.pt.tmp' -> '/scratch/alpine/paco0228/ace_checkpoints/run_20260605_091009_seed1011/checkpoint.pt'
Failed to save checkpoint: [Errno 2] No such file or directory: '/scratch/alpine/paco0228/ace_checkpoints/run_20260605_091009_seed1011/checkpoint.pt.tmp' -> '/scratch/alpine/paco0228/ace_checkpoints/run_20260605_091009_seed1011/checkpoint.pt'
ERROR:root:Failed to save checkpoint: [Errno 2] No such file or directory: '/scratch/alpine/paco0228/ace_checkpoints/run_20260605_091009_seed1011/checkpoint.pt.tmp' -> '/scratch/alpine/paco0228/ace_checkpoints/run_20260605_091009_seed1011/checkpoint.pt'
Failed to save checkpoint: [Errno 2] No such file or directory: '/scratch/alpine/paco0228/ace_checkpoints/run_20260605_091009_seed1011/checkpoint.pt.tmp' -> '/scratch/alpine/paco0228/ace_checkpoints/run_20260605_091009_seed1011/checkpoint.pt'
ERROR:root:Failed to save checkpoint: [Errno 2] No such file or directory: '/scratch/alpine/paco0228/ace_checkpoints/run_20260605_091009_seed1011/checkpoint.pt.tmp' -> '/scratch/alpine/paco0228/ace_checkpoints/run_20260605_091009_seed1011/checkpoint.pt'
Failed to save checkpoint: [Errno 2] No such file or directory: '/scratch/alpine/paco0228/ace_checkpoints/run_20260605_091009_seed1011/checkpoint.pt.tmp' -> '/scratch/alpine/paco0228/ace_checkpoints/run_20260605_091009_seed1011/checkpoint.pt'
ERROR:root:Failed to save checkpoint: [Errno 2] No such file or directory: '/scratch/alpine/paco0228/ace_checkpoints/run_20260605_091009_seed1011/checkpoint.pt.tmp' -> '/scratch/alpine/paco0228/ace_checkpoints/run_20260605_091009_seed1011/checkpoint.pt'
Failed to save checkpoint: [Errno 2] No such file or directory: '/scratch/alpine/paco0228/ace_checkpoints/run_20260605_091009_seed1011/checkpoint.pt.tmp' -> '/scratch/alpine/paco0228/ace_checkpoints/run_20260605_091009_seed1011/checkpoint.pt'
ERROR:root:Failed to save checkpoint: [Errno 2] No such file or directory: '/scratch/alpine/paco0228/ace_checkpoints/run_20260605_091009_seed1011/checkpoint.pt.tmp' -> '/scratch/alpine/paco0228/ace_checkpoints/run_20260605_091009_seed1011/checkpoint.pt'
Failed to save checkpoint: [Errno 2] No such file or directory: '/scratch/alpine/paco0228/ace_checkpoints/run_20260605_091009_seed1011/checkpoint.pt.tmp' -> '/scratch/alpine/paco0228/ace_checkpoints/run_20260605_091009_seed1011/checkpoint.pt'
ERROR:root:Failed to save checkpoint: [Errno 2] No such file or directory: '/scratch/alpine/paco0228/ace_checkpoints/run_20260605_091009_seed1011/checkpoint.pt.tmp' -> '/scratch/alpine/paco0228/ace_checkpoints/run_20260605_091009_seed1011/checkpoint.pt'
Failed to save checkpoint: [Errno 2] No such file or directory: '/scratch/alpine/paco0228/ace_checkpoints/run_20260605_091009_seed1011/checkpoint.pt.tmp' -> '/scratch/alpine/paco0228/ace_checkpoints/run_20260605_091009_seed1011/checkpoint.pt'
ERROR:root:Failed to save checkpoint: [Errno 2] No such file or directory: '/scratch/alpine/paco0228/ace_checkpoints/run_20260605_091009_seed1011/checkpoint.pt.tmp' -> '/scratch/alpine/paco0228/ace_checkpoints/run_20260605_091009_seed1011/checkpoint.pt'
Failed to save checkpoint: [Errno 2] No such file or directory: '/scratch/alpine/paco0228/ace_checkpoints/run_20260605_091009_seed1011/checkpoint.pt.tmp' -> '/scratch/alpine/paco0228/ace_checkpoints/run_20260605_091009_seed1011/checkpoint.pt'
ERROR:root:Failed to save checkpoint: [Errno 2] No such file or directory: '/scratch/alpine/paco0228/ace_checkpoints/run_20260605_091009_seed1011/checkpoint.pt.tmp' -> '/scratch/alpine/paco0228/ace_checkpoints/run_20260605_091009_seed1011/checkpoint.pt'
Failed to save checkpoint: [Errno 2] No such file or directory: '/scratch/alpine/paco0228/ace_checkpoints/run_20260605_091009_seed1011/checkpoint.pt.tmp' -> '/scratch/alpine/paco0228/ace_checkpoints/run_20260605_091009_seed1011/checkpoint.pt'
ERROR:root:Failed to save checkpoint: [Errno 2] No such file or directory: '/scratch/alpine/paco0228/ace_checkpoints/run_20260605_091009_seed1011/checkpoint.pt.tmp' -> '/scratch/alpine/paco0228/ace_checkpoints/run_20260605_091009_seed1011/checkpoint.pt'
Failed to save checkpoint: [Errno 2] No such file or directory: '/scratch/alpine/paco0228/ace_checkpoints/run_20260605_091009_seed1011/checkpoint.pt.tmp' -> '/scratch/alpine/paco0228/ace_checkpoints/run_20260605_091009_seed1011/checkpoint.pt'
ERROR:root:Failed to save checkpoint: [Errno 2] No such file or directory: '/scratch/alpine/paco0228/ace_checkpoints/run_20260605_091009_seed1011/checkpoint.pt.tmp' -> '/scratch/alpine/paco0228/ace_checkpoints/run_20260605_091009_seed1011/checkpoint.pt'
Failed to save checkpoint: [Errno 2] No such file or directory: '/scratch/alpine/paco0228/ace_checkpoints/run_20260605_091009_seed1011/checkpoint.pt.tmp' -> '/scratch/alpine/paco0228/ace_checkpoints/run_20260605_091009_seed1011/checkpoint.pt'
ERROR:root:Failed to save checkpoint: [Errno 2] No such file or directory: '/scratch/alpine/paco0228/ace_checkpoints/run_20260605_091009_seed1011/checkpoint.pt.tmp' -> '/scratch/alpine/paco0228/ace_checkpoints/run_20260605_091009_seed1011/checkpoint.pt'
Failed to save checkpoint: [Errno 2] No such file or directory: '/scratch/alpine/paco0228/ace_checkpoints/run_20260605_091009_seed1011/checkpoint.pt.tmp' -> '/scratch/alpine/paco0228/ace_checkpoints/run_20260605_091009_seed1011/checkpoint.pt'
ERROR:root:Failed to save checkpoint: [Errno 2] No such file or directory: '/scratch/alpine/paco0228/ace_checkpoints/run_20260605_091009_seed1011/checkpoint.pt.tmp' -> '/scratch/alpine/paco0228/ace_checkpoints/run_20260605_091009_seed1011/checkpoint.pt'
Failed to save checkpoint: [Errno 2] No such file or directory: '/scratch/alpine/paco0228/ace_checkpoints/run_20260605_091009_seed1011/checkpoint.pt.tmp' -> '/scratch/alpine/paco0228/ace_checkpoints/run_20260605_091009_seed1011/checkpoint.pt'
ERROR:root:Failed to save checkpoint: [Errno 2] No such file or directory: '/scratch/alpine/paco0228/ace_checkpoints/run_20260605_091009_seed1011/checkpoint.pt.tmp' -> '/scratch/alpine/paco0228/ace_checkpoints/run_20260605_091009_seed1011/checkpoint.pt'
Failed to save checkpoint: [Errno 2] No such file or directory: '/scratch/alpine/paco0228/ace_checkpoints/run_20260605_091009_seed1011/checkpoint.pt.tmp' -> '/scratch/alpine/paco0228/ace_checkpoints/run_20260605_091009_seed1011/checkpoint.pt'
ERROR:root:Failed to save checkpoint: [Errno 2] No such file or directory: '/scratch/alpine/paco0228/ace_checkpoints/run_20260605_091009_seed1011/checkpoint.pt.tmp' -> '/scratch/alpine/paco0228/ace_checkpoints/run_20260605_091009_seed1011/checkpoint.pt'
Failed to save checkpoint: [Errno 2] No such file or directory: '/scratch/alpine/paco0228/ace_checkpoints/run_20260605_091009_seed1011/checkpoint.pt.tmp' -> '/scratch/alpine/paco0228/ace_checkpoints/run_20260605_091009_seed1011/checkpoint.pt'
slurmstepd: error: *** JOB 27812814 ON c3gpu-c2-u5 CANCELLED AT 2026-06-05T21:10:04 DUE TO TIME LIMIT ***
