2026-04-15 15:42:35,331 [INFO] 
==================================================
2026-04-15 15:42:35,331 [INFO] Running RANDOM baseline...
2026-04-15 15:42:35,331 [INFO] ==================================================
2026-04-15 15:42:41,901 [INFO]   Episode 0/171, Final Loss: 2.1683
2026-04-15 15:43:15,892 [INFO]   Episode 10/171, Final Loss: 2.2296
2026-04-15 15:43:49,839 [INFO]   Episode 20/171, Final Loss: 2.0758
2026-04-15 15:44:23,688 [INFO]   Episode 30/171, Final Loss: 2.1408
2026-04-15 15:44:57,747 [INFO]   Episode 40/171, Final Loss: 2.0784
2026-04-15 15:45:31,575 [INFO]   Episode 50/171, Final Loss: 2.1822
2026-04-15 15:46:05,439 [INFO]   Episode 60/171, Final Loss: 2.0626
2026-04-15 15:46:39,328 [INFO]   Episode 70/171, Final Loss: 2.0554
2026-04-15 15:47:12,252 [INFO]   Episode 80/171, Final Loss: 2.0953
2026-04-15 15:47:45,432 [INFO]   Episode 90/171, Final Loss: 2.2069
2026-04-15 15:48:18,542 [INFO]   Episode 100/171, Final Loss: 2.0686
2026-04-15 15:48:51,632 [INFO]   Episode 110/171, Final Loss: 2.0785
2026-04-15 15:49:24,647 [INFO]   Episode 120/171, Final Loss: 2.0890
2026-04-15 15:49:57,692 [INFO]   Episode 130/171, Final Loss: 2.0858
2026-04-15 15:50:30,716 [INFO]   Episode 140/171, Final Loss: 2.0834
2026-04-15 15:51:03,759 [INFO]   Episode 150/171, Final Loss: 2.0769
2026-04-15 15:51:36,790 [INFO]   Episode 160/171, Final Loss: 2.1023
2026-04-15 15:52:09,766 [INFO]   Episode 170/171, Final Loss: 2.0899
2026-04-15 15:52:09,936 [INFO] 
==================================================
2026-04-15 15:52:09,936 [INFO] Running ROUND_ROBIN baseline...
2026-04-15 15:52:09,936 [INFO] ==================================================
2026-04-15 15:52:13,247 [INFO]   Episode 0/171, Final Loss: 2.1930
2026-04-15 15:52:46,326 [INFO]   Episode 10/171, Final Loss: 2.0945
2026-04-15 15:53:19,519 [INFO]   Episode 20/171, Final Loss: 2.2298
2026-04-15 15:53:52,796 [INFO]   Episode 30/171, Final Loss: 2.1734
2026-04-15 15:54:26,089 [INFO]   Episode 40/171, Final Loss: 2.1859
2026-04-15 15:54:59,353 [INFO]   Episode 50/171, Final Loss: 2.1122
2026-04-15 15:55:33,429 [INFO]   Episode 60/171, Final Loss: 2.0969
2026-04-15 15:56:07,314 [INFO]   Episode 70/171, Final Loss: 2.1237
2026-04-15 15:56:41,235 [INFO]   Episode 80/171, Final Loss: 2.1647
2026-04-15 15:57:15,185 [INFO]   Episode 90/171, Final Loss: 2.1390
2026-04-15 15:57:49,143 [INFO]   Episode 100/171, Final Loss: 2.1853
2026-04-15 15:58:22,774 [INFO]   Episode 110/171, Final Loss: 2.1869
2026-04-15 15:58:56,267 [INFO]   Episode 120/171, Final Loss: 2.0902
2026-04-15 15:59:29,683 [INFO]   Episode 130/171, Final Loss: 2.1562
2026-04-15 16:00:03,062 [INFO]   Episode 140/171, Final Loss: 2.0987
2026-04-15 16:00:36,420 [INFO]   Episode 150/171, Final Loss: 2.1409
2026-04-15 16:01:09,778 [INFO]   Episode 160/171, Final Loss: 2.1987
2026-04-15 16:01:43,151 [INFO]   Episode 170/171, Final Loss: 2.1864
2026-04-15 16:01:43,288 [INFO] 
==================================================
2026-04-15 16:01:43,288 [INFO] Running MAX_VARIANCE baseline...
2026-04-15 16:01:43,288 [INFO] ==================================================
2026-04-15 16:01:49,224 [INFO]   Episode 0/171, Final Loss: 2.2064
2026-04-15 16:02:48,952 [INFO]   Episode 10/171, Final Loss: 2.2678
2026-04-15 16:03:48,335 [INFO]   Episode 20/171, Final Loss: 2.2082
2026-04-15 16:04:47,885 [INFO]   Episode 30/171, Final Loss: 2.2494
2026-04-15 16:05:47,363 [INFO]   Episode 40/171, Final Loss: 2.2606
2026-04-15 16:06:47,065 [INFO]   Episode 50/171, Final Loss: 2.2443
2026-04-15 16:07:46,781 [INFO]   Episode 60/171, Final Loss: 2.2530
2026-04-15 16:08:46,532 [INFO]   Episode 70/171, Final Loss: 2.2276
2026-04-15 16:09:46,135 [INFO]   Episode 80/171, Final Loss: 2.2084
2026-04-15 16:10:45,754 [INFO]   Episode 90/171, Final Loss: 2.2833
2026-04-15 16:11:45,458 [INFO]   Episode 100/171, Final Loss: 2.2373
2026-04-15 16:12:45,118 [INFO]   Episode 110/171, Final Loss: 2.2147
2026-04-15 16:13:44,617 [INFO]   Episode 120/171, Final Loss: 2.3740
2026-04-15 16:14:44,377 [INFO]   Episode 130/171, Final Loss: 2.3437
2026-04-15 16:15:44,752 [INFO]   Episode 140/171, Final Loss: 2.2134
2026-04-15 16:16:44,909 [INFO]   Episode 150/171, Final Loss: 2.3096
2026-04-15 16:17:44,541 [INFO]   Episode 160/171, Final Loss: 2.2566
2026-04-15 16:18:44,015 [INFO]   Episode 170/171, Final Loss: 2.2799
2026-04-15 16:18:44,144 [INFO] 
==================================================
2026-04-15 16:18:44,144 [INFO] Running PPO baseline...
2026-04-15 16:18:44,144 [INFO] ==================================================
2026-04-15 16:18:44,145 [INFO]   PPO Config: lr=0.0003, clip=0.2, epochs=4
2026-04-15 16:18:47,493 [INFO]   Episode 0/171, Final Loss: 2.0791
2026-04-15 16:19:21,067 [INFO]   Episode 10/171, Final Loss: 2.1835
2026-04-15 16:19:54,533 [INFO]   Episode 20/171, Final Loss: 2.0717
2026-04-15 16:20:27,803 [INFO]   Episode 30/171, Final Loss: 2.0847
2026-04-15 16:21:01,146 [INFO]   Episode 40/171, Final Loss: 2.0839
2026-04-15 16:21:34,535 [INFO]   Episode 50/171, Final Loss: 2.0724
2026-04-15 16:22:07,702 [INFO]   Episode 60/171, Final Loss: 2.0650
2026-04-15 16:22:41,164 [INFO]   Episode 70/171, Final Loss: 2.0923
2026-04-15 16:23:14,719 [INFO]   Episode 80/171, Final Loss: 2.2259
2026-04-15 16:23:48,096 [INFO]   Episode 90/171, Final Loss: 2.0815
2026-04-15 16:24:21,363 [INFO]   Episode 100/171, Final Loss: 2.2055
2026-04-15 16:24:54,920 [INFO]   Episode 110/171, Final Loss: 2.0866
2026-04-15 16:25:29,061 [INFO]   Episode 120/171, Final Loss: 2.0790
2026-04-15 16:26:02,267 [INFO]   Episode 130/171, Final Loss: 2.0590
2026-04-15 16:26:35,790 [INFO]   Episode 140/171, Final Loss: 2.0898
2026-04-15 16:27:09,140 [INFO]   Episode 150/171, Final Loss: 2.0715
2026-04-15 16:27:42,818 [INFO]   Episode 160/171, Final Loss: 2.1164
2026-04-15 16:28:16,362 [INFO]   Episode 170/171, Final Loss: 2.0623
2026-04-15 16:28:16,532 [INFO]   Saved PPO training curves (171 updates)
2026-04-15 16:28:19,467 [INFO] Saved plots to /projects/paco0228/ACE/results/curc_20260415_152624/baselines/seed_141/baselines_20260415_154235
2026-04-15 16:28:19,478 [INFO] 
Results saved to /projects/paco0228/ACE/results/curc_20260415_152624/baselines/seed_141/baselines_20260415_154235
