2026-04-15 15:36:21,104 [INFO] 
==================================================
2026-04-15 15:36:21,104 [INFO] Running RANDOM baseline...
2026-04-15 15:36:21,105 [INFO] ==================================================
2026-04-15 15:36:27,473 [INFO]   Episode 0/171, Final Loss: 2.1879
2026-04-15 15:37:01,002 [INFO]   Episode 10/171, Final Loss: 2.3213
2026-04-15 15:37:34,610 [INFO]   Episode 20/171, Final Loss: 2.1751
2026-04-15 15:38:08,258 [INFO]   Episode 30/171, Final Loss: 2.3128
2026-04-15 15:38:41,903 [INFO]   Episode 40/171, Final Loss: 2.2235
2026-04-15 15:39:15,530 [INFO]   Episode 50/171, Final Loss: 2.2872
2026-04-15 15:39:49,134 [INFO]   Episode 60/171, Final Loss: 2.3614
2026-04-15 15:40:22,690 [INFO]   Episode 70/171, Final Loss: 2.1637
2026-04-15 15:40:56,320 [INFO]   Episode 80/171, Final Loss: 2.1735
2026-04-15 15:41:29,968 [INFO]   Episode 90/171, Final Loss: 2.1781
2026-04-15 15:42:03,489 [INFO]   Episode 100/171, Final Loss: 2.2684
2026-04-15 15:42:37,063 [INFO]   Episode 110/171, Final Loss: 2.1827
2026-04-15 15:43:10,605 [INFO]   Episode 120/171, Final Loss: 2.1754
2026-04-15 15:43:44,115 [INFO]   Episode 130/171, Final Loss: 2.2384
2026-04-15 15:44:17,610 [INFO]   Episode 140/171, Final Loss: 2.2068
2026-04-15 15:44:51,069 [INFO]   Episode 150/171, Final Loss: 2.3046
2026-04-15 15:45:24,372 [INFO]   Episode 160/171, Final Loss: 2.1966
2026-04-15 15:45:57,856 [INFO]   Episode 170/171, Final Loss: 2.2402
2026-04-15 15:45:57,936 [INFO] 
==================================================
2026-04-15 15:45:57,937 [INFO] Running ROUND_ROBIN baseline...
2026-04-15 15:45:57,937 [INFO] ==================================================
2026-04-15 15:46:01,300 [INFO]   Episode 0/171, Final Loss: 2.1018
2026-04-15 15:46:34,734 [INFO]   Episode 10/171, Final Loss: 2.0258
2026-04-15 15:47:08,274 [INFO]   Episode 20/171, Final Loss: 2.0588
2026-04-15 15:47:41,727 [INFO]   Episode 30/171, Final Loss: 2.0601
2026-04-15 15:48:15,266 [INFO]   Episode 40/171, Final Loss: 2.0435
2026-04-15 15:48:48,928 [INFO]   Episode 50/171, Final Loss: 2.0319
2026-04-15 15:49:22,404 [INFO]   Episode 60/171, Final Loss: 2.0582
2026-04-15 15:49:55,974 [INFO]   Episode 70/171, Final Loss: 2.0888
2026-04-15 15:50:29,449 [INFO]   Episode 80/171, Final Loss: 2.1502
2026-04-15 15:51:02,942 [INFO]   Episode 90/171, Final Loss: 2.1224
2026-04-15 15:51:36,431 [INFO]   Episode 100/171, Final Loss: 2.1188
2026-04-15 15:52:09,889 [INFO]   Episode 110/171, Final Loss: 2.1275
2026-04-15 15:52:43,339 [INFO]   Episode 120/171, Final Loss: 2.0987
2026-04-15 15:53:16,800 [INFO]   Episode 130/171, Final Loss: 2.0514
2026-04-15 15:53:50,248 [INFO]   Episode 140/171, Final Loss: 2.0908
2026-04-15 15:54:23,643 [INFO]   Episode 150/171, Final Loss: 2.0447
2026-04-15 15:54:57,096 [INFO]   Episode 160/171, Final Loss: 2.0613
2026-04-15 15:55:30,590 [INFO]   Episode 170/171, Final Loss: 2.0230
2026-04-15 15:55:30,652 [INFO] 
==================================================
2026-04-15 15:55:30,652 [INFO] Running MAX_VARIANCE baseline...
2026-04-15 15:55:30,653 [INFO] ==================================================
2026-04-15 15:55:36,751 [INFO]   Episode 0/171, Final Loss: 2.0116
2026-04-15 15:56:37,805 [INFO]   Episode 10/171, Final Loss: 2.0157
2026-04-15 15:57:38,415 [INFO]   Episode 20/171, Final Loss: 2.0793
2026-04-15 15:58:39,461 [INFO]   Episode 30/171, Final Loss: 2.1491
2026-04-15 15:59:40,213 [INFO]   Episode 40/171, Final Loss: 1.9991
2026-04-15 16:00:41,013 [INFO]   Episode 50/171, Final Loss: 2.0663
2026-04-15 16:01:41,834 [INFO]   Episode 60/171, Final Loss: 2.0148
2026-04-15 16:02:42,654 [INFO]   Episode 70/171, Final Loss: 2.0183
2026-04-15 16:03:43,532 [INFO]   Episode 80/171, Final Loss: 2.0063
2026-04-15 16:04:44,462 [INFO]   Episode 90/171, Final Loss: 2.0353
2026-04-15 16:05:45,282 [INFO]   Episode 100/171, Final Loss: 2.0991
2026-04-15 16:06:46,092 [INFO]   Episode 110/171, Final Loss: 2.0225
2026-04-15 16:07:46,523 [INFO]   Episode 120/171, Final Loss: 2.0136
2026-04-15 16:08:46,638 [INFO]   Episode 130/171, Final Loss: 2.0593
2026-04-15 16:09:46,740 [INFO]   Episode 140/171, Final Loss: 2.0215
2026-04-15 16:10:46,726 [INFO]   Episode 150/171, Final Loss: 2.0030
2026-04-15 16:11:46,735 [INFO]   Episode 160/171, Final Loss: 2.0147
2026-04-15 16:12:46,915 [INFO]   Episode 170/171, Final Loss: 2.0503
2026-04-15 16:12:46,980 [INFO] 
==================================================
2026-04-15 16:12:46,980 [INFO] Running PPO baseline...
2026-04-15 16:12:46,980 [INFO] ==================================================
2026-04-15 16:12:46,981 [INFO]   PPO Config: lr=0.0003, clip=0.2, epochs=4
2026-04-15 16:12:50,358 [INFO]   Episode 0/171, Final Loss: 2.0678
2026-04-15 16:13:23,758 [INFO]   Episode 10/171, Final Loss: 2.0138
2026-04-15 16:13:56,976 [INFO]   Episode 20/171, Final Loss: 1.9840
2026-04-15 16:14:30,330 [INFO]   Episode 30/171, Final Loss: 2.0113
2026-04-15 16:15:03,566 [INFO]   Episode 40/171, Final Loss: 1.9968
2026-04-15 16:15:37,024 [INFO]   Episode 50/171, Final Loss: 2.0214
2026-04-15 16:16:10,147 [INFO]   Episode 60/171, Final Loss: 2.0260
2026-04-15 16:16:43,441 [INFO]   Episode 70/171, Final Loss: 2.0054
2026-04-15 16:17:16,942 [INFO]   Episode 80/171, Final Loss: 1.9960
2026-04-15 16:17:50,352 [INFO]   Episode 90/171, Final Loss: 2.0141
2026-04-15 16:18:23,617 [INFO]   Episode 100/171, Final Loss: 1.9883
2026-04-15 16:18:56,726 [INFO]   Episode 110/171, Final Loss: 2.0043
2026-04-15 16:19:29,988 [INFO]   Episode 120/171, Final Loss: 1.9951
2026-04-15 16:20:03,388 [INFO]   Episode 130/171, Final Loss: 1.9944
2026-04-15 16:20:36,673 [INFO]   Episode 140/171, Final Loss: 2.0203
2026-04-15 16:21:10,067 [INFO]   Episode 150/171, Final Loss: 1.9995
2026-04-15 16:21:43,510 [INFO]   Episode 160/171, Final Loss: 1.9884
2026-04-15 16:22:17,019 [INFO]   Episode 170/171, Final Loss: 1.9938
2026-04-15 16:22:17,087 [INFO]   Saved PPO training curves (171 updates)
2026-04-15 16:22:19,267 [INFO] Saved plots to /projects/paco0228/ACE/results/curc_20260415_152624/baselines/seed_271/baselines_20260415_153621
2026-04-15 16:22:19,274 [INFO] 
Results saved to /projects/paco0228/ACE/results/curc_20260415_152624/baselines/seed_271/baselines_20260415_153621
