2026-04-15 15:39:03,836 [INFO] 
==================================================
2026-04-15 15:39:03,836 [INFO] Running RANDOM baseline...
2026-04-15 15:39:03,836 [INFO] ==================================================
2026-04-15 15:39:16,914 [INFO]   Episode 0/171, Final Loss: 2.1016
2026-04-15 15:39:51,256 [INFO]   Episode 10/171, Final Loss: 2.0962
2026-04-15 15:40:25,597 [INFO]   Episode 20/171, Final Loss: 2.0998
2026-04-15 15:41:00,103 [INFO]   Episode 30/171, Final Loss: 2.1367
2026-04-15 15:41:34,617 [INFO]   Episode 40/171, Final Loss: 2.0840
2026-04-15 15:42:08,952 [INFO]   Episode 50/171, Final Loss: 2.2165
2026-04-15 15:42:43,365 [INFO]   Episode 60/171, Final Loss: 2.1181
2026-04-15 15:43:17,664 [INFO]   Episode 70/171, Final Loss: 2.1061
2026-04-15 15:43:52,045 [INFO]   Episode 80/171, Final Loss: 2.0995
2026-04-15 15:44:26,313 [INFO]   Episode 90/171, Final Loss: 2.0796
2026-04-15 15:45:00,734 [INFO]   Episode 100/171, Final Loss: 2.1769
2026-04-15 15:45:34,983 [INFO]   Episode 110/171, Final Loss: 2.1988
2026-04-15 15:46:09,418 [INFO]   Episode 120/171, Final Loss: 2.1408
2026-04-15 15:46:43,796 [INFO]   Episode 130/171, Final Loss: 2.1147
2026-04-15 15:47:18,188 [INFO]   Episode 140/171, Final Loss: 2.0775
2026-04-15 15:47:52,548 [INFO]   Episode 150/171, Final Loss: 2.2234
2026-04-15 15:48:26,892 [INFO]   Episode 160/171, Final Loss: 2.0773
2026-04-15 15:49:01,118 [INFO]   Episode 170/171, Final Loss: 2.0908
2026-04-15 15:49:01,358 [INFO] 
==================================================
2026-04-15 15:49:01,358 [INFO] Running ROUND_ROBIN baseline...
2026-04-15 15:49:01,358 [INFO] ==================================================
2026-04-15 15:49:04,801 [INFO]   Episode 0/171, Final Loss: 2.0081
2026-04-15 15:49:39,205 [INFO]   Episode 10/171, Final Loss: 2.0389
2026-04-15 15:50:13,540 [INFO]   Episode 20/171, Final Loss: 1.9691
2026-04-15 15:50:47,856 [INFO]   Episode 30/171, Final Loss: 2.0110
2026-04-15 15:51:22,342 [INFO]   Episode 40/171, Final Loss: 2.0264
2026-04-15 15:51:56,738 [INFO]   Episode 50/171, Final Loss: 2.0311
2026-04-15 15:52:31,049 [INFO]   Episode 60/171, Final Loss: 1.9766
2026-04-15 15:53:05,425 [INFO]   Episode 70/171, Final Loss: 2.1049
2026-04-15 15:53:39,815 [INFO]   Episode 80/171, Final Loss: 1.9663
2026-04-15 15:54:14,203 [INFO]   Episode 90/171, Final Loss: 2.0090
2026-04-15 15:54:48,634 [INFO]   Episode 100/171, Final Loss: 1.9679
2026-04-15 15:55:22,931 [INFO]   Episode 110/171, Final Loss: 2.0412
2026-04-15 15:55:57,119 [INFO]   Episode 120/171, Final Loss: 2.1044
2026-04-15 15:56:31,423 [INFO]   Episode 130/171, Final Loss: 2.0628
2026-04-15 15:57:05,671 [INFO]   Episode 140/171, Final Loss: 2.0473
2026-04-15 15:57:39,877 [INFO]   Episode 150/171, Final Loss: 2.0620
2026-04-15 15:58:14,350 [INFO]   Episode 160/171, Final Loss: 2.0841
2026-04-15 15:58:48,502 [INFO]   Episode 170/171, Final Loss: 1.9779
2026-04-15 15:58:48,848 [INFO] 
==================================================
2026-04-15 15:58:48,848 [INFO] Running MAX_VARIANCE baseline...
2026-04-15 15:58:48,848 [INFO] ==================================================
2026-04-15 15:58:55,036 [INFO]   Episode 0/171, Final Loss: 2.2046
2026-04-15 15:59:57,026 [INFO]   Episode 10/171, Final Loss: 2.1431
2026-04-15 16:00:58,149 [INFO]   Episode 20/171, Final Loss: 2.1509
2026-04-15 16:01:59,483 [INFO]   Episode 30/171, Final Loss: 2.1402
2026-04-15 16:03:00,676 [INFO]   Episode 40/171, Final Loss: 2.1500
2026-04-15 16:04:01,646 [INFO]   Episode 50/171, Final Loss: 2.1457
2026-04-15 16:05:02,179 [INFO]   Episode 60/171, Final Loss: 2.1673
2026-04-15 16:06:02,266 [INFO]   Episode 70/171, Final Loss: 2.2429
2026-04-15 16:07:02,335 [INFO]   Episode 80/171, Final Loss: 2.2689
2026-04-15 16:08:02,333 [INFO]   Episode 90/171, Final Loss: 2.1682
2026-04-15 16:09:02,299 [INFO]   Episode 100/171, Final Loss: 2.2437
2026-04-15 16:10:02,273 [INFO]   Episode 110/171, Final Loss: 2.2615
2026-04-15 16:11:02,393 [INFO]   Episode 120/171, Final Loss: 2.1616
2026-04-15 16:12:02,425 [INFO]   Episode 130/171, Final Loss: 2.1475
2026-04-15 16:13:02,507 [INFO]   Episode 140/171, Final Loss: 2.2776
2026-04-15 16:14:02,507 [INFO]   Episode 150/171, Final Loss: 2.1817
2026-04-15 16:15:02,813 [INFO]   Episode 160/171, Final Loss: 2.1352
2026-04-15 16:16:03,045 [INFO]   Episode 170/171, Final Loss: 2.1840
2026-04-15 16:16:03,259 [INFO] 
==================================================
2026-04-15 16:16:03,259 [INFO] Running PPO baseline...
2026-04-15 16:16:03,259 [INFO] ==================================================
2026-04-15 16:16:03,260 [INFO]   PPO Config: lr=0.0003, clip=0.2, epochs=4
2026-04-15 16:16:06,955 [INFO]   Episode 0/171, Final Loss: 2.0431
2026-04-15 16:16:40,784 [INFO]   Episode 10/171, Final Loss: 2.0745
2026-04-15 16:17:14,493 [INFO]   Episode 20/171, Final Loss: 2.1165
2026-04-15 16:17:48,151 [INFO]   Episode 30/171, Final Loss: 2.0891
2026-04-15 16:18:21,639 [INFO]   Episode 40/171, Final Loss: 2.1284
2026-04-15 16:18:54,891 [INFO]   Episode 50/171, Final Loss: 2.0985
2026-04-15 16:19:27,706 [INFO]   Episode 60/171, Final Loss: 2.0709
2026-04-15 16:20:00,914 [INFO]   Episode 70/171, Final Loss: 2.1159
2026-04-15 16:20:34,043 [INFO]   Episode 80/171, Final Loss: 2.0489
2026-04-15 16:21:07,267 [INFO]   Episode 90/171, Final Loss: 2.0516
2026-04-15 16:21:40,521 [INFO]   Episode 100/171, Final Loss: 2.1143
2026-04-15 16:22:13,833 [INFO]   Episode 110/171, Final Loss: 2.0667
2026-04-15 16:22:47,082 [INFO]   Episode 120/171, Final Loss: 2.0936
2026-04-15 16:23:20,478 [INFO]   Episode 130/171, Final Loss: 2.1387
2026-04-15 16:23:54,094 [INFO]   Episode 140/171, Final Loss: 2.0232
2026-04-15 16:24:27,282 [INFO]   Episode 150/171, Final Loss: 2.0794
2026-04-15 16:25:00,499 [INFO]   Episode 160/171, Final Loss: 2.1071
2026-04-15 16:25:33,443 [INFO]   Episode 170/171, Final Loss: 2.1342
2026-04-15 16:25:33,510 [INFO]   Saved PPO training curves (171 updates)
2026-04-15 16:25:35,998 [INFO] Saved plots to /projects/paco0228/ACE/results/curc_20260415_152624/baselines/seed_577/baselines_20260415_153903
2026-04-15 16:25:36,008 [INFO] 
Results saved to /projects/paco0228/ACE/results/curc_20260415_152624/baselines/seed_577/baselines_20260415_153903
