2026-04-15 15:41:38,656 [INFO] 
==================================================
2026-04-15 15:41:38,656 [INFO] Running RANDOM baseline...
2026-04-15 15:41:38,656 [INFO] ==================================================
2026-04-15 15:41:45,802 [INFO]   Episode 0/171, Final Loss: 2.2010
2026-04-15 15:42:19,779 [INFO]   Episode 10/171, Final Loss: 2.3258
2026-04-15 15:42:53,865 [INFO]   Episode 20/171, Final Loss: 2.1857
2026-04-15 15:43:27,985 [INFO]   Episode 30/171, Final Loss: 2.1411
2026-04-15 15:44:02,084 [INFO]   Episode 40/171, Final Loss: 2.1905
2026-04-15 15:44:36,111 [INFO]   Episode 50/171, Final Loss: 2.1970
2026-04-15 15:45:10,244 [INFO]   Episode 60/171, Final Loss: 2.1483
2026-04-15 15:45:44,377 [INFO]   Episode 70/171, Final Loss: 2.2097
2026-04-15 15:46:18,425 [INFO]   Episode 80/171, Final Loss: 2.1808
2026-04-15 15:46:52,332 [INFO]   Episode 90/171, Final Loss: 2.1951
2026-04-15 15:47:26,256 [INFO]   Episode 100/171, Final Loss: 2.1944
2026-04-15 15:48:00,135 [INFO]   Episode 110/171, Final Loss: 2.1443
2026-04-15 15:48:33,998 [INFO]   Episode 120/171, Final Loss: 2.2167
2026-04-15 15:49:07,871 [INFO]   Episode 130/171, Final Loss: 2.1781
2026-04-15 15:49:41,727 [INFO]   Episode 140/171, Final Loss: 2.2807
2026-04-15 15:50:15,595 [INFO]   Episode 150/171, Final Loss: 2.2066
2026-04-15 15:50:49,450 [INFO]   Episode 160/171, Final Loss: 2.2075
2026-04-15 15:51:23,267 [INFO]   Episode 170/171, Final Loss: 2.2099
2026-04-15 15:51:23,551 [INFO] 
==================================================
2026-04-15 15:51:23,552 [INFO] Running ROUND_ROBIN baseline...
2026-04-15 15:51:23,552 [INFO] ==================================================
2026-04-15 15:51:26,943 [INFO]   Episode 0/171, Final Loss: 2.0105
2026-04-15 15:52:00,868 [INFO]   Episode 10/171, Final Loss: 2.1445
2026-04-15 15:52:34,794 [INFO]   Episode 20/171, Final Loss: 2.0422
2026-04-15 15:53:08,610 [INFO]   Episode 30/171, Final Loss: 2.0518
2026-04-15 15:53:42,524 [INFO]   Episode 40/171, Final Loss: 2.0963
2026-04-15 15:54:16,394 [INFO]   Episode 50/171, Final Loss: 2.0262
2026-04-15 15:54:50,215 [INFO]   Episode 60/171, Final Loss: 2.0501
2026-04-15 15:55:24,147 [INFO]   Episode 70/171, Final Loss: 2.0301
2026-04-15 15:55:58,264 [INFO]   Episode 80/171, Final Loss: 2.1396
2026-04-15 15:56:32,379 [INFO]   Episode 90/171, Final Loss: 2.0574
2026-04-15 15:57:06,543 [INFO]   Episode 100/171, Final Loss: 2.0487
2026-04-15 15:57:40,711 [INFO]   Episode 110/171, Final Loss: 2.1088
2026-04-15 15:58:14,752 [INFO]   Episode 120/171, Final Loss: 2.0225
2026-04-15 15:58:48,635 [INFO]   Episode 130/171, Final Loss: 2.0360
2026-04-15 15:59:22,518 [INFO]   Episode 140/171, Final Loss: 2.0279
2026-04-15 15:59:56,387 [INFO]   Episode 150/171, Final Loss: 2.1427
2026-04-15 16:00:30,261 [INFO]   Episode 160/171, Final Loss: 2.0194
2026-04-15 16:01:04,167 [INFO]   Episode 170/171, Final Loss: 2.0877
2026-04-15 16:01:04,248 [INFO] 
==================================================
2026-04-15 16:01:04,248 [INFO] Running MAX_VARIANCE baseline...
2026-04-15 16:01:04,248 [INFO] ==================================================
2026-04-15 16:01:10,403 [INFO]   Episode 0/171, Final Loss: 2.0135
2026-04-15 16:02:11,764 [INFO]   Episode 10/171, Final Loss: 1.9057
2026-04-15 16:03:13,146 [INFO]   Episode 20/171, Final Loss: 1.9355
2026-04-15 16:04:14,254 [INFO]   Episode 30/171, Final Loss: 1.9338
2026-04-15 16:05:15,408 [INFO]   Episode 40/171, Final Loss: 1.9241
2026-04-15 16:06:16,688 [INFO]   Episode 50/171, Final Loss: 1.9442
2026-04-15 16:07:18,390 [INFO]   Episode 60/171, Final Loss: 1.9867
2026-04-15 16:08:19,731 [INFO]   Episode 70/171, Final Loss: 1.9117
2026-04-15 16:09:20,941 [INFO]   Episode 80/171, Final Loss: 2.0083
2026-04-15 16:10:22,164 [INFO]   Episode 90/171, Final Loss: 2.0063
2026-04-15 16:11:23,479 [INFO]   Episode 100/171, Final Loss: 1.9039
2026-04-15 16:12:24,849 [INFO]   Episode 110/171, Final Loss: 2.0005
2026-04-15 16:13:25,992 [INFO]   Episode 120/171, Final Loss: 1.9242
2026-04-15 16:14:27,243 [INFO]   Episode 130/171, Final Loss: 1.9804
2026-04-15 16:15:28,359 [INFO]   Episode 140/171, Final Loss: 2.0263
2026-04-15 16:16:31,320 [INFO]   Episode 150/171, Final Loss: 2.0342
2026-04-15 16:17:31,555 [INFO]   Episode 160/171, Final Loss: 1.9290
2026-04-15 16:18:31,885 [INFO]   Episode 170/171, Final Loss: 1.9166
2026-04-15 16:18:31,963 [INFO] 
==================================================
2026-04-15 16:18:31,964 [INFO] Running PPO baseline...
2026-04-15 16:18:31,964 [INFO] ==================================================
2026-04-15 16:18:31,965 [INFO]   PPO Config: lr=0.0003, clip=0.2, epochs=4
2026-04-15 16:18:35,449 [INFO]   Episode 0/171, Final Loss: 2.0875
2026-04-15 16:19:09,397 [INFO]   Episode 10/171, Final Loss: 2.0822
2026-04-15 16:19:43,352 [INFO]   Episode 20/171, Final Loss: 2.0535
2026-04-15 16:20:17,303 [INFO]   Episode 30/171, Final Loss: 2.0427
2026-04-15 16:20:51,003 [INFO]   Episode 40/171, Final Loss: 2.0547
2026-04-15 16:21:24,820 [INFO]   Episode 50/171, Final Loss: 2.0996
2026-04-15 16:21:58,593 [INFO]   Episode 60/171, Final Loss: 2.0647
2026-04-15 16:22:32,328 [INFO]   Episode 70/171, Final Loss: 2.0413
2026-04-15 16:23:05,830 [INFO]   Episode 80/171, Final Loss: 2.1056
2026-04-15 16:23:39,095 [INFO]   Episode 90/171, Final Loss: 2.0744
2026-04-15 16:24:12,648 [INFO]   Episode 100/171, Final Loss: 2.0300
2026-04-15 16:24:46,218 [INFO]   Episode 110/171, Final Loss: 2.0840
2026-04-15 16:25:20,016 [INFO]   Episode 120/171, Final Loss: 2.0853
2026-04-15 16:25:53,620 [INFO]   Episode 130/171, Final Loss: 2.0585
2026-04-15 16:26:27,284 [INFO]   Episode 140/171, Final Loss: 2.0586
2026-04-15 16:27:00,974 [INFO]   Episode 150/171, Final Loss: 2.1322
2026-04-15 16:27:34,882 [INFO]   Episode 160/171, Final Loss: 2.0957
2026-04-15 16:28:08,831 [INFO]   Episode 170/171, Final Loss: 2.0621
2026-04-15 16:28:09,123 [INFO]   Saved PPO training curves (171 updates)
2026-04-15 16:28:12,608 [INFO] Saved plots to /projects/paco0228/ACE/results/curc_20260415_152624/baselines/seed_618/baselines_20260415_154138
2026-04-15 16:28:12,636 [INFO] 
Results saved to /projects/paco0228/ACE/results/curc_20260415_152624/baselines/seed_618/baselines_20260415_154138
