2026-04-15 15:33:40,902 [INFO] 
==================================================
2026-04-15 15:33:40,902 [INFO] Running RANDOM baseline...
2026-04-15 15:33:40,902 [INFO] ==================================================
2026-04-15 15:34:14,872 [INFO]   Episode 0/171, Final Loss: 2.1957
2026-04-15 15:34:49,421 [INFO]   Episode 10/171, Final Loss: 2.1881
2026-04-15 15:35:23,912 [INFO]   Episode 20/171, Final Loss: 2.1713
2026-04-15 15:35:58,268 [INFO]   Episode 30/171, Final Loss: 2.1916
2026-04-15 15:36:32,603 [INFO]   Episode 40/171, Final Loss: 2.1693
2026-04-15 15:37:06,749 [INFO]   Episode 50/171, Final Loss: 2.2821
2026-04-15 15:37:40,822 [INFO]   Episode 60/171, Final Loss: 2.2593
2026-04-15 15:38:14,880 [INFO]   Episode 70/171, Final Loss: 2.3087
2026-04-15 15:38:48,909 [INFO]   Episode 80/171, Final Loss: 2.2782
2026-04-15 15:39:22,913 [INFO]   Episode 90/171, Final Loss: 2.2236
2026-04-15 15:39:57,042 [INFO]   Episode 100/171, Final Loss: 2.2279
2026-04-15 15:40:31,091 [INFO]   Episode 110/171, Final Loss: 2.2886
2026-04-15 15:41:05,385 [INFO]   Episode 120/171, Final Loss: 2.1899
2026-04-15 15:41:39,651 [INFO]   Episode 130/171, Final Loss: 2.1992
2026-04-15 15:42:13,827 [INFO]   Episode 140/171, Final Loss: 2.2292
2026-04-15 15:42:48,068 [INFO]   Episode 150/171, Final Loss: 2.1847
2026-04-15 15:43:22,527 [INFO]   Episode 160/171, Final Loss: 2.1987
2026-04-15 15:43:57,260 [INFO]   Episode 170/171, Final Loss: 2.2265
2026-04-15 15:43:57,442 [INFO] 
==================================================
2026-04-15 15:43:57,442 [INFO] Running ROUND_ROBIN baseline...
2026-04-15 15:43:57,442 [INFO] ==================================================
2026-04-15 15:44:00,917 [INFO]   Episode 0/171, Final Loss: 2.1622
2026-04-15 15:44:35,554 [INFO]   Episode 10/171, Final Loss: 2.1686
2026-04-15 15:45:10,325 [INFO]   Episode 20/171, Final Loss: 2.1311
2026-04-15 15:45:45,121 [INFO]   Episode 30/171, Final Loss: 2.2443
2026-04-15 15:46:19,924 [INFO]   Episode 40/171, Final Loss: 2.1440
2026-04-15 15:46:54,683 [INFO]   Episode 50/171, Final Loss: 2.2703
2026-04-15 15:47:29,420 [INFO]   Episode 60/171, Final Loss: 2.1763
2026-04-15 15:48:04,158 [INFO]   Episode 70/171, Final Loss: 2.1405
2026-04-15 15:48:38,828 [INFO]   Episode 80/171, Final Loss: 2.2169
2026-04-15 15:49:13,616 [INFO]   Episode 90/171, Final Loss: 2.1851
2026-04-15 15:49:48,409 [INFO]   Episode 100/171, Final Loss: 2.1899
2026-04-15 15:50:23,172 [INFO]   Episode 110/171, Final Loss: 2.2262
2026-04-15 15:50:57,942 [INFO]   Episode 120/171, Final Loss: 2.1695
2026-04-15 15:51:32,670 [INFO]   Episode 130/171, Final Loss: 2.1893
2026-04-15 15:52:07,434 [INFO]   Episode 140/171, Final Loss: 2.2638
2026-04-15 15:52:42,201 [INFO]   Episode 150/171, Final Loss: 2.1141
2026-04-15 15:53:16,974 [INFO]   Episode 160/171, Final Loss: 2.2583
2026-04-15 15:53:51,721 [INFO]   Episode 170/171, Final Loss: 2.2382
2026-04-15 15:53:51,787 [INFO] 
==================================================
2026-04-15 15:53:51,787 [INFO] Running MAX_VARIANCE baseline...
2026-04-15 15:53:51,787 [INFO] ==================================================
2026-04-15 15:53:58,099 [INFO]   Episode 0/171, Final Loss: 2.1387
2026-04-15 15:55:00,561 [INFO]   Episode 10/171, Final Loss: 2.1114
2026-04-15 15:56:03,048 [INFO]   Episode 20/171, Final Loss: 2.1094
2026-04-15 15:57:05,477 [INFO]   Episode 30/171, Final Loss: 2.0287
2026-04-15 15:58:06,945 [INFO]   Episode 40/171, Final Loss: 2.0190
2026-04-15 15:59:08,510 [INFO]   Episode 50/171, Final Loss: 2.0842
2026-04-15 16:00:10,459 [INFO]   Episode 60/171, Final Loss: 2.1022
2026-04-15 16:01:12,293 [INFO]   Episode 70/171, Final Loss: 2.0306
2026-04-15 16:02:14,255 [INFO]   Episode 80/171, Final Loss: 2.1610
2026-04-15 16:03:16,437 [INFO]   Episode 90/171, Final Loss: 2.0557
2026-04-15 16:04:18,655 [INFO]   Episode 100/171, Final Loss: 2.0296
2026-04-15 16:05:21,007 [INFO]   Episode 110/171, Final Loss: 2.0396
2026-04-15 16:06:23,335 [INFO]   Episode 120/171, Final Loss: 2.0184
2026-04-15 16:07:25,644 [INFO]   Episode 130/171, Final Loss: 2.0432
2026-04-15 16:08:28,058 [INFO]   Episode 140/171, Final Loss: 2.0337
2026-04-15 16:09:30,395 [INFO]   Episode 150/171, Final Loss: 2.0552
2026-04-15 16:10:32,723 [INFO]   Episode 160/171, Final Loss: 2.0317
2026-04-15 16:11:34,932 [INFO]   Episode 170/171, Final Loss: 2.1041
2026-04-15 16:11:35,000 [INFO] 
==================================================
2026-04-15 16:11:35,000 [INFO] Running PPO baseline...
2026-04-15 16:11:35,000 [INFO] ==================================================
2026-04-15 16:11:35,001 [INFO]   PPO Config: lr=0.0003, clip=0.2, epochs=4
2026-04-15 16:11:38,926 [INFO]   Episode 0/171, Final Loss: 1.9859
2026-04-15 16:12:14,046 [INFO]   Episode 10/171, Final Loss: 2.1004
2026-04-15 16:12:48,882 [INFO]   Episode 20/171, Final Loss: 2.0780
2026-04-15 16:13:23,549 [INFO]   Episode 30/171, Final Loss: 2.1128
2026-04-15 16:13:58,110 [INFO]   Episode 40/171, Final Loss: 1.9912
2026-04-15 16:14:32,441 [INFO]   Episode 50/171, Final Loss: 2.0116
2026-04-15 16:15:07,044 [INFO]   Episode 60/171, Final Loss: 2.0818
2026-04-15 16:15:41,636 [INFO]   Episode 70/171, Final Loss: 2.0931
2026-04-15 16:16:16,391 [INFO]   Episode 80/171, Final Loss: 2.0094
2026-04-15 16:16:50,920 [INFO]   Episode 90/171, Final Loss: 2.0374
2026-04-15 16:17:25,574 [INFO]   Episode 100/171, Final Loss: 2.0809
2026-04-15 16:17:59,793 [INFO]   Episode 110/171, Final Loss: 2.0583
2026-04-15 16:18:34,021 [INFO]   Episode 120/171, Final Loss: 2.0851
2026-04-15 16:19:08,494 [INFO]   Episode 130/171, Final Loss: 2.1097
2026-04-15 16:19:42,245 [INFO]   Episode 140/171, Final Loss: 2.0110
2026-04-15 16:20:16,311 [INFO]   Episode 150/171, Final Loss: 2.0352
2026-04-15 16:20:50,129 [INFO]   Episode 160/171, Final Loss: 2.0219
2026-04-15 16:21:23,684 [INFO]   Episode 170/171, Final Loss: 2.1332
2026-04-15 16:21:23,795 [INFO]   Saved PPO training curves (171 updates)
2026-04-15 16:21:27,836 [INFO] Saved plots to /projects/paco0228/ACE/results/curc_20260415_152624/baselines/seed_314/baselines_20260415_153340
2026-04-15 16:21:27,897 [INFO] 
Results saved to /projects/paco0228/ACE/results/curc_20260415_152624/baselines/seed_314/baselines_20260415_153340
